#
# There is insufficient memory for the Java Runtime Environment to continue.
# Native memory allocation (malloc) failed to allocate 953376 bytes. Error detail: Chunk::new
# Possible reasons:
#   The system is out of physical RAM or swap space
#   This process is running with CompressedOops enabled, and the Java Heap may be blocking the growth of the native heap
# Possible solutions:
#   Reduce memory load on the system
#   Increase physical memory or swap space
#   Check if swap backing store is full
#   Decrease Java heap size (-Xmx/-Xms)
#   Decrease number of Java threads
#   Decrease Java thread stack sizes (-Xss)
#   Set larger code cache with -XX:ReservedCodeCacheSize=
#   JVM is running with Unscaled Compressed Oops mode in which the Java heap is
#     placed in the first 4GB address space. The Java Heap base address is the
#     maximum limit for the native heap growth. Please use -XX:HeapBaseMinAddress
#     to set the Java Heap base and to place the Java Heap above 4GB virtual address.
# This output file may be truncated or incomplete.
#
#  Out of Memory Error (arena.cpp:191), pid=29316, tid=21440
#
# JRE version: OpenJDK Runtime Environment Microsoft-13877129 (17.0.19+10) (build 17.0.19+10-LTS)
# Java VM: OpenJDK 64-Bit Server VM Microsoft-13877129 (17.0.19+10-LTS, mixed mode, sharing, tiered, compressed oops, compressed class ptrs, serial gc, windows-amd64)
# No core dump will be written. Minidumps are not enabled by default on client versions of Windows
#

---------------  S U M M A R Y ------------

Command Line: --add-opens=java.base/java.lang=ALL-UNNAMED --add-opens=java.base/java.lang.invoke=ALL-UNNAMED --add-opens=java.base/java.util=ALL-UNNAMED --add-opens=java.prefs/java.util.prefs=ALL-UNNAMED --add-exports=jdk.compiler/com.sun.tools.javac.api=ALL-UNNAMED --add-exports=jdk.compiler/com.sun.tools.javac.util=ALL-UNNAMED --add-opens=java.base/java.util=ALL-UNNAMED --add-opens=java.prefs/java.util.prefs=ALL-UNNAMED --add-opens=java.base/java.nio.charset=ALL-UNNAMED --add-opens=java.base/java.net=ALL-UNNAMED --add-opens=java.base/java.util.concurrent=ALL-UNNAMED --add-opens=java.base/java.util.concurrent.atomic=ALL-UNNAMED --add-opens=java.xml/javax.xml.namespace=ALL-UNNAMED --add-opens=java.base/java.time=ALL-UNNAMED -XX:MaxMetaspaceSize=384m -XX:ReservedCodeCacheSize=128m -XX:+UseSerialGC -XX:HeapBaseMinAddress=2g -Xmx1792m -Dfile.encoding=UTF-8 -Duser.country=US -Duser.language=en -Duser.variant -javaagent:C:\Users\prath\.gradle\wrapper\dists\gradle-9.3.1-bin\23ovyewtku6u96viwx3xl3oks\gradle-9.3.1\lib\agents\gradle-instrumentation-agent-9.3.1.jar org.gradle.launcher.daemon.bootstrap.GradleDaemon 9.3.1

Host: AMD Ryzen 5 5500U with Radeon Graphics         , 12 cores, 5G,  Windows 11 , 64 bit Build 26100 (10.0.26100.8737)
Time: Sun Jul  5 11:16:02 2026 India Standard Time elapsed time: 70.160919 seconds (0d 0h 1m 10s)

---------------  T H R E A D  ---------------

Current thread (0x000002d7b7fe6e90):  JavaThread "C2 CompilerThread0" daemon [_thread_in_native, id=21440, stack(0x000000e56bd00000,0x000000e56be00000)]


Current CompileTask:
C2:70161 11828   !   4       java.lang.reflect.Executable::declaredAnnotations (85 bytes)

Stack: [0x000000e56bd00000,0x000000e56be00000]
Native frames: (J=compiled Java code, j=interpreted, Vv=VM code, C=native code)
V  [jvm.dll+0x68cc89]  (no source info available)
V  [jvm.dll+0x845d89]  (no source info available)
V  [jvm.dll+0x847af8]  (no source info available)
V  [jvm.dll+0x848183]  (no source info available)
V  [jvm.dll+0x24d0bf]  (no source info available)
V  [jvm.dll+0xaed56]  (no source info available)
V  [jvm.dll+0xaf3fc]  (no source info available)
V  [jvm.dll+0x2b4cdf]  (no source info available)
V  [jvm.dll+0x594a44]  (no source info available)
V  [jvm.dll+0x226ed4]  (no source info available)
V  [jvm.dll+0x2272dd]  (no source info available)
V  [jvm.dll+0x220233]  (no source info available)
V  [jvm.dll+0x21d305]  (no source info available)
V  [jvm.dll+0x1a8db6]  (no source info available)
V  [jvm.dll+0x22dc6b]  (no source info available)
V  [jvm.dll+0x22bdf6]  (no source info available)
V  [jvm.dll+0x7fbecb]  (no source info available)
V  [jvm.dll+0x7f62cc]  (no source info available)
V  [jvm.dll+0x68e227]  (no source info available)
C  [ucrtbase.dll+0x2cd30]  (no source info available)
C  [KERNEL32.DLL+0x2e957]  (no source info available)
C  [ntdll.dll+0xaad6c]  (no source info available)


---------------  P R O C E S S  ---------------

Threads class SMR info:
_java_thread_list=0x000002d7e53a65f0, length=79, elements={
0x000002d7b7f43190, 0x000002d7b7fb9a00, 0x000002d7b7fbd470, 0x000002d7b7fd2e30,
0x000002d7b7fd4710, 0x000002d7b7fd7300, 0x000002d7c7bcd720, 0x000002d7b7fe6e90,
0x000002d7b7feb280, 0x000002d7b7fed650, 0x000002d7c7ca07b0, 0x000002d7e1126730,
0x000002d7e296dc50, 0x000002d7e2b152f0, 0x000002d7c7c65330, 0x000002d7e1095840,
0x000002d7e1c410b0, 0x000002d7e1173200, 0x000002d7e1171dc0, 0x000002d7e11727e0,
0x000002d7e11722d0, 0x000002d7e1172cf0, 0x000002d7e13b9990, 0x000002d7e13b9ea0,
0x000002d7e13ba3b0, 0x000002d7e13b9480, 0x000002d7e13b8040, 0x000002d7e13b7110,
0x000002d7e13ba8c0, 0x000002d7e13b7b30, 0x000002d7e13b7620, 0x000002d7e13bbd00,
0x000002d7e13b8550, 0x000002d7e13bb2e0, 0x000002d7e13bc210, 0x000002d7e13bb7f0,
0x000002d7e13b8a60, 0x000002d7e13bc720, 0x000002d7e13bcc30, 0x000002d7e13bdb60,
0x000002d7e13be580, 0x000002d7e13bd140, 0x000002d7e13be070, 0x000002d7e3fdb590,
0x000002d7e3fdb080, 0x000002d7e3fd9220, 0x000002d7e3fdbaa0, 0x000002d7e3fd82f0,
0x000002d7e3fd9730, 0x000002d7e3fd9c40, 0x000002d7e3fda150, 0x000002d7e3fdbfb0,
0x000002d7e3fdc4c0, 0x000002d7e3fd8d10, 0x000002d7e3fde320, 0x000002d7e3fdf250,
0x000002d7e3fdc9d0, 0x000002d7e3fdcee0, 0x000002d7e3fdd3f0, 0x000002d7e3fdde10,
0x000002d7e3fdd900, 0x000002d7e3fde830, 0x000002d7e3fded40, 0x000002d7e3fdf760,
0x000002d7e32fc8e0, 0x000002d7e32fcdf0, 0x000002d7e32fa060, 0x000002d7e32fbec0,
0x000002d7e32fb4a0, 0x000002d7e32faf90, 0x000002d7e32fd300, 0x000002d7e32fa570,
0x000002d7e32faa80, 0x000002d7e13b8f70, 0x000002d7c7cc1b90, 0x000002d7c7cc2ac0,
0x000002d7c7cc25b0, 0x000002d7c7cc0750, 0x000002d7c7cc0240
}

Java Threads: ( => current thread )
  0x000002d7b7f43190 JavaThread "main" [_thread_blocked, id=18380, stack(0x000000e56b500000,0x000000e56b600000)]
  0x000002d7b7fb9a00 JavaThread "Reference Handler" daemon [_thread_blocked, id=4904, stack(0x000000e56b700000,0x000000e56b800000)]
  0x000002d7b7fbd470 JavaThread "Finalizer" daemon [_thread_blocked, id=21652, stack(0x000000e56b800000,0x000000e56b900000)]
  0x000002d7b7fd2e30 JavaThread "Signal Dispatcher" daemon [_thread_blocked, id=13164, stack(0x000000e56b900000,0x000000e56ba00000)]
  0x000002d7b7fd4710 JavaThread "Attach Listener" daemon [_thread_blocked, id=28572, stack(0x000000e56ba00000,0x000000e56bb00000)]
  0x000002d7b7fd7300 JavaThread "Service Thread" daemon [_thread_blocked, id=29332, stack(0x000000e56bb00000,0x000000e56bc00000)]
  0x000002d7c7bcd720 JavaThread "Monitor Deflation Thread" daemon [_thread_blocked, id=20896, stack(0x000000e56bc00000,0x000000e56bd00000)]
=>0x000002d7b7fe6e90 JavaThread "C2 CompilerThread0" daemon [_thread_in_native, id=21440, stack(0x000000e56bd00000,0x000000e56be00000)]
  0x000002d7b7feb280 JavaThread "C1 CompilerThread0" daemon [_thread_blocked, id=29372, stack(0x000000e56be00000,0x000000e56bf00000)]
  0x000002d7b7fed650 JavaThread "Sweeper thread" daemon [_thread_blocked, id=2520, stack(0x000000e56bf00000,0x000000e56c000000)]
  0x000002d7c7ca07b0 JavaThread "Common-Cleaner" daemon [_thread_blocked, id=15072, stack(0x000000e56c000000,0x000000e56c100000)]
  0x000002d7e1126730 JavaThread "Notification Thread" daemon [_thread_blocked, id=5256, stack(0x000000e56c100000,0x000000e56c200000)]
  0x000002d7e296dc50 JavaThread "Daemon health stats" [_thread_blocked, id=23132, stack(0x000000e56c300000,0x000000e56c400000)]
  0x000002d7e2b152f0 JavaThread "Incoming local TCP Connector on port 63612" [_thread_in_native, id=16028, stack(0x000000e56c400000,0x000000e56c500000)]
  0x000002d7c7c65330 JavaThread "Daemon periodic checks" [_thread_blocked, id=17940, stack(0x000000e56c500000,0x000000e56c600000)]
  0x000002d7e1095840 JavaThread "Daemon" [_thread_blocked, id=11364, stack(0x000000e56c600000,0x000000e56c700000)]
  0x000002d7e1c410b0 JavaThread "Handler for socket connection from /127.0.0.1:63612 to /127.0.0.1:63613" [_thread_in_native, id=14920, stack(0x000000e56c700000,0x000000e56c800000)]
  0x000002d7e1173200 JavaThread "Cancel handler" [_thread_blocked, id=22068, stack(0x000000e56c800000,0x000000e56c900000)]
  0x000002d7e1171dc0 JavaThread "Daemon worker" [_thread_in_vm, id=30136, stack(0x000000e56c900000,0x000000e56ca00000)]
  0x000002d7e11727e0 JavaThread "Asynchronous log dispatcher for DefaultDaemonConnection: socket connection from /127.0.0.1:63612 to /127.0.0.1:63613" [_thread_blocked, id=2984, stack(0x000000e56ca00000,0x000000e56cb00000)]
  0x000002d7e11722d0 JavaThread "Stdin handler" [_thread_blocked, id=28908, stack(0x000000e56cb00000,0x000000e56cc00000)]
  0x000002d7e1172cf0 JavaThread "Daemon client event forwarder" [_thread_blocked, id=12068, stack(0x000000e56cc00000,0x000000e56cd00000)]
  0x000002d7e13b9990 JavaThread "Cache worker for journal cache (C:\Users\prath\.gradle\caches\journal-1)" [_thread_blocked, id=5408, stack(0x000000e56cd00000,0x000000e56ce00000)]
  0x000002d7e13b9ea0 JavaThread "File lock request listener" [_thread_in_native, id=13184, stack(0x000000e56ce00000,0x000000e56cf00000)]
  0x000002d7e13ba3b0 JavaThread "Cache worker for file hash cache (C:\Users\prath\.gradle\caches\9.3.1\fileHashes)" [_thread_blocked, id=23052, stack(0x000000e56cf00000,0x000000e56d000000)]
  0x000002d7e13b9480 JavaThread "Cache worker for file hash cache (D:\Training\project-a\projectvideo-frontend\android\.gradle\9.3.1\fileHashes)" [_thread_blocked, id=22200, stack(0x000000e56d000000,0x000000e56d100000)]
  0x000002d7e13b8040 JavaThread "Cache worker for Build Output Cleanup Cache (D:\Training\project-a\projectvideo-frontend\android\.gradle\buildOutputCleanup)" [_thread_blocked, id=28472, stack(0x000000e56d100000,0x000000e56d200000)]
  0x000002d7e13b7110 JavaThread "File watcher server" daemon [_thread_in_native, id=8404, stack(0x000000e56d200000,0x000000e56d300000)]
  0x000002d7e13ba8c0 JavaThread "File watcher consumer" daemon [_thread_blocked, id=10780, stack(0x000000e56d300000,0x000000e56d400000)]
  0x000002d7e13b7b30 JavaThread "Cache worker for checksums cache (D:\Training\project-a\projectvideo-frontend\android\.gradle\9.3.1\checksums)" [_thread_blocked, id=30504, stack(0x000000e56d400000,0x000000e56d500000)]
  0x000002d7e13b7620 JavaThread "Cache worker for file content cache (C:\Users\prath\.gradle\caches\9.3.1\fileContent)" [_thread_blocked, id=24996, stack(0x000000e56d500000,0x000000e56d600000)]
  0x000002d7e13bbd00 JavaThread "Cache worker for cache directory md-supplier (C:\Users\prath\.gradle\caches\9.3.1\md-supplier)" [_thread_blocked, id=20592, stack(0x000000e56d600000,0x000000e56d700000)]
  0x000002d7e13b8550 JavaThread "Cache worker for cache directory md-rule (C:\Users\prath\.gradle\caches\9.3.1\md-rule)" [_thread_blocked, id=19300, stack(0x000000e56d700000,0x000000e56d800000)]
  0x000002d7e13bb2e0 JavaThread "jar transforms" [_thread_blocked, id=28760, stack(0x000000e56d800000,0x000000e56d900000)]
  0x000002d7e13bc210 JavaThread "Cache worker for Build Output Cleanup Cache (D:\Training\project-a\projectvideo-frontend\node_modules\@react-native\gradle-plugin\.gradle\buildOutputCleanup)" [_thread_blocked, id=13236, stack(0x000000e56d900000,0x000000e56da00000)]
  0x000002d7e13bb7f0 JavaThread "Unconstrained build operations" [_thread_blocked, id=27840, stack(0x000000e56da00000,0x000000e56db00000)]
  0x000002d7e13b8a60 JavaThread "Unconstrained build operations Thread 2" [_thread_blocked, id=29040, stack(0x000000e56db00000,0x000000e56dc00000)]
  0x000002d7e13bc720 JavaThread "Unconstrained build operations Thread 3" [_thread_blocked, id=25628, stack(0x000000e56dc00000,0x000000e56dd00000)]
  0x000002d7e13bcc30 JavaThread "Unconstrained build operations Thread 4" [_thread_blocked, id=28404, stack(0x000000e56dd00000,0x000000e56de00000)]
  0x000002d7e13bdb60 JavaThread "Unconstrained build operations Thread 5" [_thread_blocked, id=29264, stack(0x000000e56de00000,0x000000e56df00000)]
  0x000002d7e13be580 JavaThread "Unconstrained build operations Thread 6" [_thread_blocked, id=25196, stack(0x000000e56df00000,0x000000e56e000000)]
  0x000002d7e13bd140 JavaThread "build event listener" [_thread_blocked, id=16572, stack(0x000000e56e000000,0x000000e56e100000)]
  0x000002d7e13be070 JavaThread "Memory manager" [_thread_blocked, id=21336, stack(0x000000e56e100000,0x000000e56e200000)]
  0x000002d7e3fdb590 JavaThread "Problems report writer" [_thread_blocked, id=19092, stack(0x000000e56e200000,0x000000e56e300000)]
  0x000002d7e3fdb080 JavaThread "ForkJoinPool.commonPool-worker-1" daemon [_thread_blocked, id=10152, stack(0x000000e56e300000,0x000000e56e400000)]
  0x000002d7e3fd9220 JavaThread "ForkJoinPool.commonPool-worker-2" daemon [_thread_blocked, id=30096, stack(0x000000e56e400000,0x000000e56e500000)]
  0x000002d7e3fdbaa0 JavaThread "ForkJoinPool.commonPool-worker-3" daemon [_thread_blocked, id=18660, stack(0x000000e56e500000,0x000000e56e600000)]
  0x000002d7e3fd82f0 JavaThread "ForkJoinPool.commonPool-worker-4" daemon [_thread_blocked, id=11684, stack(0x000000e56e600000,0x000000e56e700000)]
  0x000002d7e3fd9730 JavaThread "ForkJoinPool.commonPool-worker-5" daemon [_thread_blocked, id=29088, stack(0x000000e56e700000,0x000000e56e800000)]
  0x000002d7e3fd9c40 JavaThread "ForkJoinPool.commonPool-worker-6" daemon [_thread_blocked, id=2488, stack(0x000000e56e800000,0x000000e56e900000)]
  0x000002d7e3fda150 JavaThread "ForkJoinPool.commonPool-worker-7" daemon [_thread_blocked, id=26096, stack(0x000000e56e900000,0x000000e56ea00000)]
  0x000002d7e3fdbfb0 JavaThread "ForkJoinPool.commonPool-worker-8" daemon [_thread_blocked, id=25928, stack(0x000000e56ea00000,0x000000e56eb00000)]
  0x000002d7e3fdc4c0 JavaThread "ForkJoinPool.commonPool-worker-9" daemon [_thread_blocked, id=26732, stack(0x000000e56eb00000,0x000000e56ec00000)]
  0x000002d7e3fd8d10 JavaThread "ForkJoinPool.commonPool-worker-11" daemon [_thread_blocked, id=28984, stack(0x000000e56ec00000,0x000000e56ed00000)]
  0x000002d7e3fde320 JavaThread "ForkJoinPool.commonPool-worker-10" daemon [_thread_blocked, id=26192, stack(0x000000e56ed00000,0x000000e56ee00000)]
  0x000002d7e3fdf250 JavaThread "Exec process" daemon [_thread_blocked, id=24724, stack(0x000000e56ee00000,0x000000e56ef00000)]
  0x000002d7e3fdc9d0 JavaThread "Exec process Thread 2" daemon [_thread_blocked, id=30676, stack(0x000000e56ef00000,0x000000e56f000000)]
  0x000002d7e3fdcee0 JavaThread "Exec process Thread 3" daemon [_thread_blocked, id=19008, stack(0x000000e56f000000,0x000000e56f100000)]
  0x000002d7e3fdd3f0 JavaThread "included builds" [_thread_blocked, id=24296, stack(0x000000e56f100000,0x000000e56f200000)]
  0x000002d7e3fdde10 JavaThread "Execution worker" [_thread_blocked, id=13740, stack(0x000000e56f200000,0x000000e56f300000)]
  0x000002d7e3fdd900 JavaThread "Cache worker for execution history cache (D:\Training\project-a\projectvideo-frontend\node_modules\@react-native\gradle-plugin\.gradle\9.3.1\executionHistory)" [_thread_blocked, id=22152, stack(0x000000e56f300000,0x000000e56f400000)]
  0x000002d7e3fde830 JavaThread "Unconstrained build operations Thread 7" [_thread_blocked, id=29992, stack(0x000000e56f400000,0x000000e56f500000)]
  0x000002d7e3fded40 JavaThread "Unconstrained build operations Thread 8" [_thread_blocked, id=28152, stack(0x000000e56f500000,0x000000e56f600000)]
  0x000002d7e3fdf760 JavaThread "Unconstrained build operations Thread 9" [_thread_blocked, id=15256, stack(0x000000e56f600000,0x000000e56f700000)]
  0x000002d7e32fc8e0 JavaThread "Unconstrained build operations Thread 10" [_thread_blocked, id=16684, stack(0x000000e56f700000,0x000000e56f800000)]
  0x000002d7e32fcdf0 JavaThread "Unconstrained build operations Thread 11" [_thread_blocked, id=26788, stack(0x000000e56f800000,0x000000e56f900000)]
  0x000002d7e32fa060 JavaThread "Unconstrained build operations Thread 12" [_thread_blocked, id=5216, stack(0x000000e56f900000,0x000000e56fa00000)]
  0x000002d7e32fbec0 JavaThread "Unconstrained build operations Thread 13" [_thread_blocked, id=17460, stack(0x000000e56fa00000,0x000000e56fb00000)]
  0x000002d7e32fb4a0 JavaThread "Unconstrained build operations Thread 14" [_thread_blocked, id=19104, stack(0x000000e56fb00000,0x000000e56fc00000)]
  0x000002d7e32faf90 JavaThread "jar transforms Thread 2" [_thread_blocked, id=2772, stack(0x000000e56fe00000,0x000000e56ff00000)]
  0x000002d7e32fd300 JavaThread "jar transforms Thread 3" [_thread_blocked, id=30240, stack(0x000000e56ff00000,0x000000e570000000)]
  0x000002d7e32fa570 JavaThread "Unconstrained build operations Thread 15" [_thread_blocked, id=25588, stack(0x000000e570000000,0x000000e570100000)]
  0x000002d7e32faa80 JavaThread "Unconstrained build operations Thread 16" [_thread_blocked, id=23056, stack(0x000000e570100000,0x000000e570200000)]
  0x000002d7e13b8f70 JavaThread "Unconstrained build operations Thread 17" [_thread_blocked, id=21756, stack(0x000000e570200000,0x000000e570300000)]
  0x000002d7c7cc1b90 JavaThread "Unconstrained build operations Thread 18" [_thread_blocked, id=2368, stack(0x000000e570300000,0x000000e570400000)]
  0x000002d7c7cc2ac0 JavaThread "Unconstrained build operations Thread 19" [_thread_blocked, id=12872, stack(0x000000e570400000,0x000000e570500000)]
  0x000002d7c7cc25b0 JavaThread "jar transforms Thread 4" [_thread_blocked, id=3408, stack(0x000000e570500000,0x000000e570600000)]
  0x000002d7c7cc0750 JavaThread "jar transforms Thread 5" [_thread_blocked, id=5144, stack(0x000000e570600000,0x000000e570700000)]
  0x000002d7c7cc0240 JavaThread "jar transforms Thread 6" [_thread_blocked, id=12904, stack(0x000000e570700000,0x000000e570800000)]

Other Threads:
  0x000002d7b7fb3330 VMThread "VM Thread" [stack: 0x000000e56b600000,0x000000e56b700000] [id=3980]
  0x000002d7e107dbd0 WatcherThread [stack: 0x000000e56c200000,0x000000e56c300000] [id=7632]

Threads with active compile tasks:
C2 CompilerThread0  70267 11828   !   4       java.lang.reflect.Executable::declaredAnnotations (85 bytes)

VM state: not at safepoint (normal execution)

VM Mutex/Monitor currently owned by a thread:  ([mutex/lock_event])
[0x000002d7b5b04d90] Metaspace_lock - owner thread: 0x000002d7e1171dc0

Heap address: 0x0000000080000000, size: 1792 MB, Compressed Oops mode: 32-bit

CDS archive(s) mapped at: [0x000002d7c8000000-0x000002d7c8bb0000-0x000002d7c8bb0000), size 12255232, SharedBaseAddress: 0x000002d7c8000000, ArchiveRelocationMode: 1.
Compressed class space mapped at: 0x000002d7c9000000-0x000002d7dd000000, reserved size: 335544320
Narrow klass base: 0x000002d7c8000000, Narrow klass shift: 0, Narrow klass range: 0x100000000

GC Precious Log:
 CPUs: 12 total, 12 available
 Memory: 5989M
 Large Page Support: Disabled
 NUMA Support: Disabled
 Compressed Oops: Enabled (32-bit)
 Heap Min Capacity: 8M
 Heap Initial Capacity: 94M
 Heap Max Capacity: 1792M
 Pre-touch: Disabled

Heap:
 def new generation   total 60480K, used 34220K [0x0000000080000000, 0x00000000841a0000, 0x00000000a5550000)
  eden space 53760K,  55% used [0x0000000080000000, 0x0000000081cec138, 0x0000000083480000)
  from space 6720K,  68% used [0x0000000083b10000, 0x0000000083f8f0e0, 0x00000000841a0000)
  to   space 6720K,   0% used [0x0000000083480000, 0x0000000083480000, 0x0000000083b10000)
 tenured generation   total 133796K, used 80277K [0x00000000a5550000, 0x00000000ad7f9000, 0x00000000f0000000)
   the space 133796K,  59% used [0x00000000a5550000, 0x00000000aa3b5428, 0x00000000aa3b5600, 0x00000000ad7f9000)
 Metaspace       used 83396K, committed 84416K, reserved 458752K
  class space    used 11622K, committed 12096K, reserved 327680K

Card table byte_map: [0x000002d7b77f0000,0x000002d7b7b80000] _byte_map_base: 0x000002d7b73f0000

Polling page: 0x000002d7b5d10000

Metaspace:

Usage:
  Non-class:     70.09 MB used.
      Class:     11.35 MB used.
       Both:     81.44 MB used.

Virtual space:
  Non-class space:      128.00 MB reserved,      70.62 MB ( 55%) committed,  2 nodes.
      Class space:      320.00 MB reserved,      11.81 MB (  4%) committed,  1 nodes.
             Both:      448.00 MB reserved,      82.44 MB ( 18%) committed. 

Chunk freelists:
   Non-Class:  9.17 MB
       Class:  4.01 MB
        Both:  13.18 MB

MaxMetaspaceSize: 384.00 MB
CompressedClassSpaceSize: 320.00 MB
Initial GC threshold: 21.00 MB
Current GC threshold: 127.94 MB
CDS: on
MetaspaceReclaimPolicy: balanced
 - commit_granule_bytes: 65536.
 - commit_granule_words: 8192.
 - virtual_space_node_default_size: 8388608.
 - enlarge_chunks_in_place: 1.
 - new_chunks_are_fully_committed: 0.
 - uncommit_free_chunks: 1.
 - use_allocation_guard: 0.
 - handle_deallocations: 1.


Internal statistics:

num_allocs_failed_limit: 9.
num_arena_births: 1542.
num_arena_deaths: 0.
num_vsnodes_births: 3.
num_vsnodes_deaths: 0.
num_space_committed: 1319.
num_space_uncommitted: 0.
num_chunks_returned_to_freelist: 9.
num_chunks_taken_from_freelist: 5354.
num_chunk_merges: 9.
num_chunk_splits: 3415.
num_chunks_enlarged: 2105.
num_inconsistent_stats: 0.

CodeCache: size=131072Kb used=25155Kb max_used=26419Kb free=105916Kb
 bounds [0x000002d7bfad0000, 0x000002d7c14a0000, 0x000002d7c7ad0000]
 total_blobs=10867 nmethods=10050 adapters=731
 compilation: enabled
              stopped_count=0, restarted_count=0
 full_count=0

Compilation events (20 events):
Event: 62.867 Thread 0x000002d7b7feb280 11861       3       java.lang.invoke.MethodHandles::insertArgumentsChecks (51 bytes)
Event: 62.868 Thread 0x000002d7b7feb280 nmethod 11861 0x000002d7bfcd8690 code [0x000002d7bfcd8880, 0x000002d7bfcd8d78]
Event: 63.123 Thread 0x000002d7b7feb280 11862       1       com.sun.management.internal.PlatformMBeanProviderImpl$2::mbeanInterfaceNames (5 bytes)
Event: 63.124 Thread 0x000002d7b7feb280 nmethod 11862 0x000002d7c0432090 code [0x000002d7c0432220, 0x000002d7c04322f8]
Event: 64.125 Thread 0x000002d7b7feb280 11863       1       java.lang.management.DefaultPlatformMBeanProvider$7::mbeanInterfaceNames (5 bytes)
Event: 64.125 Thread 0x000002d7b7feb280 nmethod 11863 0x000002d7c050e310 code [0x000002d7c050e4a0, 0x000002d7c050e578]
Event: 64.125 Thread 0x000002d7b7feb280 11864       1       com.sun.management.internal.PlatformMBeanProviderImpl$3::mbeanInterfaceNames (5 bytes)
Event: 64.125 Thread 0x000002d7b7feb280 nmethod 11864 0x000002d7c0606e10 code [0x000002d7c0606fa0, 0x000002d7c0607078]
Event: 64.125 Thread 0x000002d7b7feb280 11865       1       java.lang.management.DefaultPlatformMBeanProvider$5::mbeanInterfaceNames (5 bytes)
Event: 64.125 Thread 0x000002d7b7feb280 nmethod 11865 0x000002d7c067b010 code [0x000002d7c067b1a0, 0x000002d7c067b278]
Event: 64.125 Thread 0x000002d7b7feb280 11866       1       java.lang.management.DefaultPlatformMBeanProvider$6::mbeanInterfaceNames (5 bytes)
Event: 64.125 Thread 0x000002d7b7feb280 nmethod 11866 0x000002d7c0760410 code [0x000002d7c07605a0, 0x000002d7c0760678]
Event: 65.116 Thread 0x000002d7b7feb280 11867       3       java.util.HashMap$HashMapSpliterator::estimateSize (11 bytes)
Event: 65.116 Thread 0x000002d7b7feb280 nmethod 11867 0x000002d7c07d5910 code [0x000002d7c07d5ac0, 0x000002d7c07d5c08]
Event: 66.081 Thread 0x000002d7b7feb280 11868       1       org.gradle.internal.concurrent.AbstractManagedExecutor::access$100 (5 bytes)
Event: 69.969 Thread 0x000002d7b7feb280 nmethod 11868 0x000002d7c0847410 code [0x000002d7c08475a0, 0x000002d7c0847658]
Event: 69.969 Thread 0x000002d7b7feb280 11869       1       org.gradle.launcher.daemon.server.health.gc.GarbageCollectionEvent::getUsage (5 bytes)
Event: 69.969 Thread 0x000002d7b7feb280 nmethod 11869 0x000002d7c0943990 code [0x000002d7c0943b20, 0x000002d7c0943bf8]
Event: 69.969 Thread 0x000002d7b7feb280 11870       1       java.lang.management.MemoryUsage::getUsed (5 bytes)
Event: 69.970 Thread 0x000002d7b7feb280 nmethod 11870 0x000002d7c09b6790 code [0x000002d7c09b6920, 0x000002d7c09b69f8]

GC Heap History (20 events):
Event: 36.047 GC heap before
{Heap before GC invocations=32 (full 3):
 def new generation   total 36032K, used 34458K [0x0000000080000000, 0x0000000082710000, 0x00000000a5550000)
  eden space 32064K, 100% used [0x0000000080000000, 0x0000000081f50000, 0x0000000081f50000)
  from space 3968K,  60% used [0x0000000081f50000, 0x00000000821a6be8, 0x0000000082330000)
  to   space 3968K,   0% used [0x0000000082330000, 0x0000000082330000, 0x0000000082710000)
 tenured generation   total 79584K, used 56591K [0x00000000a5550000, 0x00000000aa308000, 0x00000000f0000000)
   the space 79584K,  71% used [0x00000000a5550000, 0x00000000a8c93f80, 0x00000000a8c94000, 0x00000000aa308000)
 Metaspace       used 73064K, committed 74048K, reserved 393216K
  class space    used 10503K, committed 10944K, reserved 327680K
}
Event: 36.081 GC heap after
{Heap after GC invocations=33 (full 3):
 def new generation   total 36032K, used 3377K [0x0000000080000000, 0x0000000082710000, 0x00000000a5550000)
  eden space 32064K,   0% used [0x0000000080000000, 0x0000000080000000, 0x0000000081f50000)
  from space 3968K,  85% used [0x0000000082330000, 0x000000008267c5a8, 0x0000000082710000)
  to   space 3968K,   0% used [0x0000000081f50000, 0x0000000081f50000, 0x0000000082330000)
 tenured generation   total 79584K, used 58924K [0x00000000a5550000, 0x00000000aa308000, 0x00000000f0000000)
   the space 79584K,  74% used [0x00000000a5550000, 0x00000000a8edb118, 0x00000000a8edb200, 0x00000000aa308000)
 Metaspace       used 73064K, committed 74048K, reserved 393216K
  class space    used 10503K, committed 10944K, reserved 327680K
}
Event: 38.627 GC heap before
{Heap before GC invocations=33 (full 3):
 def new generation   total 36032K, used 35441K [0x0000000080000000, 0x0000000082710000, 0x00000000a5550000)
  eden space 32064K, 100% used [0x0000000080000000, 0x0000000081f50000, 0x0000000081f50000)
  from space 3968K,  85% used [0x0000000082330000, 0x000000008267c5a8, 0x0000000082710000)
  to   space 3968K,   0% used [0x0000000081f50000, 0x0000000081f50000, 0x0000000082330000)
 tenured generation   total 79584K, used 58924K [0x00000000a5550000, 0x00000000aa308000, 0x00000000f0000000)
   the space 79584K,  74% used [0x00000000a5550000, 0x00000000a8edb118, 0x00000000a8edb200, 0x00000000aa308000)
 Metaspace       used 73711K, committed 74752K, reserved 393216K
  class space    used 10522K, committed 11008K, reserved 327680K
}
Event: 38.659 GC heap after
{Heap after GC invocations=34 (full 3):
 def new generation   total 36032K, used 3058K [0x0000000080000000, 0x0000000082710000, 0x00000000a5550000)
  eden space 32064K,   0% used [0x0000000080000000, 0x0000000080000000, 0x0000000081f50000)
  from space 3968K,  77% used [0x0000000081f50000, 0x000000008224cb50, 0x0000000082330000)
  to   space 3968K,   0% used [0x0000000082330000, 0x0000000082330000, 0x0000000082710000)
 tenured generation   total 79584K, used 62253K [0x00000000a5550000, 0x00000000aa308000, 0x00000000f0000000)
   the space 79584K,  78% used [0x00000000a5550000, 0x00000000a921b4c0, 0x00000000a921b600, 0x00000000aa308000)
 Metaspace       used 73711K, committed 74752K, reserved 393216K
  class space    used 10522K, committed 11008K, reserved 327680K
}
Event: 41.833 GC heap before
{Heap before GC invocations=34 (full 3):
 def new generation   total 36032K, used 35122K [0x0000000080000000, 0x0000000082710000, 0x00000000a5550000)
  eden space 32064K, 100% used [0x0000000080000000, 0x0000000081f50000, 0x0000000081f50000)
  from space 3968K,  77% used [0x0000000081f50000, 0x000000008224cb50, 0x0000000082330000)
  to   space 3968K,   0% used [0x0000000082330000, 0x0000000082330000, 0x0000000082710000)
 tenured generation   total 79584K, used 62253K [0x00000000a5550000, 0x00000000aa308000, 0x00000000f0000000)
   the space 79584K,  78% used [0x00000000a5550000, 0x00000000a921b4c0, 0x00000000a921b600, 0x00000000aa308000)
 Metaspace       used 73810K, committed 74880K, reserved 393216K
  class space    used 10523K, committed 11008K, reserved 327680K
}
Event: 41.854 GC heap after
{Heap after GC invocations=35 (full 3):
 def new generation   total 36032K, used 1412K [0x0000000080000000, 0x0000000082710000, 0x00000000a5550000)
  eden space 32064K,   0% used [0x0000000080000000, 0x0000000080000000, 0x0000000081f50000)
  from space 3968K,  35% used [0x0000000082330000, 0x00000000824911e8, 0x0000000082710000)
  to   space 3968K,   0% used [0x0000000081f50000, 0x0000000081f50000, 0x0000000082330000)
 tenured generation   total 79584K, used 65263K [0x00000000a5550000, 0x00000000aa308000, 0x00000000f0000000)
   the space 79584K,  82% used [0x00000000a5550000, 0x00000000a950bfd8, 0x00000000a950c000, 0x00000000aa308000)
 Metaspace       used 73810K, committed 74880K, reserved 393216K
  class space    used 10523K, committed 11008K, reserved 327680K
}
Event: 45.591 GC heap before
{Heap before GC invocations=35 (full 3):
 def new generation   total 36032K, used 33476K [0x0000000080000000, 0x0000000082710000, 0x00000000a5550000)
  eden space 32064K, 100% used [0x0000000080000000, 0x0000000081f50000, 0x0000000081f50000)
  from space 3968K,  35% used [0x0000000082330000, 0x00000000824911e8, 0x0000000082710000)
  to   space 3968K,   0% used [0x0000000081f50000, 0x0000000081f50000, 0x0000000082330000)
 tenured generation   total 79584K, used 65263K [0x00000000a5550000, 0x00000000aa308000, 0x00000000f0000000)
   the space 79584K,  82% used [0x00000000a5550000, 0x00000000a950bfd8, 0x00000000a950c000, 0x00000000aa308000)
 Metaspace       used 73838K, committed 74880K, reserved 393216K
  class space    used 10523K, committed 11008K, reserved 327680K
}
Event: 45.613 GC heap after
{Heap after GC invocations=36 (full 3):
 def new generation   total 36032K, used 2897K [0x0000000080000000, 0x0000000082710000, 0x00000000a5550000)
  eden space 32064K,   0% used [0x0000000080000000, 0x0000000080000000, 0x0000000081f50000)
  from space 3968K,  73% used [0x0000000081f50000, 0x0000000082224468, 0x0000000082330000)
  to   space 3968K,   0% used [0x0000000082330000, 0x0000000082330000, 0x0000000082710000)
 tenured generation   total 79584K, used 65263K [0x00000000a5550000, 0x00000000aa308000, 0x00000000f0000000)
   the space 79584K,  82% used [0x00000000a5550000, 0x00000000a950bfd8, 0x00000000a950c000, 0x00000000aa308000)
 Metaspace       used 73838K, committed 74880K, reserved 393216K
  class space    used 10523K, committed 11008K, reserved 327680K
}
Event: 49.460 GC heap before
{Heap before GC invocations=36 (full 3):
 def new generation   total 36032K, used 34961K [0x0000000080000000, 0x0000000082710000, 0x00000000a5550000)
  eden space 32064K, 100% used [0x0000000080000000, 0x0000000081f50000, 0x0000000081f50000)
  from space 3968K,  73% used [0x0000000081f50000, 0x0000000082224468, 0x0000000082330000)
  to   space 3968K,   0% used [0x0000000082330000, 0x0000000082330000, 0x0000000082710000)
 tenured generation   total 79584K, used 65263K [0x00000000a5550000, 0x00000000aa308000, 0x00000000f0000000)
   the space 79584K,  82% used [0x00000000a5550000, 0x00000000a950bfd8, 0x00000000a950c000, 0x00000000aa308000)
 Metaspace       used 73842K, committed 74880K, reserved 393216K
  class space    used 10523K, committed 11008K, reserved 327680K
}
Event: 49.483 GC heap after
{Heap after GC invocations=37 (full 3):
 def new generation   total 36032K, used 2871K [0x0000000080000000, 0x0000000082710000, 0x00000000a5550000)
  eden space 32064K,   0% used [0x0000000080000000, 0x0000000080000000, 0x0000000081f50000)
  from space 3968K,  72% used [0x0000000082330000, 0x00000000825fdd20, 0x0000000082710000)
  to   space 3968K,   0% used [0x0000000081f50000, 0x0000000081f50000, 0x0000000082330000)
 tenured generation   total 79584K, used 66621K [0x00000000a5550000, 0x00000000aa308000, 0x00000000f0000000)
   the space 79584K,  83% used [0x00000000a5550000, 0x00000000a965f7a0, 0x00000000a965f800, 0x00000000aa308000)
 Metaspace       used 73842K, committed 74880K, reserved 393216K
  class space    used 10523K, committed 11008K, reserved 327680K
}
Event: 52.043 GC heap before
{Heap before GC invocations=37 (full 3):
 def new generation   total 36032K, used 34935K [0x0000000080000000, 0x0000000082710000, 0x00000000a5550000)
  eden space 32064K, 100% used [0x0000000080000000, 0x0000000081f50000, 0x0000000081f50000)
  from space 3968K,  72% used [0x0000000082330000, 0x00000000825fdd20, 0x0000000082710000)
  to   space 3968K,   0% used [0x0000000081f50000, 0x0000000081f50000, 0x0000000082330000)
 tenured generation   total 79584K, used 66621K [0x00000000a5550000, 0x00000000aa308000, 0x00000000f0000000)
   the space 79584K,  83% used [0x00000000a5550000, 0x00000000a965f7a0, 0x00000000a965f800, 0x00000000aa308000)
 Metaspace       used 73869K, committed 74880K, reserved 393216K
  class space    used 10525K, committed 11008K, reserved 327680K
}
Event: 52.072 GC heap after
{Heap after GC invocations=38 (full 3):
 def new generation   total 36032K, used 3968K [0x0000000080000000, 0x0000000082710000, 0x00000000a5550000)
  eden space 32064K,   0% used [0x0000000080000000, 0x0000000080000000, 0x0000000081f50000)
  from space 3968K, 100% used [0x0000000081f50000, 0x0000000082330000, 0x0000000082330000)
  to   space 3968K,   0% used [0x0000000082330000, 0x0000000082330000, 0x0000000082710000)
 tenured generation   total 79584K, used 68192K [0x00000000a5550000, 0x00000000aa308000, 0x00000000f0000000)
   the space 79584K,  85% used [0x00000000a5550000, 0x00000000a97e8260, 0x00000000a97e8400, 0x00000000aa308000)
 Metaspace       used 73869K, committed 74880K, reserved 393216K
  class space    used 10525K, committed 11008K, reserved 327680K
}
Event: 55.590 GC heap before
{Heap before GC invocations=38 (full 3):
 def new generation   total 36032K, used 36032K [0x0000000080000000, 0x0000000082710000, 0x00000000a5550000)
  eden space 32064K, 100% used [0x0000000080000000, 0x0000000081f50000, 0x0000000081f50000)
  from space 3968K, 100% used [0x0000000081f50000, 0x0000000082330000, 0x0000000082330000)
  to   space 3968K,   0% used [0x0000000082330000, 0x0000000082330000, 0x0000000082710000)
 tenured generation   total 79584K, used 68192K [0x00000000a5550000, 0x00000000aa308000, 0x00000000f0000000)
   the space 79584K,  85% used [0x00000000a5550000, 0x00000000a97e8260, 0x00000000a97e8400, 0x00000000aa308000)
 Metaspace       used 74839K, committed 75840K, reserved 393216K
  class space    used 10630K, committed 11072K, reserved 327680K
}
Event: 55.643 GC heap after
{Heap after GC invocations=39 (full 3):
 def new generation   total 36032K, used 3968K [0x0000000080000000, 0x0000000082710000, 0x00000000a5550000)
  eden space 32064K,   0% used [0x0000000080000000, 0x0000000080000000, 0x0000000081f50000)
  from space 3968K, 100% used [0x0000000082330000, 0x0000000082710000, 0x0000000082710000)
  to   space 3968K,   0% used [0x0000000081f50000, 0x0000000081f50000, 0x0000000082330000)
 tenured generation   total 79584K, used 78146K [0x00000000a5550000, 0x00000000aa308000, 0x00000000f0000000)
   the space 79584K,  98% used [0x00000000a5550000, 0x00000000aa1a0a50, 0x00000000aa1a0c00, 0x00000000aa308000)
 Metaspace       used 74839K, committed 75840K, reserved 393216K
  class space    used 10630K, committed 11072K, reserved 327680K
}
Event: 58.732 GC heap before
{Heap before GC invocations=39 (full 3):
 def new generation   total 36032K, used 36032K [0x0000000080000000, 0x0000000082710000, 0x00000000a5550000)
  eden space 32064K, 100% used [0x0000000080000000, 0x0000000081f50000, 0x0000000081f50000)
  from space 3968K, 100% used [0x0000000082330000, 0x0000000082710000, 0x0000000082710000)
  to   space 3968K,   0% used [0x0000000081f50000, 0x0000000081f50000, 0x0000000082330000)
 tenured generation   total 79584K, used 78146K [0x00000000a5550000, 0x00000000aa308000, 0x00000000f0000000)
   the space 79584K,  98% used [0x00000000a5550000, 0x00000000aa1a0a50, 0x00000000aa1a0c00, 0x00000000aa308000)
 Metaspace       used 77476K, committed 78592K, reserved 458752K
  class space    used 10919K, committed 11456K, reserved 327680K
}
Event: 58.742 GC heap after
{Heap after GC invocations=40 (full 3):
 def new generation   total 36032K, used 1021K [0x0000000080000000, 0x0000000082710000, 0x00000000a5550000)
  eden space 32064K,   0% used [0x0000000080000000, 0x0000000080000000, 0x0000000081f50000)
  from space 3968K,  25% used [0x0000000081f50000, 0x000000008204f600, 0x0000000082330000)
  to   space 3968K,   0% used [0x0000000082330000, 0x0000000082330000, 0x0000000082710000)
 tenured generation   total 82140K, used 82096K [0x00000000a5550000, 0x00000000aa587000, 0x00000000f0000000)
   the space 82140K,  99% used [0x00000000a5550000, 0x00000000aa57c168, 0x00000000aa57c200, 0x00000000aa587000)
 Metaspace       used 77476K, committed 78592K, reserved 458752K
  class space    used 10919K, committed 11456K, reserved 327680K
}
Event: 58.743 GC heap before
{Heap before GC invocations=40 (full 3):
 def new generation   total 36032K, used 1021K [0x0000000080000000, 0x0000000082710000, 0x00000000a5550000)
  eden space 32064K,   0% used [0x0000000080000000, 0x0000000080000000, 0x0000000081f50000)
  from space 3968K,  25% used [0x0000000081f50000, 0x000000008204f600, 0x0000000082330000)
  to   space 3968K,   0% used [0x0000000082330000, 0x0000000082330000, 0x0000000082710000)
 tenured generation   total 82140K, used 82096K [0x00000000a5550000, 0x00000000aa587000, 0x00000000f0000000)
   the space 82140K,  99% used [0x00000000a5550000, 0x00000000aa57c168, 0x00000000aa57c200, 0x00000000aa587000)
 Metaspace       used 77476K, committed 78592K, reserved 458752K
  class space    used 10919K, committed 11456K, reserved 327680K
}
Event: 60.222 GC heap after
{Heap after GC invocations=40 (full 4):
 def new generation   total 60480K, used 0K [0x0000000080000000, 0x00000000841a0000, 0x00000000a5550000)
  eden space 53760K,   0% used [0x0000000080000000, 0x0000000080000000, 0x0000000083480000)
  from space 6720K,   0% used [0x0000000083480000, 0x0000000083480000, 0x0000000083b10000)
  to   space 6720K,   0% used [0x0000000083b10000, 0x0000000083b10000, 0x00000000841a0000)
 tenured generation   total 133796K, used 80277K [0x00000000a5550000, 0x00000000ad7f9000, 0x00000000f0000000)
   the space 133796K,  59% used [0x00000000a5550000, 0x00000000aa3b5428, 0x00000000aa3b5600, 0x00000000ad7f9000)
 Metaspace       used 77476K, committed 78592K, reserved 458752K
  class space    used 10919K, committed 11456K, reserved 327680K
}
Event: 61.923 GC heap before
{Heap before GC invocations=40 (full 4):
 def new generation   total 60480K, used 53760K [0x0000000080000000, 0x00000000841a0000, 0x00000000a5550000)
  eden space 53760K, 100% used [0x0000000080000000, 0x0000000083480000, 0x0000000083480000)
  from space 6720K,   0% used [0x0000000083480000, 0x0000000083480000, 0x0000000083b10000)
  to   space 6720K,   0% used [0x0000000083b10000, 0x0000000083b10000, 0x00000000841a0000)
 tenured generation   total 133796K, used 80277K [0x00000000a5550000, 0x00000000ad7f9000, 0x00000000f0000000)
   the space 133796K,  59% used [0x00000000a5550000, 0x00000000aa3b5428, 0x00000000aa3b5600, 0x00000000ad7f9000)
 Metaspace       used 81616K, committed 82752K, reserved 458752K
  class space    used 11368K, committed 11904K, reserved 327680K
}
Event: 61.952 GC heap after
{Heap after GC invocations=41 (full 4):
 def new generation   total 60480K, used 4604K [0x0000000080000000, 0x00000000841a0000, 0x00000000a5550000)
  eden space 53760K,   0% used [0x0000000080000000, 0x0000000080000000, 0x0000000083480000)
  from space 6720K,  68% used [0x0000000083b10000, 0x0000000083f8f0e0, 0x00000000841a0000)
  to   space 6720K,   0% used [0x0000000083480000, 0x0000000083480000, 0x0000000083b10000)
 tenured generation   total 133796K, used 80277K [0x00000000a5550000, 0x00000000ad7f9000, 0x00000000f0000000)
   the space 133796K,  59% used [0x00000000a5550000, 0x00000000aa3b5428, 0x00000000aa3b5600, 0x00000000ad7f9000)
 Metaspace       used 81616K, committed 82752K, reserved 458752K
  class space    used 11368K, committed 11904K, reserved 327680K
}

Dll operation events (15 events):
Event: 0.052 Loaded shared library C:\Program Files\Microsoft\jdk-17.0.19.10-hotspot\bin\java.dll
Event: 0.105 Loaded shared library C:\Program Files\Microsoft\jdk-17.0.19.10-hotspot\bin\jsvml.dll
Event: 0.255 Loaded shared library C:\Program Files\Microsoft\jdk-17.0.19.10-hotspot\bin\zip.dll
Event: 0.264 Loaded shared library C:\Program Files\Microsoft\jdk-17.0.19.10-hotspot\bin\instrument.dll
Event: 0.277 Loaded shared library C:\Program Files\Microsoft\jdk-17.0.19.10-hotspot\bin\net.dll
Event: 0.283 Loaded shared library C:\Program Files\Microsoft\jdk-17.0.19.10-hotspot\bin\nio.dll
Event: 0.289 Loaded shared library C:\Program Files\Microsoft\jdk-17.0.19.10-hotspot\bin\zip.dll
Event: 1.061 Loaded shared library C:\Program Files\Microsoft\jdk-17.0.19.10-hotspot\bin\jimage.dll
Event: 1.495 Loaded shared library C:\Program Files\Microsoft\jdk-17.0.19.10-hotspot\bin\verify.dll
Event: 1.584 Loaded shared library C:\Users\prath\.gradle\native\660c5614fbf4a5f2a75b1949f50a0caf5cd603558e7d8a26e50b933a0cfb79d1\windows-amd64\native-platform.dll
Event: 1.661 Loaded shared library C:\Users\prath\.gradle\native\0.2.8\x86_64-windows-gnu\gradle-fileevents.dll
Event: 4.969 Loaded shared library C:\Program Files\Microsoft\jdk-17.0.19.10-hotspot\bin\management.dll
Event: 4.978 Loaded shared library C:\Program Files\Microsoft\jdk-17.0.19.10-hotspot\bin\management_ext.dll
Event: 5.590 Loaded shared library C:\Program Files\Microsoft\jdk-17.0.19.10-hotspot\bin\extnet.dll
Event: 6.166 Loaded shared library C:\Program Files\Microsoft\jdk-17.0.19.10-hotspot\bin\sunmscapi.dll

Deoptimization events (20 events):
Event: 61.907 Thread 0x000002d7e1171dc0 DEOPT PACKING pc=0x000002d7c148019c sp=0x000000e56c9ede00
Event: 61.907 Thread 0x000002d7e1171dc0 DEOPT UNPACKING pc=0x000002d7bfb26e43 sp=0x000000e56c9ed280 mode 0
Event: 61.907 Thread 0x000002d7e1171dc0 DEOPT PACKING pc=0x000002d7c148019c sp=0x000000e56c9ede00
Event: 61.907 Thread 0x000002d7e1171dc0 DEOPT UNPACKING pc=0x000002d7bfb26e43 sp=0x000000e56c9ed280 mode 0
Event: 61.908 Thread 0x000002d7e1171dc0 DEOPT PACKING pc=0x000002d7c148019c sp=0x000000e56c9ede00
Event: 61.908 Thread 0x000002d7e1171dc0 DEOPT UNPACKING pc=0x000002d7bfb26e43 sp=0x000000e56c9ed280 mode 0
Event: 61.908 Thread 0x000002d7e1171dc0 DEOPT PACKING pc=0x000002d7c148019c sp=0x000000e56c9ede00
Event: 61.908 Thread 0x000002d7e1171dc0 DEOPT UNPACKING pc=0x000002d7bfb26e43 sp=0x000000e56c9ed280 mode 0
Event: 62.202 Thread 0x000002d7e1171dc0 DEOPT PACKING pc=0x000002d7c1260d77 sp=0x000000e56c9f1980
Event: 62.202 Thread 0x000002d7e1171dc0 DEOPT UNPACKING pc=0x000002d7bfb26e43 sp=0x000000e56c9f0e90 mode 0
Event: 62.203 Thread 0x000002d7e1171dc0 DEOPT PACKING pc=0x000002d7c0208aa7 sp=0x000000e56c9f18a0
Event: 62.203 Thread 0x000002d7e1171dc0 DEOPT UNPACKING pc=0x000002d7bfb26e43 sp=0x000000e56c9f0e90 mode 0
Event: 62.565 Thread 0x000002d7e1171dc0 Uncommon trap: trap_request=0xffffff45 fr.pc=0x000002d7c13e27a0 relative=0x0000000000001160
Event: 62.565 Thread 0x000002d7e1171dc0 Uncommon trap: reason=unstable_if action=reinterpret pc=0x000002d7c13e27a0 method=org.objectweb.asm.Type.appendDescriptor(Ljava/lang/Class;Ljava/lang/StringBuilder;)V @ 48 c2
Event: 62.565 Thread 0x000002d7e1171dc0 DEOPT PACKING pc=0x000002d7c13e27a0 sp=0x000000e56c9f21b0
Event: 62.565 Thread 0x000002d7e1171dc0 DEOPT UNPACKING pc=0x000002d7bfb266a3 sp=0x000000e56c9f2198 mode 2
Event: 62.574 Thread 0x000002d7e1171dc0 Uncommon trap: trap_request=0xffffff45 fr.pc=0x000002d7c1390c98 relative=0x0000000000000618
Event: 62.574 Thread 0x000002d7e1171dc0 Uncommon trap: reason=unstable_if action=reinterpret pc=0x000002d7c1390c98 method=java.lang.CharacterDataLatin1.isUpperCase(I)Z @ 7 c2
Event: 62.574 Thread 0x000002d7e1171dc0 DEOPT PACKING pc=0x000002d7c1390c98 sp=0x000000e56c9f13f0
Event: 62.574 Thread 0x000002d7e1171dc0 DEOPT UNPACKING pc=0x000002d7bfb266a3 sp=0x000000e56c9f1288 mode 2

Classes loaded (20 events):
Event: 61.742 Loading class sun/security/util/KeyUtil
Event: 61.743 Loading class sun/security/util/KeyUtil done
Event: 61.743 Loading class sun/security/util/Length
Event: 61.744 Loading class sun/security/util/Length done
Event: 61.744 Loading class javax/crypto/SecretKey
Event: 61.745 Loading class javax/crypto/SecretKey done
Event: 61.746 Loading class java/util/Base64
Event: 61.747 Loading class java/util/Base64 done
Event: 61.747 Loading class java/util/Base64$Decoder
Event: 61.748 Loading class java/util/Base64$Decoder done
Event: 61.748 Loading class java/util/Base64$Encoder
Event: 61.750 Loading class java/util/Base64$Encoder done
Event: 61.754 Loading class java/util/jar/JarVerifier$VerifierStream
Event: 61.755 Loading class java/util/jar/JarVerifier$VerifierStream done
Event: 61.755 Loading class sun/security/util/ManifestEntryVerifier$SunProviderHolder
Event: 61.756 Loading class sun/security/util/ManifestEntryVerifier$SunProviderHolder done
Event: 61.851 Loading class sun/security/util/MemoryCache$QueueCacheEntry
Event: 61.851 Loading class sun/security/util/MemoryCache$QueueCacheEntry done
Event: 62.031 Loading class java/security/KeyStore$ProtectionParameter
Event: 62.031 Loading class java/security/KeyStore$ProtectionParameter done

Classes unloaded (0 events):
No events

Classes redefined (0 events):
No events

Internal exceptions (20 events):
Event: 53.571 Thread 0x000002d7e1171dc0 Exception <a 'java/lang/ClassNotFoundException'{0x0000000080a3c758}: org/gradle/api/internal/plugins/DefaultObjectConfigurationActionBeanInfo> (0x0000000080a3c758) 
thrown [s\src\hotspot\share\classfile\systemDictionary.cpp, line 256]
Event: 53.582 Thread 0x000002d7e1171dc0 Exception <a 'java/lang/ClassNotFoundException'{0x0000000080a51710}: org/gradle/api/internal/plugins/DefaultObjectConfigurationActionCustomizer> (0x0000000080a51710) 
thrown [s\src\hotspot\share\classfile\systemDictionary.cpp, line 256]
Event: 53.630 Thread 0x000002d7e1171dc0 Exception <a 'java/lang/ClassNotFoundException'{0x0000000080aadcf8}: org/gradle/plugin/software/internal/ProjectFeaturesDynamicObject_DecoratedBeanInfo> (0x0000000080aadcf8) 
thrown [s\src\hotspot\share\classfile\systemDictionary.cpp, line 256]
Event: 53.633 Thread 0x000002d7e1171dc0 Exception <a 'java/lang/ClassNotFoundException'{0x0000000080ac4fd0}: org/gradle/plugin/software/internal/ProjectFeaturesDynamicObjectBeanInfo> (0x0000000080ac4fd0) 
thrown [s\src\hotspot\share\classfile\systemDictionary.cpp, line 256]
Event: 53.635 Thread 0x000002d7e1171dc0 Exception <a 'java/lang/ClassNotFoundException'{0x0000000080adbab0}: org/gradle/internal/metaobject/AbstractDynamicObjectBeanInfo> (0x0000000080adbab0) 
thrown [s\src\hotspot\share\classfile\systemDictionary.cpp, line 256]
Event: 53.636 Thread 0x000002d7e1171dc0 Exception <a 'java/lang/ClassNotFoundException'{0x0000000080af2830}: org/gradle/internal/metaobject/AbstractDynamicObjectCustomizer> (0x0000000080af2830) 
thrown [s\src\hotspot\share\classfile\systemDictionary.cpp, line 256]
Event: 53.644 Thread 0x000002d7e1171dc0 Exception <a 'java/lang/ClassNotFoundException'{0x0000000080b16b60}: org/gradle/plugin/software/internal/ProjectFeaturesDynamicObjectCustomizer> (0x0000000080b16b60) 
thrown [s\src\hotspot\share\classfile\systemDictionary.cpp, line 256]
Event: 53.649 Thread 0x000002d7e1171dc0 Exception <a 'java/lang/ClassNotFoundException'{0x0000000080b35d28}: org/gradle/plugin/software/internal/ProjectFeaturesDynamicObject_DecoratedCustomizer> (0x0000000080b35d28) 
thrown [s\src\hotspot\share\classfile\systemDictionary.cpp, line 256]
Event: 53.680 Thread 0x000002d7e1171dc0 Exception <a 'java/lang/ClassNotFoundException'{0x0000000080bd4470}: org/gradle/api/internal/project/LifecycleAwareProject_DecoratedBeanInfo> (0x0000000080bd4470) 
thrown [s\src\hotspot\share\classfile\systemDictionary.cpp, line 256]
Event: 53.690 Thread 0x000002d7e1171dc0 Exception <a 'java/lang/ClassNotFoundException'{0x0000000080bed1e0}: org/gradle/api/internal/project/LifecycleAwareProjectBeanInfo> (0x0000000080bed1e0) 
thrown [s\src\hotspot\share\classfile\systemDictionary.cpp, line 256]
Event: 53.698 Thread 0x000002d7e1171dc0 Exception <a 'java/lang/ClassNotFoundException'{0x0000000080c065a0}: org/gradle/api/internal/project/MutableStateAccessAwareProjectBeanInfo> (0x0000000080c065a0) 
thrown [s\src\hotspot\share\classfile\systemDictionary.cpp, line 256]
Event: 53.718 Thread 0x000002d7e1171dc0 Exception <a 'java/lang/ClassNotFoundException'{0x0000000080c1f928}: org/gradle/api/internal/project/MutableStateAccessAwareProjectCustomizer> (0x0000000080c1f928) 
thrown [s\src\hotspot\share\classfile\systemDictionary.cpp, line 256]
Event: 53.735 Thread 0x000002d7e1171dc0 Exception <a 'java/lang/ClassNotFoundException'{0x0000000080cdb108}: org/gradle/api/internal/project/LifecycleAwareProjectCustomizer> (0x0000000080cdb108) 
thrown [s\src\hotspot\share\classfile\systemDictionary.cpp, line 256]
Event: 53.738 Thread 0x000002d7e1171dc0 Exception <a 'java/lang/ClassNotFoundException'{0x0000000080d06250}: org/gradle/api/internal/project/LifecycleAwareProject_DecoratedCustomizer> (0x0000000080d06250) 
thrown [s\src\hotspot\share\classfile\systemDictionary.cpp, line 256]
Event: 54.205 Thread 0x000002d7e1171dc0 Exception <a 'java/lang/ClassNotFoundException'{0x0000000080ec3b68}: build_4pe315lnfbwdjthxsks22b1ixBeanInfo> (0x0000000080ec3b68) 
thrown [s\src\hotspot\share\classfile\systemDictionary.cpp, line 256]
Event: 54.207 Thread 0x000002d7e1171dc0 Exception <a 'java/lang/ClassNotFoundException'{0x0000000080ed1f60}: build_4pe315lnfbwdjthxsks22b1ixCustomizer> (0x0000000080ed1f60) 
thrown [s\src\hotspot\share\classfile\systemDictionary.cpp, line 256]
Event: 55.941 Thread 0x000002d7e1171dc0 Implicit null exception at 0x000002d7c13a50d0 to 0x000002d7c13a5149
Event: 56.660 Thread 0x000002d7e1171dc0 Exception <a 'java/lang/NoSuchMethodError'{0x0000000080af3f80}: 'java.lang.Object java.lang.invoke.DirectMethodHandle$Holder.invokeSpecial(java.lang.Object, java.lang.Object, long, java.lang.Object, java.lang.Object, java.lang.Object, java.lang.Object, java.lang.Object, java.lang.Object, java.lang.Object, java.lang.Object, java.lang.Object)'> (0x0000000080af3f80) 
thrown [s\src\hotspot\share\interpreter\linkResolver.cpp, line 759]
Event: 56.662 Thread 0x000002d7e1171dc0 Exception <a 'java/lang/NoSuchMethodError'{0x0000000080afa1b8}: 'java.lang.Object java.lang.invoke.DelegatingMethodHandle$Holder.reinvoke_L(java.lang.Object, long, java.lang.Object, java.lang.Object, java.lang.Object, java.lang.Object, java.lang.Object, java.lang.Object, java.lang.Object, java.lang.Object, java.lang.Object)'> (0x0000000080afa1b8) 
thrown [s\src\hotspot\share\interpreter\linkResolver.cpp, line 759]
Event: 61.871 Thread 0x000002d7e1171dc0 Implicit null exception at 0x000002d7c145f6cb to 0x000002d7c145fe14

VM Operations (20 events):
Event: 61.075 Executing VM operation: HandshakeAllThreads
Event: 61.076 Executing VM operation: HandshakeAllThreads done
Event: 61.511 Executing VM operation: HandshakeAllThreads
Event: 61.511 Executing VM operation: HandshakeAllThreads done
Event: 61.511 Executing VM operation: Cleanup
Event: 61.512 Executing VM operation: Cleanup done
Event: 61.635 Executing VM operation: HandshakeAllThreads
Event: 61.636 Executing VM operation: HandshakeAllThreads done
Event: 61.923 Executing VM operation: GenCollectForAllocation
Event: 61.952 Executing VM operation: GenCollectForAllocation done
Event: 62.105 Executing VM operation: HandshakeAllThreads
Event: 62.106 Executing VM operation: HandshakeAllThreads done
Event: 62.178 Executing VM operation: HandshakeAllThreads
Event: 62.178 Executing VM operation: HandshakeAllThreads done
Event: 62.213 Executing VM operation: HandshakeAllThreads
Event: 62.213 Executing VM operation: HandshakeAllThreads done
Event: 63.217 Executing VM operation: Cleanup
Event: 63.217 Executing VM operation: Cleanup done
Event: 66.237 Executing VM operation: Cleanup
Event: 66.237 Executing VM operation: Cleanup done

Memory protections (0 events):
No events

Nmethod flushes (20 events):
Event: 62.232 Thread 0x000002d7b7fed650 flushing  nmethod 0x000002d7c13dff10
Event: 62.232 Thread 0x000002d7b7fed650 flushing  nmethod 0x000002d7c13e5210
Event: 62.232 Thread 0x000002d7b7fed650 flushing  nmethod 0x000002d7c13ef390
Event: 62.232 Thread 0x000002d7b7fed650 flushing  nmethod 0x000002d7c13f0410
Event: 62.232 Thread 0x000002d7b7fed650 flushing  nmethod 0x000002d7c140a810
Event: 62.232 Thread 0x000002d7b7fed650 flushing  nmethod 0x000002d7c140ba10
Event: 62.232 Thread 0x000002d7b7fed650 flushing  nmethod 0x000002d7c140f510
Event: 62.232 Thread 0x000002d7b7fed650 flushing  nmethod 0x000002d7c143c190
Event: 62.232 Thread 0x000002d7b7fed650 flushing  nmethod 0x000002d7c1450090
Event: 62.232 Thread 0x000002d7b7fed650 flushing  nmethod 0x000002d7c1451990
Event: 62.232 Thread 0x000002d7b7fed650 flushing  nmethod 0x000002d7c1455810
Event: 62.232 Thread 0x000002d7b7fed650 flushing  nmethod 0x000002d7c1455d90
Event: 62.232 Thread 0x000002d7b7fed650 flushing  nmethod 0x000002d7c1456190
Event: 62.232 Thread 0x000002d7b7fed650 flushing  nmethod 0x000002d7c1458990
Event: 62.232 Thread 0x000002d7b7fed650 flushing  nmethod 0x000002d7c145f510
Event: 62.232 Thread 0x000002d7b7fed650 flushing  nmethod 0x000002d7c1460f90
Event: 62.232 Thread 0x000002d7b7fed650 flushing osr nmethod 0x000002d7c1461d10
Event: 62.232 Thread 0x000002d7b7fed650 flushing  nmethod 0x000002d7c1462a10
Event: 62.232 Thread 0x000002d7b7fed650 flushing  nmethod 0x000002d7c1463590
Event: 62.232 Thread 0x000002d7b7fed650 flushing  nmethod 0x000002d7c1481f90

Events (20 events):
Event: 31.718 Thread 0x000002d7e3fdd3f0 Thread added: 0x000002d7e3fdde10
Event: 31.820 Thread 0x000002d7e3fdd3f0 Thread added: 0x000002d7e3fdd900
Event: 32.429 Thread 0x000002d7e3fdde10 Thread added: 0x000002d7e3fde830
Event: 32.583 Thread 0x000002d7e3fdde10 Thread added: 0x000002d7e3fded40
Event: 32.643 Thread 0x000002d7e3fdde10 Thread added: 0x000002d7e3fdf760
Event: 33.278 Thread 0x000002d7e3fdde10 Thread added: 0x000002d7e32fc8e0
Event: 33.329 Thread 0x000002d7e3fdde10 Thread added: 0x000002d7e32fcdf0
Event: 33.660 Thread 0x000002d7e1171dc0 Thread added: 0x000002d7e32fa060
Event: 33.722 Thread 0x000002d7e1171dc0 Thread added: 0x000002d7e32fbec0
Event: 34.707 Thread 0x000002d7e1171dc0 Thread added: 0x000002d7e32fb4a0
Event: 35.438 Thread 0x000002d7e1171dc0 Thread added: 0x000002d7e32faf90
Event: 35.884 Thread 0x000002d7e1171dc0 Thread added: 0x000002d7e32fd300
Event: 37.515 Thread 0x000002d7e3fdd3f0 Thread added: 0x000002d7e32fa570
Event: 37.602 Thread 0x000002d7e3fdd3f0 Thread added: 0x000002d7e32faa80
Event: 37.980 Thread 0x000002d7e1171dc0 Thread added: 0x000002d7e13b8f70
Event: 38.255 Thread 0x000002d7e1171dc0 Thread added: 0x000002d7c7cc1b90
Event: 39.769 Thread 0x000002d7e1171dc0 Thread added: 0x000002d7c7cc2ac0
Event: 51.928 Thread 0x000002d7e1171dc0 Thread added: 0x000002d7c7cc25b0
Event: 54.134 Thread 0x000002d7e1171dc0 Thread added: 0x000002d7c7cc0750
Event: 54.165 Thread 0x000002d7e1171dc0 Thread added: 0x000002d7c7cc0240


Dynamic libraries:
0x00007ff79efc0000 - 0x00007ff79efce000 	C:\Program Files\Microsoft\jdk-17.0.19.10-hotspot\bin\java.exe
0x00007ff841560000 - 0x00007ff8417c6000 	C:\WINDOWS\SYSTEM32\ntdll.dll
0x00007ff8413b0000 - 0x00007ff841479000 	C:\WINDOWS\System32\KERNEL32.DLL
0x00007ff83e970000 - 0x00007ff83ed70000 	C:\WINDOWS\System32\KERNELBASE.dll
0x00007ff83e780000 - 0x00007ff83e8cc000 	C:\WINDOWS\System32\ucrtbase.dll
0x00007fffd0a20000 - 0x00007fffd0a38000 	C:\Program Files\Microsoft\jdk-17.0.19.10-hotspot\bin\jli.dll
0x00007ffffef90000 - 0x00007ffffefae000 	C:\Program Files\Microsoft\jdk-17.0.19.10-hotspot\bin\VCRUNTIME140.dll
0x00007ff83f740000 - 0x00007ff83f907000 	C:\WINDOWS\System32\USER32.dll
0x00007ff83eeb0000 - 0x00007ff83eed7000 	C:\WINDOWS\System32\win32u.dll
0x00007ff82a440000 - 0x00007ff82a6d2000 	C:\WINDOWS\WinSxS\amd64_microsoft.windows.common-controls_6595b64144ccf1df_6.0.26100.8737_none_3e092eaee333b772\COMCTL32.dll
0x00007ff8414f0000 - 0x00007ff84151b000 	C:\WINDOWS\System32\GDI32.dll
0x00007ff841110000 - 0x00007ff8411b9000 	C:\WINDOWS\System32\msvcrt.dll
0x00007ff83ed80000 - 0x00007ff83eea9000 	C:\WINDOWS\System32\gdi32full.dll
0x00007ff83f060000 - 0x00007ff83f103000 	C:\WINDOWS\System32\msvcp_win.dll
0x00007ff841480000 - 0x00007ff8414b2000 	C:\WINDOWS\System32\IMM32.DLL
0x00007ff81b1e0000 - 0x00007ff81b1ec000 	C:\Program Files\Microsoft\jdk-17.0.19.10-hotspot\bin\vcruntime140_1.dll
0x00007fffb96b0000 - 0x00007fffb9739000 	C:\Program Files\Microsoft\jdk-17.0.19.10-hotspot\bin\msvcp140.dll
0x00007fff40b40000 - 0x00007fff417bb000 	C:\Program Files\Microsoft\jdk-17.0.19.10-hotspot\bin\server\jvm.dll
0x00007ff840b20000 - 0x00007ff840bd7000 	C:\WINDOWS\System32\ADVAPI32.dll
0x00007ff83f2f0000 - 0x00007ff83f39a000 	C:\WINDOWS\System32\sechost.dll
0x00007ff83f910000 - 0x00007ff83fa28000 	C:\WINDOWS\System32\RPCRT4.dll
0x00007ff840bf0000 - 0x00007ff840c70000 	C:\WINDOWS\System32\WS2_32.dll
0x00007ff83e5e0000 - 0x00007ff83e63e000 	C:\WINDOWS\SYSTEM32\POWRPROF.dll
0x00007ff837e50000 - 0x00007ff837e86000 	C:\WINDOWS\SYSTEM32\WINMM.dll
0x00007ff837e90000 - 0x00007ff837e9b000 	C:\WINDOWS\SYSTEM32\VERSION.dll
0x00007ff83e5c0000 - 0x00007ff83e5d4000 	C:\WINDOWS\SYSTEM32\UMPDC.dll
0x00007ff83d460000 - 0x00007ff83d47b000 	C:\WINDOWS\SYSTEM32\kernel.appcore.dll
0x00007ff8192f0000 - 0x00007ff8192fa000 	C:\Program Files\Microsoft\jdk-17.0.19.10-hotspot\bin\jimage.dll
0x00007ff83be10000 - 0x00007ff83c052000 	C:\WINDOWS\SYSTEM32\DBGHELP.DLL
0x00007ff840cd0000 - 0x00007ff841053000 	C:\WINDOWS\System32\combase.dll
0x00007ff840220000 - 0x00007ff8402f9000 	C:\WINDOWS\System32\OLEAUT32.dll
0x00007ff827000000 - 0x00007ff82703b000 	C:\WINDOWS\SYSTEM32\dbgcore.DLL
0x00007ff83f1d0000 - 0x00007ff83f27c000 	C:\WINDOWS\System32\bcryptPrimitives.dll
0x00007ff8151c0000 - 0x00007ff8151cf000 	C:\Program Files\Microsoft\jdk-17.0.19.10-hotspot\bin\instrument.dll
0x00007fffc81e0000 - 0x00007fffc8206000 	C:\Program Files\Microsoft\jdk-17.0.19.10-hotspot\bin\java.dll
0x00007fffb7410000 - 0x00007fffb74e6000 	C:\Program Files\Microsoft\jdk-17.0.19.10-hotspot\bin\jsvml.dll
0x00007ff840300000 - 0x00007ff840a92000 	C:\WINDOWS\System32\SHELL32.dll
0x00007ff83c210000 - 0x00007ff83caa2000 	C:\WINDOWS\SYSTEM32\windows.storage.dll
0x00007ff8400f0000 - 0x00007ff8401e7000 	C:\WINDOWS\System32\SHCORE.dll
0x00007ff841330000 - 0x00007ff841397000 	C:\WINDOWS\System32\shlwapi.dll
0x00007ff83e6a0000 - 0x00007ff83e6c9000 	C:\WINDOWS\SYSTEM32\profapi.dll
0x00007fffc1320000 - 0x00007fffc1338000 	C:\Program Files\Microsoft\jdk-17.0.19.10-hotspot\bin\zip.dll
0x00007fffc0290000 - 0x00007fffc02ab000 	C:\Program Files\Microsoft\jdk-17.0.19.10-hotspot\bin\net.dll
0x00007ff834460000 - 0x00007ff834589000 	C:\WINDOWS\SYSTEM32\WINHTTP.dll
0x00007ff83da10000 - 0x00007ff83da7c000 	C:\WINDOWS\system32\mswsock.dll
0x00007fffbfb40000 - 0x00007fffbfb56000 	C:\Program Files\Microsoft\jdk-17.0.19.10-hotspot\bin\nio.dll
0x00007ff811490000 - 0x00007ff8114a0000 	C:\Program Files\Microsoft\jdk-17.0.19.10-hotspot\bin\verify.dll
0x00007ff806000000 - 0x00007ff806027000 	C:\Users\prath\.gradle\native\660c5614fbf4a5f2a75b1949f50a0caf5cd603558e7d8a26e50b933a0cfb79d1\windows-amd64\native-platform.dll
0x00007fffb94d0000 - 0x00007fffb9547000 	C:\Users\prath\.gradle\native\0.2.8\x86_64-windows-gnu\gradle-fileevents.dll
0x00007fffffdf0000 - 0x00007fffffdfa000 	C:\Program Files\Microsoft\jdk-17.0.19.10-hotspot\bin\management.dll
0x00007ffffb5c0000 - 0x00007ffffb5cc000 	C:\Program Files\Microsoft\jdk-17.0.19.10-hotspot\bin\management_ext.dll
0x00007ff8401f0000 - 0x00007ff8401f8000 	C:\WINDOWS\System32\PSAPI.DLL
0x00007ff83cdf0000 - 0x00007ff83ce23000 	C:\WINDOWS\SYSTEM32\IPHLPAPI.DLL
0x00007ff8413a0000 - 0x00007ff8413aa000 	C:\WINDOWS\System32\NSI.dll
0x00007ff8351a0000 - 0x00007ff8351bd000 	C:\WINDOWS\SYSTEM32\dhcpcsvc6.DLL
0x00007ff834430000 - 0x00007ff834455000 	C:\WINDOWS\SYSTEM32\dhcpcsvc.DLL
0x00007ff83ce80000 - 0x00007ff83cfd5000 	C:\WINDOWS\SYSTEM32\DNSAPI.dll
0x00007ff83d7f0000 - 0x00007ff83d7fd000 	C:\WINDOWS\SYSTEM32\DSPARSE.dll
0x00007fffd5b60000 - 0x00007fffd5b69000 	C:\Program Files\Microsoft\jdk-17.0.19.10-hotspot\bin\extnet.dll
0x00007ff83dd10000 - 0x00007ff83dd2b000 	C:\WINDOWS\SYSTEM32\CRYPTSP.dll
0x00007ff83d3c0000 - 0x00007ff83d3f9000 	C:\WINDOWS\system32\rsaenh.dll
0x00007ff83dad0000 - 0x00007ff83db02000 	C:\WINDOWS\SYSTEM32\USERENV.dll
0x00007ff83e670000 - 0x00007ff83e69a000 	C:\WINDOWS\SYSTEM32\bcrypt.dll
0x00007ff83dd30000 - 0x00007ff83dd3c000 	C:\WINDOWS\SYSTEM32\CRYPTBASE.dll
0x00007fffd0e10000 - 0x00007fffd0e1e000 	C:\Program Files\Microsoft\jdk-17.0.19.10-hotspot\bin\sunmscapi.dll
0x00007ff83eee0000 - 0x00007ff83f058000 	C:\WINDOWS\System32\CRYPT32.dll
0x00007ff83df50000 - 0x00007ff83df80000 	C:\WINDOWS\SYSTEM32\ncrypt.dll
0x00007ff83df00000 - 0x00007ff83df3f000 	C:\WINDOWS\SYSTEM32\NTASN1.dll
0x00007ff8010e0000 - 0x00007ff8010e8000 	C:\WINDOWS\system32\wshunix.dll

dbghelp: loaded successfully - version: 4.0.5 - missing functions: none
symbol engine: initialized successfully - sym options: 0x614 - pdb path: .;C:\Program Files\Microsoft\jdk-17.0.19.10-hotspot\bin;C:\WINDOWS\SYSTEM32;C:\WINDOWS\WinSxS\amd64_microsoft.windows.common-controls_6595b64144ccf1df_6.0.26100.8737_none_3e092eaee333b772;C:\Program Files\Microsoft\jdk-17.0.19.10-hotspot\bin\server;C:\Users\prath\.gradle\native\660c5614fbf4a5f2a75b1949f50a0caf5cd603558e7d8a26e50b933a0cfb79d1\windows-amd64;C:\Users\prath\.gradle\native\0.2.8\x86_64-windows-gnu

VM Arguments:
jvm_args: --add-opens=java.base/java.lang=ALL-UNNAMED --add-opens=java.base/java.lang.invoke=ALL-UNNAMED --add-opens=java.base/java.util=ALL-UNNAMED --add-opens=java.prefs/java.util.prefs=ALL-UNNAMED --add-exports=jdk.compiler/com.sun.tools.javac.api=ALL-UNNAMED --add-exports=jdk.compiler/com.sun.tools.javac.util=ALL-UNNAMED --add-opens=java.base/java.util=ALL-UNNAMED --add-opens=java.prefs/java.util.prefs=ALL-UNNAMED --add-opens=java.base/java.nio.charset=ALL-UNNAMED --add-opens=java.base/java.net=ALL-UNNAMED --add-opens=java.base/java.util.concurrent=ALL-UNNAMED --add-opens=java.base/java.util.concurrent.atomic=ALL-UNNAMED --add-opens=java.xml/javax.xml.namespace=ALL-UNNAMED --add-opens=java.base/java.time=ALL-UNNAMED -XX:MaxMetaspaceSize=384m -XX:ReservedCodeCacheSize=128m -XX:+UseSerialGC -XX:HeapBaseMinAddress=2g -Xmx1792m -Dfile.encoding=UTF-8 -Duser.country=US -Duser.language=en -Duser.variant -javaagent:C:\Users\prath\.gradle\wrapper\dists\gradle-9.3.1-bin\23ovyewtku6u96viwx3xl3oks\gradle-9.3.1\lib\agents\gradle-instrumentation-agent-9.3.1.jar 
java_command: org.gradle.launcher.daemon.bootstrap.GradleDaemon 9.3.1
java_class_path (initial): C:\Users\prath\.gradle\wrapper\dists\gradle-9.3.1-bin\23ovyewtku6u96viwx3xl3oks\gradle-9.3.1\lib\gradle-daemon-main-9.3.1.jar
Launcher Type: SUN_STANDARD

[Global flags]
     intx CICompilerCount                          = 4                                         {product} {ergonomic}
   size_t CompressedClassSpaceSize                 = 335544320                                 {product} {ergonomic}
   size_t HeapBaseMinAddress                       = 2147483648                             {pd product} {command line}
   size_t InitialHeapSize                          = 98566144                                  {product} {ergonomic}
   size_t MaxHeapSize                              = 1879048192                                {product} {command line}
   size_t MaxMetaspaceSize                         = 402653184                                 {product} {command line}
   size_t MaxNewSize                               = 626327552                                 {product} {ergonomic}
   size_t MinHeapDeltaBytes                        = 196608                                    {product} {ergonomic}
   size_t MinHeapSize                              = 8388608                                   {product} {ergonomic}
   size_t NewSize                                  = 32833536                                  {product} {ergonomic}
    uintx NonProfiledCodeHeapSize                  = 0                                      {pd product} {ergonomic}
   size_t OldSize                                  = 65732608                                  {product} {ergonomic}
    uintx ProfiledCodeHeapSize                     = 0                                      {pd product} {ergonomic}
    uintx ReservedCodeCacheSize                    = 134217728                              {pd product} {command line}
   size_t SoftMaxHeapSize                          = 1879048192                             {manageable} {ergonomic}
     bool UseCompressedClassPointers               = true                           {product lp64_product} {ergonomic}
     bool UseCompressedOops                        = true                           {product lp64_product} {ergonomic}
     bool UseLargePagesIndividualAllocation        = false                                  {pd product} {ergonomic}
     bool UseSerialGC                              = true                                      {product} {command line}

Logging:
Log output configuration:
 #0: stdout all=warning uptime,level,tags
 #1: stderr all=off uptime,level,tags

Environment Variables:
JAVA_HOME=C:\Program Files\Microsoft\jdk-17.0.19.10-hotspot
CLASSPATH=.;D:\Training\java\mysql-connector-j-9.5.0.jar
PATH=D:\Training\project-a\projectvideo-frontend\node_modules\.bin;D:\Training\project-a\projectvideo-frontend\node_modules\.bin;D:\Training\project-a\node_modules\.bin;D:\Training\node_modules\.bin;D:\node_modules\.bin;C:\Users\prath\AppData\Local\nvm\v20.20.2\node_modules\npm\node_modules\@npmcli\run-script\lib\node-gyp-bin;C:\Users\prath\AppData\Local\Android\Sdk;C:\Users\prath\AppData\Local\Android\Sdk\platform-tools;C:\Users\prath\AppData\Local\Android\Sdk\emulator;C:\Program Files\Microsoft\jdk-17.0.19.10-hotspot\bin;C:\Windows\Microsoft.NET\Framework64\v4.0.30319;C:\Program Files (x86)\SQlite;C:\Program Files\MySQL\MySQL Server 8.0\bin;C:\Program Files\VideoLAN\VLC\;D:\Users\prath\AppData\Roaming\Python\Python311\Scripts;C:\Program Files\Python311\Scripts\;C:\Program Files\Python311\;C:\Program Files\Common Files\Oracle\Java\javapath;C:\WINDOWS\system32;C:\WINDOWS;C:\WINDOWS\System32\Wbem;C:\WINDOWS\System32\WindowsPowerShell\v1.0\;C:\WINDOWS\System32\OpenSSH\;C:\Program Files\Java\jdk-18.0.2.1\bin;C:\Program Files\Microsoft SQL Server\140\Tools\Binn\;C:\Program Files\Git\cmd;C:\Program Files\Microsoft SQL Server\150\Tools\Binn\;C:\Program Files\Microsoft SQL Server\Client SDK\ODBC\170\Tools\Binn\;C:\Program Files\dotnet\;C:\Users\prath\AppData\Roaming\Python\Python311\Scripts;C:\Program Files\WireGuard\;C:\Program Files\CodeBlocks\MinGW\bin;C:\Program Files\mysql-connector\mysql-connector-j-9.5.0\mysql-connector-j-9.5.0.jar;C:\Program Files\PostgreSQL\13\bin;C:\Program Files\PostgreSQL\18\bin;C:\Users\prath\AppData\Local\nvm;C:\nvm4w\nodejs;C:\ProgramData\chocolatey\bin;C:\Program Files\nodejs\;C:\Users\prath\AppData\Local\Android\Sdk\platform-tools;C:\Users\prath\AppData\Local\Android\Sdk\emulator;C:\Program Files\Microsoft\jdk-17.0.19.10-hotspot\bin;C:\Users\prath\AppData\Local\Android\Sdk\platform-tools;C:\Users\prath\AppData\Local\Android\Sdk\emulator;C:\Users\prath\AppData\Local\Android\Sdk;C:\Users\prath\AppData\Local\Microsoft\WindowsApps;C:\Users\prath\.dotnet\tools;C:\Users\prath\AppData\Local\Programs\Microsoft VS Code\bin;C:\Users\prath\AppData\Local\Microsoft\GitHubDesktop\bin;C:\Users\prath\AppData\Local\GitHubDesktop\bin;C:\Users\prath\AppData\Local\Programs\Hyper\resources\bin;C:\Program Files\sf\bin;C:\Program Files\Common Files\Oracle\Java\javapath\sf\bin;C:\Users\prath\Downloads\flutter\bin;C:\Users\prath\AppData\Local\nvm;C:\nvm4w\nodejs;C:\Users\prath\AppData\Roaming\npm;
USERNAME=prath
LANG=en_US.UTF-8
OS=Windows_NT
PROCESSOR_IDENTIFIER=AMD64 Family 23 Model 104 Stepping 1, AuthenticAMD
TMP=C:\Users\prath\AppData\Local\Temp
TEMP=C:\Users\prath\AppData\Local\Temp



Periodic native trim disabled


---------------  S Y S T E M  ---------------

OS:
 Windows 11 , 64 bit Build 26100 (10.0.26100.8737)
OS uptime: 0 days 1:23 hours
Hyper-V role detected

CPU: total 12 (initial active 12) (12 cores per cpu, 2 threads per core) family 23 model 104 stepping 1 microcode 0x8608103, cx8, cmov, fxsr, ht, mmx, 3dnowpref, sse, sse2, sse3, ssse3, sse4a, sse4.1, sse4.2, popcnt, lzcnt, tsc, tscinvbit, avx, avx2, aes, clmul, bmi1, bmi2, adx, sha, fma, vzeroupper, clflush, clflushopt, hv
Processor Information for the first 12 processors :
  Max Mhz: 2100, Current Mhz: 1988, Mhz Limit: 2100

Memory: 4k page, system-wide physical 5989M (336M free)
TotalPageFile size 24421M (AvailPageFile size 0M)
current process WorkingSet (physical memory assigned to process): 296M, peak: 296M
current process commit charge ("private bytes"): 411M, peak: 412M

vm_info: OpenJDK 64-Bit Server VM (17.0.19+10-LTS) for windows-amd64 JRE (17.0.19+10-LTS), built on Apr 18 2026 18:24:40 by "MicrosoftCorporation" with MS VC++ 17.14 (VS2022)

END.
