#
# There is insufficient memory for the Java Runtime Environment to continue.
# Native memory allocation (malloc) failed to allocate 32784 bytes. Error detail: Chunk::new
# Possible reasons:
#   The system is out of physical RAM or swap space
#   This process is running with CompressedOops enabled, and the Java Heap may be blocking the growth of the native heap
# Possible solutions:
#   Reduce memory load on the system
#   Increase physical memory or swap space
#   Check if swap backing store is full
#   Decrease Java heap size (-Xmx/-Xms)
#   Decrease number of Java threads
#   Decrease Java thread stack sizes (-Xss)
#   Set larger code cache with -XX:ReservedCodeCacheSize=
#   JVM is running with Unscaled Compressed Oops mode in which the Java heap is
#     placed in the first 4GB address space. The Java Heap base address is the
#     maximum limit for the native heap growth. Please use -XX:HeapBaseMinAddress
#     to set the Java Heap base and to place the Java Heap above 4GB virtual address.
# This output file may be truncated or incomplete.
#
#  Out of Memory Error (arena.cpp:191), pid=16008, tid=1340
#
# JRE version: OpenJDK Runtime Environment Microsoft-13877129 (17.0.19+10) (build 17.0.19+10-LTS)
# Java VM: OpenJDK 64-Bit Server VM Microsoft-13877129 (17.0.19+10-LTS, mixed mode, sharing, tiered, compressed oops, compressed class ptrs, g1 gc, windows-amd64)
# No core dump will be written. Minidumps are not enabled by default on client versions of Windows
#

---------------  S U M M A R Y ------------

Command Line: -Xmx64m -Xms64m -Dorg.gradle.appname=gradlew D:\Training\project-a\projectvideo-frontend\android\\gradle\wrapper\gradle-wrapper.jar app:installDebug -PreactNativeDevServerPort=8081

Host: AMD Ryzen 5 5500U with Radeon Graphics         , 12 cores, 5G,  Windows 11 , 64 bit Build 26100 (10.0.26100.8737)
Time: Sun Jul  5 11:42:06 2026 India Standard Time elapsed time: 297.556562 seconds (0d 0h 4m 57s)

---------------  T H R E A D  ---------------

Current thread (0x000001eeb4ac30c0):  JavaThread "C2 CompilerThread0" daemon [_thread_in_native, id=1340, stack(0x0000006ddc200000,0x0000006ddc300000)]


Current CompileTask:
C2:297558 2140       4       org.fusesource.jansi.Ansi::flushAttributes (94 bytes)

Stack: [0x0000006ddc200000,0x0000006ddc300000]
Native frames: (J=compiled Java code, j=interpreted, Vv=VM code, C=native code)
V  [jvm.dll+0x68cc89]  (no source info available)
V  [jvm.dll+0x845d89]  (no source info available)
V  [jvm.dll+0x847af8]  (no source info available)
V  [jvm.dll+0x848183]  (no source info available)
V  [jvm.dll+0x24d0bf]  (no source info available)
V  [jvm.dll+0xaed56]  (no source info available)
V  [jvm.dll+0xaf3fc]  (no source info available)
V  [jvm.dll+0xaee64]  (no source info available)
V  [jvm.dll+0x66c4dc]  (no source info available)
V  [jvm.dll+0xa6456]  (no source info available)
V  [jvm.dll+0x36e42d]  (no source info available)
V  [jvm.dll+0x36ebe2]  (no source info available)
V  [jvm.dll+0x2dcc62]  (no source info available)
V  [jvm.dll+0x653e64]  (no source info available)
V  [jvm.dll+0x11700c]  (no source info available)
V  [jvm.dll+0x34bb88]  (no source info available)
V  [jvm.dll+0x6a352b]  (no source info available)
V  [jvm.dll+0x6a5aed]  (no source info available)
V  [jvm.dll+0x69fcb8]  (no source info available)
V  [jvm.dll+0x69f54a]  (no source info available)
V  [jvm.dll+0x69d2ec]  (no source info available)
V  [jvm.dll+0x1abdbc]  (no source info available)
V  [jvm.dll+0x1ac98b]  (no source info available)
V  [jvm.dll+0x2b3ecc]  (no source info available)
V  [jvm.dll+0x6a7b41]  (no source info available)
V  [jvm.dll+0x69fcb8]  (no source info available)
V  [jvm.dll+0x69f54a]  (no source info available)
V  [jvm.dll+0x69d2ec]  (no source info available)
V  [jvm.dll+0x1abdbc]  (no source info available)
V  [jvm.dll+0x21d082]  (no source info available)
V  [jvm.dll+0x1a8db6]  (no source info available)
V  [jvm.dll+0x22dc6b]  (no source info available)
V  [jvm.dll+0x22bdf6]  (no source info available)
V  [jvm.dll+0x7fbecb]  (no source info available)
V  [jvm.dll+0x7f62cc]  (no source info available)
V  [jvm.dll+0x68e227]  (no source info available)
C  [ucrtbase.dll+0x2cd30]  (no source info available)
C  [KERNEL32.DLL+0x2e957]  (no source info available)
C  [ntdll.dll+0xaad6c]  (no source info available)


---------------  P R O C E S S  ---------------

Threads class SMR info:
_java_thread_list=0x000001eefac646e0, length=13, elements={
0x000001ee987cdbe0, 0x000001eeb4a92ca0, 0x000001eeb4a942e0, 0x000001eeb4ab4520,
0x000001eeb4ab4ee0, 0x000001eeb4ab8420, 0x000001eeb4abcc40, 0x000001eeb4ac30c0,
0x000001eeb4ac4fd0, 0x000001eeb4ad1c00, 0x000001eeb4abd150, 0x000001eeb4abbd10,
0x000001eeb4abade0
}

Java Threads: ( => current thread )
  0x000001ee987cdbe0 JavaThread "main" [_thread_in_native, id=10072, stack(0x0000006ddb500000,0x0000006ddb600000)]
  0x000001eeb4a92ca0 JavaThread "Reference Handler" daemon [_thread_blocked, id=18680, stack(0x0000006ddbc00000,0x0000006ddbd00000)]
  0x000001eeb4a942e0 JavaThread "Finalizer" daemon [_thread_blocked, id=9880, stack(0x0000006ddbd00000,0x0000006ddbe00000)]
  0x000001eeb4ab4520 JavaThread "Signal Dispatcher" daemon [_thread_blocked, id=18808, stack(0x0000006ddbe00000,0x0000006ddbf00000)]
  0x000001eeb4ab4ee0 JavaThread "Attach Listener" daemon [_thread_blocked, id=19124, stack(0x0000006ddbf00000,0x0000006ddc000000)]
  0x000001eeb4ab8420 JavaThread "Service Thread" daemon [_thread_blocked, id=3320, stack(0x0000006ddc000000,0x0000006ddc100000)]
  0x000001eeb4abcc40 JavaThread "Monitor Deflation Thread" daemon [_thread_blocked, id=27596, stack(0x0000006ddc100000,0x0000006ddc200000)]
=>0x000001eeb4ac30c0 JavaThread "C2 CompilerThread0" daemon [_thread_in_native, id=1340, stack(0x0000006ddc200000,0x0000006ddc300000)]
  0x000001eeb4ac4fd0 JavaThread "C1 CompilerThread0" daemon [_thread_blocked, id=22188, stack(0x0000006ddc300000,0x0000006ddc400000)]
  0x000001eeb4ad1c00 JavaThread "Sweeper thread" daemon [_thread_blocked, id=28844, stack(0x0000006ddc400000,0x0000006ddc500000)]
  0x000001eeb4abd150 JavaThread "Notification Thread" daemon [_thread_blocked, id=25132, stack(0x0000006ddc500000,0x0000006ddc600000)]
  0x000001eeb4abbd10 JavaThread "Common-Cleaner" daemon [_thread_blocked, id=27392, stack(0x0000006ddc700000,0x0000006ddc800000)]
  0x000001eeb4abade0 JavaThread "pool-1-thread-1" [_thread_blocked, id=28064, stack(0x0000006ddcb00000,0x0000006ddcc00000)]

Other Threads:
  0x000001ee9ac8eb30 VMThread "VM Thread" [stack: 0x0000006ddbb00000,0x0000006ddbc00000] [id=13060]
  0x000001eeb4c12800 WatcherThread [stack: 0x0000006ddc600000,0x0000006ddc700000] [id=27880]
  0x000001ee9ac00e30 GCTaskThread "GC Thread#0" [stack: 0x0000006ddb600000,0x0000006ddb700000] [id=12068]
  0x000001eeb4f269e0 GCTaskThread "GC Thread#1" [stack: 0x0000006ddc800000,0x0000006ddc900000] [id=21912]
  0x000001eeb4dee230 GCTaskThread "GC Thread#2" [stack: 0x0000006ddc900000,0x0000006ddca00000] [id=10028]
  0x000001eeb4dee500 GCTaskThread "GC Thread#3" [stack: 0x0000006ddca00000,0x0000006ddcb00000] [id=19904]
  0x000001eefa7c8ec0 GCTaskThread "GC Thread#4" [stack: 0x0000006ddcc00000,0x0000006ddcd00000] [id=22348]
  0x000001eefa7ca810 GCTaskThread "GC Thread#5" [stack: 0x0000006ddcd00000,0x0000006ddce00000] [id=27756]
  0x000001eefa7c8bf0 GCTaskThread "GC Thread#6" [stack: 0x0000006ddce00000,0x0000006ddcf00000] [id=27112]
  0x000001eefa7ca270 GCTaskThread "GC Thread#7" [stack: 0x0000006ddcf00000,0x0000006ddd000000] [id=14060]
  0x000001ee9ac02590 ConcurrentGCThread "G1 Main Marker" [stack: 0x0000006ddb700000,0x0000006ddb800000] [id=7328]
  0x000001ee9ac02fb0 ConcurrentGCThread "G1 Conc#0" [stack: 0x0000006ddb800000,0x0000006ddb900000] [id=23476]
  0x000001ee9ac71de0 ConcurrentGCThread "G1 Refine#0" [stack: 0x0000006ddb900000,0x0000006ddba00000] [id=15216]
  0x000001eefa60ce70 ConcurrentGCThread "G1 Refine#1" [stack: 0x0000006ddd000000,0x0000006ddd100000] [id=17332]
  0x000001ee9ac736d0 ConcurrentGCThread "G1 Service" [stack: 0x0000006ddba00000,0x0000006ddbb00000] [id=17500]

Threads with active compile tasks:
C2 CompilerThread0  297712 2140       4       org.fusesource.jansi.Ansi::flushAttributes (94 bytes)

VM state: not at safepoint (normal execution)

VM Mutex/Monitor currently owned by a thread: None

Heap address: 0x00000000fc000000, size: 64 MB, Compressed Oops mode: 32-bit

CDS archive(s) mapped at: [0x000001eeb5000000-0x000001eeb5bb0000-0x000001eeb5bb0000), size 12255232, SharedBaseAddress: 0x000001eeb5000000, ArchiveRelocationMode: 1.
Compressed class space mapped at: 0x000001eeb6000000-0x000001eef6000000, reserved size: 1073741824
Narrow klass base: 0x000001eeb5000000, Narrow klass shift: 0, Narrow klass range: 0x100000000

GC Precious Log:
 CPUs: 12 total, 12 available
 Memory: 5989M
 Large Page Support: Disabled
 NUMA Support: Disabled
 Compressed Oops: Enabled (32-bit)
 Heap Region Size: 1M
 Heap Min Capacity: 64M
 Heap Initial Capacity: 64M
 Heap Max Capacity: 64M
 Pre-touch: Disabled
 Parallel Workers: 10
 Concurrent Workers: 3
 Concurrent Refinement Workers: 10
 Periodic GC: Disabled

Heap:
 garbage-first heap   total 65536K, used 31801K [0x00000000fc000000, 0x0000000100000000)
  region size 1024K, 24 young (24576K), 4 survivors (4096K)
 Metaspace       used 10771K, committed 11008K, reserved 1114112K
  class space    used 1371K, committed 1472K, reserved 1048576K

Heap Regions: E=young(eden), S=young(survivor), O=old, HS=humongous(starts), HC=humongous(continues), CS=collection set, F=free, OA=open archive, CA=closed archive, TAMS=top-at-mark-start (previous, next)
|   0|0x00000000fc000000, 0x00000000fc100000, 0x00000000fc100000|100%|HS|  |TAMS 0x00000000fc000000, 0x00000000fc000000| Complete 
|   1|0x00000000fc100000, 0x00000000fc200000, 0x00000000fc200000|100%|HC|  |TAMS 0x00000000fc100000, 0x00000000fc100000| Complete 
|   2|0x00000000fc200000, 0x00000000fc300000, 0x00000000fc300000|100%|HC|  |TAMS 0x00000000fc200000, 0x00000000fc200000| Complete 
|   3|0x00000000fc300000, 0x00000000fc400000, 0x00000000fc400000|100%|HC|  |TAMS 0x00000000fc300000, 0x00000000fc300000| Complete 
|   4|0x00000000fc400000, 0x00000000fc500000, 0x00000000fc500000|100%| O|  |TAMS 0x00000000fc400000, 0x00000000fc400000| Untracked 
|   5|0x00000000fc500000, 0x00000000fc600000, 0x00000000fc600000|100%| O|  |TAMS 0x00000000fc500000, 0x00000000fc500000| Untracked 
|   6|0x00000000fc600000, 0x00000000fc700000, 0x00000000fc700000|100%| O|  |TAMS 0x00000000fc600000, 0x00000000fc600000| Untracked 
|   7|0x00000000fc700000, 0x00000000fc800000, 0x00000000fc800000|100%| O|  |TAMS 0x00000000fc700000, 0x00000000fc700000| Untracked 
|   8|0x00000000fc800000, 0x00000000fc80e400, 0x00000000fc900000|  5%| O|  |TAMS 0x00000000fc800000, 0x00000000fc800000| Untracked 
|   9|0x00000000fc900000, 0x00000000fc900000, 0x00000000fca00000|  0%| F|  |TAMS 0x00000000fc900000, 0x00000000fc900000| Untracked 
|  10|0x00000000fca00000, 0x00000000fca00000, 0x00000000fcb00000|  0%| F|  |TAMS 0x00000000fca00000, 0x00000000fca00000| Untracked 
|  11|0x00000000fcb00000, 0x00000000fcb00000, 0x00000000fcc00000|  0%| F|  |TAMS 0x00000000fcb00000, 0x00000000fcb00000| Untracked 
|  12|0x00000000fcc00000, 0x00000000fcc00000, 0x00000000fcd00000|  0%| F|  |TAMS 0x00000000fcc00000, 0x00000000fcc00000| Untracked 
|  13|0x00000000fcd00000, 0x00000000fcd00000, 0x00000000fce00000|  0%| F|  |TAMS 0x00000000fcd00000, 0x00000000fcd00000| Untracked 
|  14|0x00000000fce00000, 0x00000000fce00000, 0x00000000fcf00000|  0%| F|  |TAMS 0x00000000fce00000, 0x00000000fce00000| Untracked 
|  15|0x00000000fcf00000, 0x00000000fcf00000, 0x00000000fd000000|  0%| F|  |TAMS 0x00000000fcf00000, 0x00000000fcf00000| Untracked 
|  16|0x00000000fd000000, 0x00000000fd000000, 0x00000000fd100000|  0%| F|  |TAMS 0x00000000fd000000, 0x00000000fd000000| Untracked 
|  17|0x00000000fd100000, 0x00000000fd100000, 0x00000000fd200000|  0%| F|  |TAMS 0x00000000fd100000, 0x00000000fd100000| Untracked 
|  18|0x00000000fd200000, 0x00000000fd200000, 0x00000000fd300000|  0%| F|  |TAMS 0x00000000fd200000, 0x00000000fd200000| Untracked 
|  19|0x00000000fd300000, 0x00000000fd300000, 0x00000000fd400000|  0%| F|  |TAMS 0x00000000fd300000, 0x00000000fd300000| Untracked 
|  20|0x00000000fd400000, 0x00000000fd400000, 0x00000000fd500000|  0%| F|  |TAMS 0x00000000fd400000, 0x00000000fd400000| Untracked 
|  21|0x00000000fd500000, 0x00000000fd500000, 0x00000000fd600000|  0%| F|  |TAMS 0x00000000fd500000, 0x00000000fd500000| Untracked 
|  22|0x00000000fd600000, 0x00000000fd600000, 0x00000000fd700000|  0%| F|  |TAMS 0x00000000fd600000, 0x00000000fd600000| Untracked 
|  23|0x00000000fd700000, 0x00000000fd700000, 0x00000000fd800000|  0%| F|  |TAMS 0x00000000fd700000, 0x00000000fd700000| Untracked 
|  24|0x00000000fd800000, 0x00000000fd800000, 0x00000000fd900000|  0%| F|  |TAMS 0x00000000fd800000, 0x00000000fd800000| Untracked 
|  25|0x00000000fd900000, 0x00000000fd900000, 0x00000000fda00000|  0%| F|  |TAMS 0x00000000fd900000, 0x00000000fd900000| Untracked 
|  26|0x00000000fda00000, 0x00000000fda00000, 0x00000000fdb00000|  0%| F|  |TAMS 0x00000000fda00000, 0x00000000fda00000| Untracked 
|  27|0x00000000fdb00000, 0x00000000fdb00000, 0x00000000fdc00000|  0%| F|  |TAMS 0x00000000fdb00000, 0x00000000fdb00000| Untracked 
|  28|0x00000000fdc00000, 0x00000000fdd00000, 0x00000000fdd00000|100%| S|CS|TAMS 0x00000000fdc00000, 0x00000000fdc00000| Complete 
|  29|0x00000000fdd00000, 0x00000000fde00000, 0x00000000fde00000|100%| S|CS|TAMS 0x00000000fdd00000, 0x00000000fdd00000| Complete 
|  30|0x00000000fde00000, 0x00000000fdf00000, 0x00000000fdf00000|100%| S|CS|TAMS 0x00000000fde00000, 0x00000000fde00000| Complete 
|  31|0x00000000fdf00000, 0x00000000fe000000, 0x00000000fe000000|100%| S|CS|TAMS 0x00000000fdf00000, 0x00000000fdf00000| Complete 
|  32|0x00000000fe000000, 0x00000000fe000000, 0x00000000fe100000|  0%| F|  |TAMS 0x00000000fe000000, 0x00000000fe000000| Untracked 
|  33|0x00000000fe100000, 0x00000000fe100000, 0x00000000fe200000|  0%| F|  |TAMS 0x00000000fe100000, 0x00000000fe100000| Untracked 
|  34|0x00000000fe200000, 0x00000000fe200000, 0x00000000fe300000|  0%| F|  |TAMS 0x00000000fe200000, 0x00000000fe200000| Untracked 
|  35|0x00000000fe300000, 0x00000000fe300000, 0x00000000fe400000|  0%| F|  |TAMS 0x00000000fe300000, 0x00000000fe300000| Untracked 
|  36|0x00000000fe400000, 0x00000000fe400000, 0x00000000fe500000|  0%| F|  |TAMS 0x00000000fe400000, 0x00000000fe400000| Untracked 
|  37|0x00000000fe500000, 0x00000000fe500000, 0x00000000fe600000|  0%| F|  |TAMS 0x00000000fe500000, 0x00000000fe500000| Untracked 
|  38|0x00000000fe600000, 0x00000000fe600000, 0x00000000fe700000|  0%| F|  |TAMS 0x00000000fe600000, 0x00000000fe600000| Untracked 
|  39|0x00000000fe700000, 0x00000000fe700000, 0x00000000fe800000|  0%| F|  |TAMS 0x00000000fe700000, 0x00000000fe700000| Untracked 
|  40|0x00000000fe800000, 0x00000000fe800000, 0x00000000fe900000|  0%| F|  |TAMS 0x00000000fe800000, 0x00000000fe800000| Untracked 
|  41|0x00000000fe900000, 0x00000000fe900000, 0x00000000fea00000|  0%| F|  |TAMS 0x00000000fe900000, 0x00000000fe900000| Untracked 
|  42|0x00000000fea00000, 0x00000000fea00000, 0x00000000feb00000|  0%| F|  |TAMS 0x00000000fea00000, 0x00000000fea00000| Untracked 
|  43|0x00000000feb00000, 0x00000000feb00000, 0x00000000fec00000|  0%| F|  |TAMS 0x00000000feb00000, 0x00000000feb00000| Untracked 
|  44|0x00000000fec00000, 0x00000000fecf24c8, 0x00000000fed00000| 94%| E|  |TAMS 0x00000000fec00000, 0x00000000fec00000| Complete 
|  45|0x00000000fed00000, 0x00000000fee00000, 0x00000000fee00000|100%| E|CS|TAMS 0x00000000fed00000, 0x00000000fed00000| Complete 
|  46|0x00000000fee00000, 0x00000000fef00000, 0x00000000fef00000|100%| E|CS|TAMS 0x00000000fee00000, 0x00000000fee00000| Complete 
|  47|0x00000000fef00000, 0x00000000ff000000, 0x00000000ff000000|100%| E|CS|TAMS 0x00000000fef00000, 0x00000000fef00000| Complete 
|  48|0x00000000ff000000, 0x00000000ff100000, 0x00000000ff100000|100%| E|CS|TAMS 0x00000000ff000000, 0x00000000ff000000| Complete 
|  49|0x00000000ff100000, 0x00000000ff200000, 0x00000000ff200000|100%| E|CS|TAMS 0x00000000ff100000, 0x00000000ff100000| Complete 
|  50|0x00000000ff200000, 0x00000000ff300000, 0x00000000ff300000|100%| E|CS|TAMS 0x00000000ff200000, 0x00000000ff200000| Complete 
|  51|0x00000000ff300000, 0x00000000ff400000, 0x00000000ff400000|100%| E|CS|TAMS 0x00000000ff300000, 0x00000000ff300000| Complete 
|  52|0x00000000ff400000, 0x00000000ff500000, 0x00000000ff500000|100%| E|CS|TAMS 0x00000000ff400000, 0x00000000ff400000| Complete 
|  53|0x00000000ff500000, 0x00000000ff600000, 0x00000000ff600000|100%| E|CS|TAMS 0x00000000ff500000, 0x00000000ff500000| Complete 
|  54|0x00000000ff600000, 0x00000000ff700000, 0x00000000ff700000|100%| E|CS|TAMS 0x00000000ff600000, 0x00000000ff600000| Complete 
|  55|0x00000000ff700000, 0x00000000ff800000, 0x00000000ff800000|100%| E|CS|TAMS 0x00000000ff700000, 0x00000000ff700000| Complete 
|  56|0x00000000ff800000, 0x00000000ff900000, 0x00000000ff900000|100%| E|CS|TAMS 0x00000000ff800000, 0x00000000ff800000| Complete 
|  57|0x00000000ff900000, 0x00000000ffa00000, 0x00000000ffa00000|100%| E|CS|TAMS 0x00000000ff900000, 0x00000000ff900000| Complete 
|  58|0x00000000ffa00000, 0x00000000ffb00000, 0x00000000ffb00000|100%| E|CS|TAMS 0x00000000ffa00000, 0x00000000ffa00000| Complete 
|  59|0x00000000ffb00000, 0x00000000ffc00000, 0x00000000ffc00000|100%| E|CS|TAMS 0x00000000ffb00000, 0x00000000ffb00000| Complete 
|  60|0x00000000ffc00000, 0x00000000ffd00000, 0x00000000ffd00000|100%| E|CS|TAMS 0x00000000ffc00000, 0x00000000ffc00000| Complete 
|  61|0x00000000ffd00000, 0x00000000ffe00000, 0x00000000ffe00000|100%| E|CS|TAMS 0x00000000ffd00000, 0x00000000ffd00000| Complete 
|  62|0x00000000ffe00000, 0x00000000fff00000, 0x00000000fff00000|100%| E|CS|TAMS 0x00000000ffe00000, 0x00000000ffe00000| Complete 
|  63|0x00000000fff00000, 0x0000000100000000, 0x0000000100000000|100%| E|CS|TAMS 0x00000000fff00000, 0x00000000fff00000| Complete 

Card table byte_map: [0x000001ee98e30000,0x000001ee98e50000] _byte_map_base: 0x000001ee98650000

Marking Bits (Prev, Next): (CMBitMap*) 0x000001ee9ac01460, (CMBitMap*) 0x000001ee9ac014a0
 Prev Bits: [0x000001eeb1cc0000, 0x000001eeb1dc0000)
 Next Bits: [0x000001eeb1dc0000, 0x000001eeb1ec0000)

Polling page: 0x000001ee989d0000

Metaspace:

Usage:
  Non-class:      9.18 MB used.
      Class:      1.34 MB used.
       Both:     10.52 MB used.

Virtual space:
  Non-class space:       64.00 MB reserved,       9.31 MB ( 15%) committed,  1 nodes.
      Class space:        1.00 GB reserved,       1.44 MB ( <1%) committed,  1 nodes.
             Both:        1.06 GB reserved,      10.75 MB ( <1%) committed. 

Chunk freelists:
   Non-Class:  5.98 MB
       Class:  14.54 MB
        Both:  20.53 MB

MaxMetaspaceSize: unlimited
CompressedClassSpaceSize: 1.00 GB
Initial GC threshold: 21.00 MB
Current GC threshold: 21.00 MB
CDS: on
MetaspaceReclaimPolicy: balanced
 - commit_granule_bytes: 65536.
 - commit_granule_words: 8192.
 - virtual_space_node_default_size: 8388608.
 - enlarge_chunks_in_place: 1.
 - new_chunks_are_fully_committed: 0.
 - uncommit_free_chunks: 1.
 - use_allocation_guard: 0.
 - handle_deallocations: 1.


Internal statistics:

num_allocs_failed_limit: 0.
num_arena_births: 98.
num_arena_deaths: 0.
num_vsnodes_births: 2.
num_vsnodes_deaths: 0.
num_space_committed: 172.
num_space_uncommitted: 0.
num_chunks_returned_to_freelist: 0.
num_chunks_taken_from_freelist: 395.
num_chunk_merges: 0.
num_chunk_splits: 263.
num_chunks_enlarged: 212.
num_inconsistent_stats: 0.

CodeHeap 'non-profiled nmethods': size=120000Kb used=865Kb max_used=865Kb free=119134Kb
 bounds [0x000001eeaa240000, 0x000001eeaa4b0000, 0x000001eeb1770000]
CodeHeap 'profiled nmethods': size=120000Kb used=4082Kb max_used=4082Kb free=115917Kb
 bounds [0x000001eea2770000, 0x000001eea2b70000, 0x000001eea9ca0000]
CodeHeap 'non-nmethods': size=5760Kb used=1181Kb max_used=1200Kb free=4578Kb
 bounds [0x000001eea9ca0000, 0x000001eea9f10000, 0x000001eeaa240000]
 total_blobs=2613 nmethods=2132 adapters=394
 compilation: enabled
              stopped_count=0, restarted_count=0
 full_count=0

Compilation events (20 events):
Event: 242.546 Thread 0x000001eeb4ac4fd0 nmethod 2129 0x000001eea2b69990 code [0x000001eea2b69b40, 0x000001eea2b69c88]
Event: 246.842 Thread 0x000001eeb4ac30c0 2130       4       java.util.HashMap$HashIterator::<init> (79 bytes)
Event: 246.856 Thread 0x000001eeb4ac30c0 nmethod 2130 0x000001eeaa317290 code [0x000001eeaa317420, 0x000001eeaa317798]
Event: 264.540 Thread 0x000001eeb4ac30c0 2131       4       java.util.concurrent.locks.LockSupport::setBlocker (12 bytes)
Event: 264.547 Thread 0x000001eeb4ac30c0 nmethod 2131 0x000001eeaa317910 code [0x000001eeaa317a80, 0x000001eeaa317b98]
Event: 268.571 Thread 0x000001eeb4ac4fd0 2132       3       com.google.common.collect.ImmutableList::asImmutableList (69 bytes)
Event: 269.004 Thread 0x000001eeb4ac4fd0 nmethod 2132 0x000001eea2b69d90 code [0x000001eea2b69fc0, 0x000001eea2b6a768]
Event: 269.144 Thread 0x000001eeb4ac30c0 2133       4       java.util.concurrent.ScheduledThreadPoolExecutor$ScheduledFutureTask::getDelay (16 bytes)
Event: 269.162 Thread 0x000001eeb4ac30c0 nmethod 2133 0x000001eeaa317c10 code [0x000001eeaa317da0, 0x000001eeaa317ed8]
Event: 269.832 Thread 0x000001eeb4ac30c0 2134       4       java.util.concurrent.locks.AbstractQueuedSynchronizer$ConditionObject::canReacquire (38 bytes)
Event: 269.835 Thread 0x000001eeb4ac30c0 nmethod 2134 0x000001eeaa318010 code [0x000001eeaa3181a0, 0x000001eeaa318258]
Event: 272.582 Thread 0x000001eeb4ac30c0 2135       4       java.util.concurrent.locks.ReentrantLock$Sync::isHeldExclusively (16 bytes)
Event: 272.584 Thread 0x000001eeb4ac30c0 nmethod 2135 0x000001eeaa318310 code [0x000001eeaa3184a0, 0x000001eeaa318558]
Event: 278.483 Thread 0x000001eeb4ac4fd0 2136       3       java.util.ArrayList::rangeCheckForAdd (26 bytes)
Event: 278.549 Thread 0x000001eeb4ac4fd0 nmethod 2136 0x000001eea2b6aa90 code [0x000001eea2b6ace0, 0x000001eea2b6b368]
Event: 283.588 Thread 0x000001eeb4ac4fd0 2137       3       org.gradle.internal.logging.console.DefaultColorMap$CompositeColor::on (40 bytes)
Event: 284.318 Thread 0x000001eeb4ac4fd0 nmethod 2137 0x000001eea2b6b610 code [0x000001eea2b6b800, 0x000001eea2b6bdf8]
Event: 284.318 Thread 0x000001eeb4ac4fd0 2139       3       org.gradle.internal.logging.console.DefaultColorMap$CompositeColor::off (43 bytes)
Event: 284.339 Thread 0x000001eeb4ac4fd0 nmethod 2139 0x000001eea2b6bf90 code [0x000001eea2b6c1a0, 0x000001eea2b6c7a8]
Event: 291.036 Thread 0x000001eeb4ac30c0 2140       4       org.fusesource.jansi.Ansi::flushAttributes (94 bytes)

GC Heap History (4 events):
Event: 0.956 GC heap before
{Heap before GC invocations=0 (full 0):
 garbage-first heap   total 65536K, used 23552K [0x00000000fc000000, 0x0000000100000000)
  region size 1024K, 23 young (23552K), 0 survivors (0K)
 Metaspace       used 1693K, committed 1792K, reserved 1114112K
  class space    used 158K, committed 192K, reserved 1048576K
}
Event: 0.964 GC heap after
{Heap after GC invocations=1 (full 0):
 garbage-first heap   total 65536K, used 1824K [0x00000000fc000000, 0x0000000100000000)
  region size 1024K, 2 young (2048K), 2 survivors (2048K)
 Metaspace       used 1693K, committed 1792K, reserved 1114112K
  class space    used 158K, committed 192K, reserved 1048576K
}
Event: 3.431 GC heap before
{Heap before GC invocations=1 (full 0):
 garbage-first heap   total 65536K, used 35616K [0x00000000fc000000, 0x0000000100000000)
  region size 1024K, 32 young (32768K), 2 survivors (2048K)
 Metaspace       used 7211K, committed 7424K, reserved 1114112K
  class space    used 947K, committed 1088K, reserved 1048576K
}
Event: 3.443 GC heap after
{Heap after GC invocations=2 (full 0):
 garbage-first heap   total 65536K, used 12345K [0x00000000fc000000, 0x0000000100000000)
  region size 1024K, 4 young (4096K), 4 survivors (4096K)
 Metaspace       used 7211K, committed 7424K, reserved 1114112K
  class space    used 947K, committed 1088K, reserved 1048576K
}

Dll operation events (13 events):
Event: 0.023 Loaded shared library C:\Program Files\Microsoft\jdk-17.0.19.10-hotspot\bin\java.dll
Event: 0.051 Loaded shared library C:\Program Files\Microsoft\jdk-17.0.19.10-hotspot\bin\jsvml.dll
Event: 0.113 Loaded shared library C:\Program Files\Microsoft\jdk-17.0.19.10-hotspot\bin\net.dll
Event: 0.117 Loaded shared library C:\Program Files\Microsoft\jdk-17.0.19.10-hotspot\bin\nio.dll
Event: 0.123 Loaded shared library C:\Program Files\Microsoft\jdk-17.0.19.10-hotspot\bin\zip.dll
Event: 0.972 Loaded shared library C:\Program Files\Microsoft\jdk-17.0.19.10-hotspot\bin\jimage.dll
Event: 2.060 Loaded shared library C:\Program Files\Microsoft\jdk-17.0.19.10-hotspot\bin\management.dll
Event: 2.075 Loaded shared library C:\Program Files\Microsoft\jdk-17.0.19.10-hotspot\bin\management_ext.dll
Event: 2.221 Loaded shared library C:\Users\prath\.gradle\native\660c5614fbf4a5f2a75b1949f50a0caf5cd603558e7d8a26e50b933a0cfb79d1\windows-amd64\native-platform.dll
Event: 2.344 Loaded shared library C:\Users\prath\.gradle\native\jansi\2.4.2\Windows\x86_64\jansi.dll
Event: 3.387 Loaded shared library C:\Program Files\Microsoft\jdk-17.0.19.10-hotspot\bin\extnet.dll
Event: 4.364 Loaded shared library C:\Program Files\Microsoft\jdk-17.0.19.10-hotspot\bin\verify.dll
Event: 13.535 Loaded shared library C:\Program Files\Microsoft\jdk-17.0.19.10-hotspot\bin\sunmscapi.dll

Deoptimization events (20 events):
Event: 4.635 Thread 0x000001eeb4aba3c0 Uncommon trap: trap_request=0xffffff45 fr.pc=0x000001eeaa2876bc relative=0x000000000000049c
Event: 4.635 Thread 0x000001eeb4aba3c0 Uncommon trap: reason=unstable_if action=reinterpret pc=0x000001eeaa2876bc method=java.lang.AbstractStringBuilder.putStringAt(ILjava/lang/String;II)V @ 8 c2
Event: 4.635 Thread 0x000001eeb4aba3c0 DEOPT PACKING pc=0x000001eeaa2876bc sp=0x0000006ddd1feaa0
Event: 4.635 Thread 0x000001eeb4aba3c0 DEOPT UNPACKING pc=0x000001eea9cf69a3 sp=0x0000006ddd1fe938 mode 2
Event: 4.635 Thread 0x000001eeb4aba3c0 Uncommon trap: trap_request=0xffffff45 fr.pc=0x000001eeaa28f2b4 relative=0x0000000000000494
Event: 4.635 Thread 0x000001eeb4aba3c0 Uncommon trap: reason=unstable_if action=reinterpret pc=0x000001eeaa28f2b4 method=java.lang.AbstractStringBuilder.putStringAt(ILjava/lang/String;II)V @ 8 c2
Event: 4.635 Thread 0x000001eeb4aba3c0 DEOPT PACKING pc=0x000001eeaa28f2b4 sp=0x0000006ddd1fea40
Event: 4.635 Thread 0x000001eeb4aba3c0 DEOPT UNPACKING pc=0x000001eea9cf69a3 sp=0x0000006ddd1fe930 mode 2
Event: 13.322 Thread 0x000001eeb4aba3c0 Uncommon trap: trap_request=0xffffff45 fr.pc=0x000001eeaa250020 relative=0x0000000000000080
Event: 13.322 Thread 0x000001eeb4aba3c0 Uncommon trap: reason=unstable_if action=reinterpret pc=0x000001eeaa250020 method=java.lang.String.codePointAt(I)I @ 4 c2
Event: 13.322 Thread 0x000001eeb4aba3c0 DEOPT PACKING pc=0x000001eeaa250020 sp=0x0000006ddd1fea50
Event: 13.322 Thread 0x000001eeb4aba3c0 DEOPT UNPACKING pc=0x000001eea9cf69a3 sp=0x0000006ddd1fe9e8 mode 2
Event: 13.470 Thread 0x000001ee987cdbe0 Uncommon trap: trap_request=0xffffffde fr.pc=0x000001eeaa2ce3e0 relative=0x00000000000008c0
Event: 13.470 Thread 0x000001ee987cdbe0 Uncommon trap: reason=class_check action=maybe_recompile pc=0x000001eeaa2ce3e0 method=java.util.HashMap.putVal(ILjava/lang/Object;Ljava/lang/Object;ZZ)Ljava/lang/Object; @ 203 c2
Event: 13.470 Thread 0x000001ee987cdbe0 DEOPT PACKING pc=0x000001eeaa2ce3e0 sp=0x0000006ddb5fa430
Event: 13.470 Thread 0x000001ee987cdbe0 DEOPT UNPACKING pc=0x000001eea9cf69a3 sp=0x0000006ddb5fa358 mode 2
Event: 13.471 Thread 0x000001ee987cdbe0 Uncommon trap: trap_request=0xffffffde fr.pc=0x000001eeaa2ce3e0 relative=0x00000000000008c0
Event: 13.471 Thread 0x000001ee987cdbe0 Uncommon trap: reason=class_check action=maybe_recompile pc=0x000001eeaa2ce3e0 method=java.util.HashMap.putVal(ILjava/lang/Object;Ljava/lang/Object;ZZ)Ljava/lang/Object; @ 203 c2
Event: 13.471 Thread 0x000001ee987cdbe0 DEOPT PACKING pc=0x000001eeaa2ce3e0 sp=0x0000006ddb5fa430
Event: 13.471 Thread 0x000001ee987cdbe0 DEOPT UNPACKING pc=0x000001eea9cf69a3 sp=0x0000006ddb5fa358 mode 2

Classes loaded (20 events):
Event: 13.868 Loading class jdk/internal/logger/LoggerFinderLoader
Event: 13.869 Loading class jdk/internal/logger/LoggerFinderLoader done
Event: 13.869 Loading class jdk/internal/logger/LoggerFinderLoader$TemporaryLoggerFinder
Event: 13.869 Loading class jdk/internal/logger/LoggerFinderLoader$TemporaryLoggerFinder done
Event: 13.870 Loading class sun/util/logging/internal/LoggingProviderImpl$JULWrapper
Event: 13.871 Loading class sun/util/logging/PlatformLogger$ConfigurableBridge$LoggerConfiguration
Event: 13.871 Loading class sun/util/logging/PlatformLogger$ConfigurableBridge$LoggerConfiguration done
Event: 13.871 Loading class sun/util/logging/internal/LoggingProviderImpl$JULWrapper done
Event: 13.872 Loading class java/io/ObjectInputFilter
Event: 13.872 Loading class java/io/ObjectInputFilter done
Event: 13.873 Loading class java/io/ObjectInputFilter$Config$BuiltinFilterFactory
Event: 13.874 Loading class java/io/ObjectInputFilter$Config$BuiltinFilterFactory done
Event: 13.874 Loading class jdk/internal/access/JavaObjectInputFilterAccess
Event: 13.874 Loading class jdk/internal/access/JavaObjectInputFilterAccess done
Event: 13.875 Loading class java/lang/System$Logger$Level
Event: 13.876 Loading class java/lang/System$Logger$Level done
Event: 13.876 Loading class java/io/Bits
Event: 13.876 Loading class java/io/Bits done
Event: 60.845 Loading class java/util/ArrayList$ListItr
Event: 60.845 Loading class java/util/ArrayList$ListItr done

Classes unloaded (0 events):
No events

Classes redefined (0 events):
No events

Internal exceptions (20 events):
Event: 2.361 Thread 0x000001ee987cdbe0 Exception <a 'java/lang/NullPointerException'{0x00000000febe7df0}> (0x00000000febe7df0) 
thrown [s\src\hotspot\share\interpreter\linkResolver.cpp, line 1350]
Event: 2.364 Thread 0x000001ee987cdbe0 Exception <a 'java/lang/NullPointerException'{0x00000000febf13c8}> (0x00000000febf13c8) 
thrown [s\src\hotspot\share\interpreter\linkResolver.cpp, line 1350]
Event: 2.370 Thread 0x000001ee987cdbe0 Exception <a 'java/lang/NullPointerException'{0x00000000fea0e980}> (0x00000000fea0e980) 
thrown [s\src\hotspot\share\interpreter\linkResolver.cpp, line 1350]
Event: 2.371 Thread 0x000001ee987cdbe0 Exception <a 'java/lang/NullPointerException'{0x00000000fea0ef00}> (0x00000000fea0ef00) 
thrown [s\src\hotspot\share\interpreter\linkResolver.cpp, line 1350]
Event: 2.371 Thread 0x000001ee987cdbe0 Exception <a 'java/lang/NullPointerException'{0x00000000fea0f480}> (0x00000000fea0f480) 
thrown [s\src\hotspot\share\interpreter\linkResolver.cpp, line 1350]
Event: 2.371 Thread 0x000001ee987cdbe0 Exception <a 'java/lang/NullPointerException'{0x00000000fea0fa00}> (0x00000000fea0fa00) 
thrown [s\src\hotspot\share\interpreter\linkResolver.cpp, line 1350]
Event: 2.537 Thread 0x000001ee987cdbe0 Exception <a 'java/lang/NoSuchMethodError'{0x00000000fe56f6e8}: 'java.lang.Object java.lang.invoke.DirectMethodHandle$Holder.newInvokeSpecial(java.lang.Object, java.lang.Object, java.lang.Object, java.lang.Object, java.lang.Object)'> (0x00000000fe56f6e8) 
thrown [s\src\hotspot\share\interpreter\linkResolver.cpp, line 759]
Event: 2.598 Thread 0x000001ee987cdbe0 Exception <a 'java/lang/NoSuchMethodError'{0x00000000fe4ffa10}: 'void java.lang.invoke.DirectMethodHandle$Holder.invokeSpecial(java.lang.Object, java.lang.Object, java.lang.Object)'> (0x00000000fe4ffa10) 
thrown [s\src\hotspot\share\interpreter\linkResolver.cpp, line 759]
Event: 2.606 Thread 0x000001ee987cdbe0 Implicit null exception at 0x000001eeaa28c98b to 0x000001eeaa28cecc
Event: 2.676 Thread 0x000001ee987cdbe0 Exception <a 'java/lang/NoSuchMethodError'{0x00000000fe3bafe0}: 'java.lang.Object java.lang.invoke.DirectMethodHandle$Holder.invokeStaticInit(java.lang.Object, int, int, int, int)'> (0x00000000fe3bafe0) 
thrown [s\src\hotspot\share\interpreter\linkResolver.cpp, line 759]
Event: 2.926 Thread 0x000001ee987cdbe0 Exception <a 'java/lang/NoSuchMethodError'{0x00000000fe2978e8}: 'java.lang.Object java.lang.invoke.DirectMethodHandle$Holder.invokeStaticInit(java.lang.Object, java.lang.Object, int, int, int, int)'> (0x00000000fe2978e8) 
thrown [s\src\hotspot\share\interpreter\linkResolver.cpp, line 759]
Event: 2.944 Thread 0x000001ee987cdbe0 Exception <a 'java/lang/NoSuchMethodError'{0x00000000fe2c9e48}: 'int java.lang.invoke.DirectMethodHandle$Holder.invokeStatic(java.lang.Object)'> (0x00000000fe2c9e48) 
thrown [s\src\hotspot\share\interpreter\linkResolver.cpp, line 759]
Event: 2.945 Thread 0x000001ee987cdbe0 Exception <a 'java/lang/NoSuchMethodError'{0x00000000fe2cd5a0}: 'int java.lang.invoke.DirectMethodHandle$Holder.invokeStaticInit(java.lang.Object)'> (0x00000000fe2cd5a0) 
thrown [s\src\hotspot\share\interpreter\linkResolver.cpp, line 759]
Event: 3.395 Thread 0x000001ee987cdbe0 Exception <a 'java/lang/NoSuchMethodError'{0x00000000fe065460}: 'void java.lang.invoke.DirectMethodHandle$Holder.invokeStatic(java.lang.Object, java.lang.Object, java.lang.Object)'> (0x00000000fe065460) 
thrown [s\src\hotspot\share\interpreter\linkResolver.cpp, line 759]
Event: 4.518 Thread 0x000001eeb4aba3c0 Exception <a 'java/lang/NoSuchMethodError'{0x00000000ff491118}: 'void java.lang.invoke.DirectMethodHandle$Holder.invokeStatic(java.lang.Object, long)'> (0x00000000ff491118) 
thrown [s\src\hotspot\share\interpreter\linkResolver.cpp, line 759]
Event: 4.522 Thread 0x000001eeb4aba3c0 Exception <a 'java/lang/NoSuchMethodError'{0x00000000ff496788}: 'java.lang.Object java.lang.invoke.DirectMethodHandle$Holder.newInvokeSpecial(java.lang.Object, long)'> (0x00000000ff496788) 
thrown [s\src\hotspot\share\interpreter\linkResolver.cpp, line 759]
Event: 4.526 Thread 0x000001eeb4aba3c0 Exception <a 'java/lang/NoSuchMethodError'{0x00000000ff49dad8}: 'java.lang.Object java.lang.invoke.DirectMethodHandle$Holder.invokeStatic(java.lang.Object, java.lang.Object, long, java.lang.Object)'> (0x00000000ff49dad8) 
thrown [s\src\hotspot\share\interpreter\linkResolver.cpp, line 759]
Event: 4.527 Thread 0x000001eeb4aba3c0 Exception <a 'java/lang/NoSuchMethodError'{0x00000000ff4a12b0}: 'java.lang.Object java.lang.invoke.DirectMethodHandle$Holder.invokeStaticInit(java.lang.Object, java.lang.Object, long, java.lang.Object)'> (0x00000000ff4a12b0) 
thrown [s\src\hotspot\share\interpreter\linkResolver.cpp, line 759]
Event: 4.529 Thread 0x000001eeb4aba3c0 Exception <a 'java/lang/NoSuchMethodError'{0x00000000ff4a7938}: 'java.lang.Object java.lang.invoke.DirectMethodHandle$Holder.newInvokeSpecial(java.lang.Object, java.lang.Object, long)'> (0x00000000ff4a7938) 
thrown [s\src\hotspot\share\interpreter\linkResolver.cpp, line 759]
Event: 4.533 Thread 0x000001eeb4aba3c0 Exception <a 'java/lang/NoSuchMethodError'{0x00000000ff4abc28}: 'java.lang.Object java.lang.invoke.Invokers$Holder.linkToTargetMethod(java.lang.Object, long, java.lang.Object)'> (0x00000000ff4abc28) 
thrown [s\src\hotspot\share\interpreter\linkResolver.cpp, line 759]

VM Operations (20 events):
Event: 141.414 Executing VM operation: Cleanup
Event: 141.415 Executing VM operation: Cleanup done
Event: 142.415 Executing VM operation: Cleanup
Event: 142.415 Executing VM operation: Cleanup done
Event: 159.557 Executing VM operation: Cleanup
Event: 159.564 Executing VM operation: Cleanup done
Event: 180.798 Executing VM operation: HandshakeAllThreads
Event: 181.487 Executing VM operation: HandshakeAllThreads done
Event: 194.588 Executing VM operation: Cleanup
Event: 194.588 Executing VM operation: Cleanup done
Event: 204.712 Executing VM operation: Cleanup
Event: 204.712 Executing VM operation: Cleanup done
Event: 208.742 Executing VM operation: Cleanup
Event: 208.742 Executing VM operation: Cleanup done
Event: 237.042 Executing VM operation: Cleanup
Event: 237.044 Executing VM operation: Cleanup done
Event: 273.397 Executing VM operation: Cleanup
Event: 273.398 Executing VM operation: Cleanup done
Event: 285.527 Executing VM operation: Cleanup
Event: 285.531 Executing VM operation: Cleanup done

Memory protections (0 events):
No events

Nmethod flushes (0 events):
No events

Events (20 events):
Event: 0.056 Thread 0x000001ee987cdbe0 Thread added: 0x000001eeb4a92ca0
Event: 0.056 Thread 0x000001ee987cdbe0 Thread added: 0x000001eeb4a942e0
Event: 0.074 Thread 0x000001ee987cdbe0 Thread added: 0x000001eeb4ab4520
Event: 0.074 Thread 0x000001ee987cdbe0 Thread added: 0x000001eeb4ab4ee0
Event: 0.074 Thread 0x000001ee987cdbe0 Thread added: 0x000001eeb4ab8420
Event: 0.074 Thread 0x000001ee987cdbe0 Thread added: 0x000001eeb4abcc40
Event: 0.074 Thread 0x000001ee987cdbe0 Thread added: 0x000001eeb4ac30c0
Event: 0.074 Thread 0x000001ee987cdbe0 Thread added: 0x000001eeb4ac4fd0
Event: 0.075 Thread 0x000001ee987cdbe0 Thread added: 0x000001eeb4ad1c00
Event: 0.104 Thread 0x000001ee987cdbe0 Thread added: 0x000001eeb4abd150
Event: 0.106 Thread 0x000001ee987cdbe0 Thread added: 0x000001eeb4abbd10
Event: 2.332 Thread 0x000001ee987cdbe0 Thread added: 0x000001eeb4ab99a0
Event: 2.359 Thread 0x000001eeb4ab99a0 Thread exited: 0x000001eeb4ab99a0
Event: 2.430 Thread 0x000001ee987cdbe0 Thread added: 0x000001eeb4abade0
Event: 4.466 Thread 0x000001ee987cdbe0 Thread added: 0x000001eeb4aba3c0
Event: 4.548 Thread 0x000001eeb4aba3c0 Thread added: 0x000001eeb4abb800
Event: 4.550 Thread 0x000001eeb4abb800 Thread exited: 0x000001eeb4abb800
Event: 4.555 Thread 0x000001eeb4aba3c0 Thread added: 0x000001eeb4abc220
Event: 13.328 Thread 0x000001eeb4aba3c0 Thread exited: 0x000001eeb4aba3c0
Event: 13.328 Thread 0x000001eeb4abc220 Thread exited: 0x000001eeb4abc220


Dynamic libraries:
0x00007ff79efc0000 - 0x00007ff79efce000 	C:\Program Files\Microsoft\jdk-17.0.19.10-hotspot\bin\java.exe
0x00007ff841560000 - 0x00007ff8417c6000 	C:\WINDOWS\SYSTEM32\ntdll.dll
0x00007ff8413b0000 - 0x00007ff841479000 	C:\WINDOWS\System32\KERNEL32.DLL
0x00007ff83e970000 - 0x00007ff83ed70000 	C:\WINDOWS\System32\KERNELBASE.dll
0x00007ff83e780000 - 0x00007ff83e8cc000 	C:\WINDOWS\System32\ucrtbase.dll
0x00007ffffef90000 - 0x00007ffffefae000 	C:\Program Files\Microsoft\jdk-17.0.19.10-hotspot\bin\VCRUNTIME140.dll
0x00007fffd0a20000 - 0x00007fffd0a38000 	C:\Program Files\Microsoft\jdk-17.0.19.10-hotspot\bin\jli.dll
0x00007ff83f740000 - 0x00007ff83f907000 	C:\WINDOWS\System32\USER32.dll
0x00007ff83eeb0000 - 0x00007ff83eed7000 	C:\WINDOWS\System32\win32u.dll
0x00007ff8414f0000 - 0x00007ff84151b000 	C:\WINDOWS\System32\GDI32.dll
0x00007ff82a440000 - 0x00007ff82a6d2000 	C:\WINDOWS\WinSxS\amd64_microsoft.windows.common-controls_6595b64144ccf1df_6.0.26100.8737_none_3e092eaee333b772\COMCTL32.dll
0x00007ff83ed80000 - 0x00007ff83eea9000 	C:\WINDOWS\System32\gdi32full.dll
0x00007ff83f060000 - 0x00007ff83f103000 	C:\WINDOWS\System32\msvcp_win.dll
0x00007ff841110000 - 0x00007ff8411b9000 	C:\WINDOWS\System32\msvcrt.dll
0x00007ff841480000 - 0x00007ff8414b2000 	C:\WINDOWS\System32\IMM32.DLL
0x00007ff81b1e0000 - 0x00007ff81b1ec000 	C:\Program Files\Microsoft\jdk-17.0.19.10-hotspot\bin\vcruntime140_1.dll
0x00007fffb96b0000 - 0x00007fffb9739000 	C:\Program Files\Microsoft\jdk-17.0.19.10-hotspot\bin\msvcp140.dll
0x00007fff40b40000 - 0x00007fff417bb000 	C:\Program Files\Microsoft\jdk-17.0.19.10-hotspot\bin\server\jvm.dll
0x00007ff840b20000 - 0x00007ff840bd7000 	C:\WINDOWS\System32\ADVAPI32.dll
0x00007ff83f2f0000 - 0x00007ff83f39a000 	C:\WINDOWS\System32\sechost.dll
0x00007ff83f910000 - 0x00007ff83fa28000 	C:\WINDOWS\System32\RPCRT4.dll
0x00007ff840bf0000 - 0x00007ff840c70000 	C:\WINDOWS\System32\WS2_32.dll
0x00007ff83e5e0000 - 0x00007ff83e63e000 	C:\WINDOWS\SYSTEM32\POWRPROF.dll
0x00007ff837e50000 - 0x00007ff837e86000 	C:\WINDOWS\SYSTEM32\WINMM.dll
0x00007ff837e90000 - 0x00007ff837e9b000 	C:\WINDOWS\SYSTEM32\VERSION.dll
0x00007ff83e5c0000 - 0x00007ff83e5d4000 	C:\WINDOWS\SYSTEM32\UMPDC.dll
0x00007ff83d460000 - 0x00007ff83d47b000 	C:\WINDOWS\SYSTEM32\kernel.appcore.dll
0x00007ff8192f0000 - 0x00007ff8192fa000 	C:\Program Files\Microsoft\jdk-17.0.19.10-hotspot\bin\jimage.dll
0x00007ff83be10000 - 0x00007ff83c052000 	C:\WINDOWS\SYSTEM32\DBGHELP.DLL
0x00007ff840cd0000 - 0x00007ff841053000 	C:\WINDOWS\System32\combase.dll
0x00007ff840220000 - 0x00007ff8402f9000 	C:\WINDOWS\System32\OLEAUT32.dll
0x00007ff827000000 - 0x00007ff82703b000 	C:\WINDOWS\SYSTEM32\dbgcore.DLL
0x00007ff83f1d0000 - 0x00007ff83f27c000 	C:\WINDOWS\System32\bcryptPrimitives.dll
0x00007fffc81e0000 - 0x00007fffc8206000 	C:\Program Files\Microsoft\jdk-17.0.19.10-hotspot\bin\java.dll
0x00007fffb7410000 - 0x00007fffb74e6000 	C:\Program Files\Microsoft\jdk-17.0.19.10-hotspot\bin\jsvml.dll
0x00007ff840300000 - 0x00007ff840a92000 	C:\WINDOWS\System32\SHELL32.dll
0x00007ff83c210000 - 0x00007ff83caa2000 	C:\WINDOWS\SYSTEM32\windows.storage.dll
0x00007ff8400f0000 - 0x00007ff8401e7000 	C:\WINDOWS\System32\SHCORE.dll
0x00007ff841330000 - 0x00007ff841397000 	C:\WINDOWS\System32\shlwapi.dll
0x00007ff83e6a0000 - 0x00007ff83e6c9000 	C:\WINDOWS\SYSTEM32\profapi.dll
0x00007fffc0290000 - 0x00007fffc02ab000 	C:\Program Files\Microsoft\jdk-17.0.19.10-hotspot\bin\net.dll
0x00007ff834460000 - 0x00007ff834589000 	C:\WINDOWS\SYSTEM32\WINHTTP.dll
0x00007ff83da10000 - 0x00007ff83da7c000 	C:\WINDOWS\system32\mswsock.dll
0x00007fffbfb40000 - 0x00007fffbfb56000 	C:\Program Files\Microsoft\jdk-17.0.19.10-hotspot\bin\nio.dll
0x00007fffc1320000 - 0x00007fffc1338000 	C:\Program Files\Microsoft\jdk-17.0.19.10-hotspot\bin\zip.dll
0x00007fffffdf0000 - 0x00007fffffdfa000 	C:\Program Files\Microsoft\jdk-17.0.19.10-hotspot\bin\management.dll
0x00007ffffb5c0000 - 0x00007ffffb5cc000 	C:\Program Files\Microsoft\jdk-17.0.19.10-hotspot\bin\management_ext.dll
0x00007ff8401f0000 - 0x00007ff8401f8000 	C:\WINDOWS\System32\PSAPI.DLL
0x00007ff806000000 - 0x00007ff806027000 	C:\Users\prath\.gradle\native\660c5614fbf4a5f2a75b1949f50a0caf5cd603558e7d8a26e50b933a0cfb79d1\windows-amd64\native-platform.dll
0x00007ff823a20000 - 0x00007ff823a44000 	C:\Users\prath\.gradle\native\jansi\2.4.2\Windows\x86_64\jansi.dll
0x00007ff83dd10000 - 0x00007ff83dd2b000 	C:\WINDOWS\SYSTEM32\CRYPTSP.dll
0x00007ff83d3c0000 - 0x00007ff83d3f9000 	C:\WINDOWS\system32\rsaenh.dll
0x00007ff83dad0000 - 0x00007ff83db02000 	C:\WINDOWS\SYSTEM32\USERENV.dll
0x00007ff83e670000 - 0x00007ff83e69a000 	C:\WINDOWS\SYSTEM32\bcrypt.dll
0x00007ff83dd30000 - 0x00007ff83dd3c000 	C:\WINDOWS\SYSTEM32\CRYPTBASE.dll
0x00007ff83cdf0000 - 0x00007ff83ce23000 	C:\WINDOWS\SYSTEM32\IPHLPAPI.DLL
0x00007ff8413a0000 - 0x00007ff8413aa000 	C:\WINDOWS\System32\NSI.dll
0x00007ff8351a0000 - 0x00007ff8351bd000 	C:\WINDOWS\SYSTEM32\dhcpcsvc6.DLL
0x00007ff834430000 - 0x00007ff834455000 	C:\WINDOWS\SYSTEM32\dhcpcsvc.DLL
0x00007ff83ce80000 - 0x00007ff83cfd5000 	C:\WINDOWS\SYSTEM32\DNSAPI.dll
0x00007ff83d7f0000 - 0x00007ff83d7fd000 	C:\WINDOWS\SYSTEM32\DSPARSE.dll
0x00007fffd5b60000 - 0x00007fffd5b69000 	C:\Program Files\Microsoft\jdk-17.0.19.10-hotspot\bin\extnet.dll
0x00007ff811490000 - 0x00007ff8114a0000 	C:\Program Files\Microsoft\jdk-17.0.19.10-hotspot\bin\verify.dll
0x00007fffd0e10000 - 0x00007fffd0e1e000 	C:\Program Files\Microsoft\jdk-17.0.19.10-hotspot\bin\sunmscapi.dll
0x00007ff83eee0000 - 0x00007ff83f058000 	C:\WINDOWS\System32\CRYPT32.dll
0x00007ff83df50000 - 0x00007ff83df80000 	C:\WINDOWS\SYSTEM32\ncrypt.dll
0x00007ff83df00000 - 0x00007ff83df3f000 	C:\WINDOWS\SYSTEM32\NTASN1.dll
0x00007ff8010e0000 - 0x00007ff8010e8000 	C:\WINDOWS\system32\wshunix.dll

dbghelp: loaded successfully - version: 4.0.5 - missing functions: none
symbol engine: initialized successfully - sym options: 0x614 - pdb path: .;C:\Program Files\Microsoft\jdk-17.0.19.10-hotspot\bin;C:\WINDOWS\SYSTEM32;C:\WINDOWS\WinSxS\amd64_microsoft.windows.common-controls_6595b64144ccf1df_6.0.26100.8737_none_3e092eaee333b772;C:\Program Files\Microsoft\jdk-17.0.19.10-hotspot\bin\server;C:\Users\prath\.gradle\native\660c5614fbf4a5f2a75b1949f50a0caf5cd603558e7d8a26e50b933a0cfb79d1\windows-amd64;C:\Users\prath\.gradle\native\jansi\2.4.2\Windows\x86_64

VM Arguments:
jvm_args: -Xmx64m -Xms64m -Dorg.gradle.appname=gradlew 
java_command: D:\Training\project-a\projectvideo-frontend\android\\gradle\wrapper\gradle-wrapper.jar app:installDebug -PreactNativeDevServerPort=8081
java_class_path (initial): D:\Training\project-a\projectvideo-frontend\android\\gradle\wrapper\gradle-wrapper.jar
Launcher Type: SUN_STANDARD

[Global flags]
     intx CICompilerCount                          = 4                                         {product} {ergonomic}
     uint ConcGCThreads                            = 3                                         {product} {ergonomic}
     uint G1ConcRefinementThreads                  = 10                                        {product} {ergonomic}
   size_t G1HeapRegionSize                         = 1048576                                   {product} {ergonomic}
    uintx GCDrainStackTargetSize                   = 64                                        {product} {ergonomic}
   size_t InitialHeapSize                          = 67108864                                  {product} {command line}
   size_t MarkStackSize                            = 4194304                                   {product} {ergonomic}
   size_t MaxHeapSize                              = 67108864                                  {product} {command line}
   size_t MaxNewSize                               = 39845888                                  {product} {ergonomic}
   size_t MinHeapDeltaBytes                        = 1048576                                   {product} {ergonomic}
   size_t MinHeapSize                              = 67108864                                  {product} {command line}
    uintx NonNMethodCodeHeapSize                   = 5839372                                {pd product} {ergonomic}
    uintx NonProfiledCodeHeapSize                  = 122909434                              {pd product} {ergonomic}
    uintx ProfiledCodeHeapSize                     = 122909434                              {pd product} {ergonomic}
    uintx ReservedCodeCacheSize                    = 251658240                              {pd product} {ergonomic}
     bool SegmentedCodeCache                       = true                                      {product} {ergonomic}
   size_t SoftMaxHeapSize                          = 67108864                               {manageable} {ergonomic}
     bool UseCompressedClassPointers               = true                           {product lp64_product} {ergonomic}
     bool UseCompressedOops                        = true                           {product lp64_product} {ergonomic}
     bool UseG1GC                                  = true                                      {product} {ergonomic}
     bool UseLargePagesIndividualAllocation        = false                                  {pd product} {ergonomic}

Logging:
Log output configuration:
 #0: stdout all=warning uptime,level,tags
 #1: stderr all=off uptime,level,tags

Environment Variables:
JAVA_HOME=C:\Program Files\Microsoft\jdk-17.0.19.10-hotspot
CLASSPATH=.;D:\Training\java\mysql-connector-j-9.5.0.jar
PATH=D:\Training\project-a\projectvideo-frontend\node_modules\.bin;D:\Training\project-a\projectvideo-frontend\node_modules\.bin;D:\Training\project-a\node_modules\.bin;D:\Training\node_modules\.bin;D:\node_modules\.bin;C:\Users\prath\AppData\Local\nvm\v20.20.2\node_modules\npm\node_modules\@npmcli\run-script\lib\node-gyp-bin;C:\Users\prath\AppData\Local\Android\Sdk;C:\Users\prath\AppData\Local\Android\Sdk\platform-tools;C:\Users\prath\AppData\Local\Android\Sdk\emulator;C:\Program Files\Microsoft\jdk-17.0.19.10-hotspot\bin;C:\Windows\Microsoft.NET\Framework64\v4.0.30319;C:\Program Files (x86)\SQlite;C:\Program Files\MySQL\MySQL Server 8.0\bin;C:\Program Files\VideoLAN\VLC\;D:\Users\prath\AppData\Roaming\Python\Python311\Scripts;C:\Program Files\Python311\Scripts\;C:\Program Files\Python311\;C:\Program Files\Common Files\Oracle\Java\javapath;C:\WINDOWS\system32;C:\WINDOWS;C:\WINDOWS\System32\Wbem;C:\WINDOWS\System32\WindowsPowerShell\v1.0\;C:\WINDOWS\System32\OpenSSH\;C:\Program Files\Java\jdk-18.0.2.1\bin;C:\Program Files\Microsoft SQL Server\140\Tools\Binn\;C:\Program Files\Git\cmd;C:\Program Files\Microsoft SQL Server\150\Tools\Binn\;C:\Program Files\Microsoft SQL Server\Client SDK\ODBC\170\Tools\Binn\;C:\Program Files\dotnet\;C:\Users\prath\AppData\Roaming\Python\Python311\Scripts;C:\Program Files\WireGuard\;C:\Program Files\CodeBlocks\MinGW\bin;C:\Program Files\mysql-connector\mysql-connector-j-9.5.0\mysql-connector-j-9.5.0.jar;C:\Program Files\PostgreSQL\13\bin;C:\Program Files\PostgreSQL\18\bin;C:\Users\prath\AppData\Local\nvm;C:\nvm4w\nodejs;C:\ProgramData\chocolatey\bin;C:\Program Files\nodejs\;C:\Users\prath\AppData\Local\Android\Sdk\platform-tools;C:\Users\prath\AppData\Local\Android\Sdk\emulator;C:\Program Files\Microsoft\jdk-17.0.19.10-hotspot\bin;C:\Users\prath\AppData\Local\Android\Sdk\platform-tools;C:\Users\prath\AppData\Local\Android\Sdk\emulator;C:\Users\prath\AppData\Local\Android\Sdk;C:\Users\prath\AppData\Local\Microsoft\WindowsApps;C:\Users\prath\.dotnet\tools;C:\Users\prath\AppData\Local\Programs\Microsoft VS Code\bin;C:\Users\prath\AppData\Local\Microsoft\GitHubDesktop\bin;C:\Users\prath\AppData\Local\GitHubDesktop\bin;C:\Users\prath\AppData\Local\Programs\Hyper\resources\bin;C:\Program Files\sf\bin;C:\Program Files\Common Files\Oracle\Java\javapath\sf\bin;C:\Users\prath\Downloads\flutter\bin;C:\Users\prath\AppData\Local\nvm;C:\nvm4w\nodejs;C:\Users\prath\AppData\Roaming\npm;
USERNAME=prath
OS=Windows_NT
PROCESSOR_IDENTIFIER=AMD64 Family 23 Model 104 Stepping 1, AuthenticAMD
TMP=C:\Users\prath\AppData\Local\Temp
TEMP=C:\Users\prath\AppData\Local\Temp



Periodic native trim disabled


---------------  S Y S T E M  ---------------

OS:
 Windows 11 , 64 bit Build 26100 (10.0.26100.8737)
OS uptime: 0 days 1:49 hours
Hyper-V role detected

CPU: total 12 (initial active 12) (12 cores per cpu, 2 threads per core) family 23 model 104 stepping 1 microcode 0x8608103, cx8, cmov, fxsr, ht, mmx, 3dnowpref, sse, sse2, sse3, ssse3, sse4a, sse4.1, sse4.2, popcnt, lzcnt, tsc, tscinvbit, avx, avx2, aes, clmul, bmi1, bmi2, adx, sha, fma, vzeroupper, clflush, clflushopt, hv
Processor Information for the first 12 processors :
  Max Mhz: 2100, Current Mhz: 1686, Mhz Limit: 2100

Memory: 4k page, system-wide physical 5989M (965M free)
TotalPageFile size 24421M (AvailPageFile size 22M)
current process WorkingSet (physical memory assigned to process): 12M, peak: 109M
current process commit charge ("private bytes"): 173M, peak: 174M

vm_info: OpenJDK 64-Bit Server VM (17.0.19+10-LTS) for windows-amd64 JRE (17.0.19+10-LTS), built on Apr 18 2026 18:24:40 by "MicrosoftCorporation" with MS VC++ 17.14 (VS2022)

END.
