#
# There is insufficient memory for the Java Runtime Environment to continue.
# Native memory allocation (malloc) failed to allocate 32744 bytes. Error detail: ChunkPool::allocate
# Possible reasons:
#   The system is out of physical RAM or swap space
#   This process is running with CompressedOops enabled, and the Java Heap may be blocking the growth of the native heap
# Possible solutions:
#   Reduce memory load on the system
#   Increase physical memory or swap space
#   Check if swap backing store is full
#   Decrease Java heap size (-Xmx/-Xms)
#   Decrease number of Java threads
#   Decrease Java thread stack sizes (-Xss)
#   Set larger code cache with -XX:ReservedCodeCacheSize=
#   JVM is running with Unscaled Compressed Oops mode in which the Java heap is
#     placed in the first 4GB address space. The Java Heap base address is the
#     maximum limit for the native heap growth. Please use -XX:HeapBaseMinAddress
#     to set the Java Heap base and to place the Java Heap above 4GB virtual address.
# This output file may be truncated or incomplete.
#
#  Out of Memory Error (arena.cpp:79), pid=1888, tid=21824
#
# JRE version: OpenJDK Runtime Environment Microsoft-13877129 (17.0.19+10) (build 17.0.19+10-LTS)
# Java VM: OpenJDK 64-Bit Server VM Microsoft-13877129 (17.0.19+10-LTS, mixed mode, sharing, tiered, compressed oops, compressed class ptrs, g1 gc, windows-amd64)
# No core dump will be written. Minidumps are not enabled by default on client versions of Windows
#

---------------  S U M M A R Y ------------

Command Line: -Xmx64m -Xms64m -Dorg.gradle.appname=gradlew D:\Training\project-a\projectvideo-frontend\android\\gradle\wrapper\gradle-wrapper.jar app:installDebug -PreactNativeDevServerPort=8081

Host: AMD Ryzen 5 5500U with Radeon Graphics         , 12 cores, 5G,  Windows 11 , 64 bit Build 26100 (10.0.26100.8737)
Time: Sun Jul  5 11:16:07 2026 India Standard Time elapsed time: 82.559303 seconds (0d 0h 1m 22s)

---------------  T H R E A D  ---------------

Current thread (0x00000251ffb76560):  JavaThread "C2 CompilerThread0" daemon [_thread_in_native, id=21824, stack(0x000000fa8ed00000,0x000000fa8ee00000)]


Current CompileTask:
C2:82559 1934       4       org.gradle.internal.logging.text.AbstractLineChoppingStyledTextOutput$1::execute (9 bytes)

Stack: [0x000000fa8ed00000,0x000000fa8ee00000]
Native frames: (J=compiled Java code, j=interpreted, Vv=VM code, C=native code)
V  [jvm.dll+0x68cc89]  (no source info available)
V  [jvm.dll+0x845d89]  (no source info available)
V  [jvm.dll+0x847af8]  (no source info available)
V  [jvm.dll+0x848183]  (no source info available)
V  [jvm.dll+0x24d0bf]  (no source info available)
V  [jvm.dll+0xaef5e]  (no source info available)
V  [jvm.dll+0xaf3fc]  (no source info available)
V  [jvm.dll+0x8ec92]  (no source info available)
V  [jvm.dll+0x61a0ad]  (no source info available)
V  [jvm.dll+0x61fa37]  (no source info available)
V  [jvm.dll+0x62087d]  (no source info available)
V  [jvm.dll+0x61ed2a]  (no source info available)
V  [jvm.dll+0x21de40]  (no source info available)
V  [jvm.dll+0x21d412]  (no source info available)
V  [jvm.dll+0x1a8db6]  (no source info available)
V  [jvm.dll+0x22dc6b]  (no source info available)
V  [jvm.dll+0x22bdf6]  (no source info available)
V  [jvm.dll+0x7fbecb]  (no source info available)
V  [jvm.dll+0x7f62cc]  (no source info available)
V  [jvm.dll+0x68e227]  (no source info available)
C  [ucrtbase.dll+0x2cd30]  (no source info available)
C  [KERNEL32.DLL+0x2e957]  (no source info available)
C  [ntdll.dll+0xaad6c]  (no source info available)


---------------  P R O C E S S  ---------------

Threads class SMR info:
_java_thread_list=0x00000251d425b350, length=13, elements={
0x00000251f4c7bac0, 0x00000251ffb44ff0, 0x00000251ffb4a280, 0x00000251ffb65300,
0x00000251ffb65bd0, 0x00000251ffb664a0, 0x00000251ffb69520, 0x00000251ffb76560,
0x00000251ffb78e80, 0x00000251ffb79f30, 0x00000251d409afb0, 0x00000251d40a3760,
0x00000251d4ebd6b0
}

Java Threads: ( => current thread )
  0x00000251f4c7bac0 JavaThread "main" [_thread_in_Java, id=23928, stack(0x000000fa8e000000,0x000000fa8e100000)]
  0x00000251ffb44ff0 JavaThread "Reference Handler" daemon [_thread_blocked, id=28932, stack(0x000000fa8e700000,0x000000fa8e800000)]
  0x00000251ffb4a280 JavaThread "Finalizer" daemon [_thread_blocked, id=13332, stack(0x000000fa8e800000,0x000000fa8e900000)]
  0x00000251ffb65300 JavaThread "Signal Dispatcher" daemon [_thread_blocked, id=29052, stack(0x000000fa8e900000,0x000000fa8ea00000)]
  0x00000251ffb65bd0 JavaThread "Attach Listener" daemon [_thread_blocked, id=30064, stack(0x000000fa8ea00000,0x000000fa8eb00000)]
  0x00000251ffb664a0 JavaThread "Service Thread" daemon [_thread_blocked, id=4224, stack(0x000000fa8eb00000,0x000000fa8ec00000)]
  0x00000251ffb69520 JavaThread "Monitor Deflation Thread" daemon [_thread_blocked, id=20304, stack(0x000000fa8ec00000,0x000000fa8ed00000)]
=>0x00000251ffb76560 JavaThread "C2 CompilerThread0" daemon [_thread_in_native, id=21824, stack(0x000000fa8ed00000,0x000000fa8ee00000)]
  0x00000251ffb78e80 JavaThread "C1 CompilerThread0" daemon [_thread_blocked, id=29384, stack(0x000000fa8ee00000,0x000000fa8ef00000)]
  0x00000251ffb79f30 JavaThread "Sweeper thread" daemon [_thread_blocked, id=24956, stack(0x000000fa8ef00000,0x000000fa8f000000)]
  0x00000251d409afb0 JavaThread "Notification Thread" daemon [_thread_blocked, id=23492, stack(0x000000fa8f000000,0x000000fa8f100000)]
  0x00000251d40a3760 JavaThread "Common-Cleaner" daemon [_thread_blocked, id=25116, stack(0x000000fa8f200000,0x000000fa8f300000)]
  0x00000251d4ebd6b0 JavaThread "pool-1-thread-1" [_thread_blocked, id=26952, stack(0x000000fa8f600000,0x000000fa8f700000)]

Other Threads:
  0x00000251ffb41400 VMThread "VM Thread" [stack: 0x000000fa8e600000,0x000000fa8e700000] [id=25176]
  0x00000251d40a34c0 WatcherThread [stack: 0x000000fa8f100000,0x000000fa8f200000] [id=25732]
  0x00000251f4c9f430 GCTaskThread "GC Thread#0" [stack: 0x000000fa8e100000,0x000000fa8e200000] [id=18692]
  0x00000251d43fec90 GCTaskThread "GC Thread#1" [stack: 0x000000fa8f300000,0x000000fa8f400000] [id=22968]
  0x00000251d4284080 GCTaskThread "GC Thread#2" [stack: 0x000000fa8f400000,0x000000fa8f500000] [id=18816]
  0x00000251d42293c0 GCTaskThread "GC Thread#3" [stack: 0x000000fa8f500000,0x000000fa8f600000] [id=26700]
  0x00000251d4bf9110 GCTaskThread "GC Thread#4" [stack: 0x000000fa8f700000,0x000000fa8f800000] [id=2720]
  0x00000251d4bf88a0 GCTaskThread "GC Thread#5" [stack: 0x000000fa8f800000,0x000000fa8f900000] [id=15984]
  0x00000251d4bf8030 GCTaskThread "GC Thread#6" [stack: 0x000000fa8f900000,0x000000fa8fa00000] [id=8692]
  0x00000251d4bf93e0 GCTaskThread "GC Thread#7" [stack: 0x000000fa8fa00000,0x000000fa8fb00000] [id=17504]
  0x00000251f4ca0b90 ConcurrentGCThread "G1 Main Marker" [stack: 0x000000fa8e200000,0x000000fa8e300000] [id=29964]
  0x00000251f4ca38d0 ConcurrentGCThread "G1 Conc#0" [stack: 0x000000fa8e300000,0x000000fa8e400000] [id=12168]
  0x00000251f4d11b10 ConcurrentGCThread "G1 Refine#0" [stack: 0x000000fa8e400000,0x000000fa8e500000] [id=2392]
  0x00000251f4d12300 ConcurrentGCThread "G1 Service" [stack: 0x000000fa8e500000,0x000000fa8e600000] [id=7036]

Threads with active compile tasks:
C2 CompilerThread0  82640 1934       4       org.gradle.internal.logging.text.AbstractLineChoppingStyledTextOutput$1::execute (9 bytes)

VM state: not at safepoint (normal execution)

VM Mutex/Monitor currently owned by a thread: None

Heap address: 0x00000000fc000000, size: 64 MB, Compressed Oops mode: 32-bit

CDS archive(s) mapped at: [0x000002518f000000-0x000002518fbb0000-0x000002518fbb0000), size 12255232, SharedBaseAddress: 0x000002518f000000, ArchiveRelocationMode: 1.
Compressed class space mapped at: 0x0000025190000000-0x00000251d0000000, reserved size: 1073741824
Narrow klass base: 0x000002518f000000, Narrow klass shift: 0, Narrow klass range: 0x100000000

GC Precious Log:
 CPUs: 12 total, 12 available
 Memory: 5989M
 Large Page Support: Disabled
 NUMA Support: Disabled
 Compressed Oops: Enabled (32-bit)
 Heap Region Size: 1M
 Heap Min Capacity: 64M
 Heap Initial Capacity: 64M
 Heap Max Capacity: 64M
 Pre-touch: Disabled
 Parallel Workers: 10
 Concurrent Workers: 3
 Concurrent Refinement Workers: 10
 Periodic GC: Disabled

Heap:
 garbage-first heap   total 65536K, used 28204K [0x00000000fc000000, 0x0000000100000000)
  region size 1024K, 21 young (21504K), 4 survivors (4096K)
 Metaspace       used 10743K, committed 11008K, reserved 1114112K
  class space    used 1387K, committed 1536K, reserved 1048576K

Heap Regions: E=young(eden), S=young(survivor), O=old, HS=humongous(starts), HC=humongous(continues), CS=collection set, F=free, OA=open archive, CA=closed archive, TAMS=top-at-mark-start (previous, next)
|   0|0x00000000fc000000, 0x00000000fc100000, 0x00000000fc100000|100%|HS|  |TAMS 0x00000000fc000000, 0x00000000fc000000| Complete 
|   1|0x00000000fc100000, 0x00000000fc200000, 0x00000000fc200000|100%|HC|  |TAMS 0x00000000fc100000, 0x00000000fc100000| Complete 
|   2|0x00000000fc200000, 0x00000000fc300000, 0x00000000fc300000|100%|HC|  |TAMS 0x00000000fc200000, 0x00000000fc200000| Complete 
|   3|0x00000000fc300000, 0x00000000fc400000, 0x00000000fc400000|100%|HC|  |TAMS 0x00000000fc300000, 0x00000000fc300000| Complete 
|   4|0x00000000fc400000, 0x00000000fc500000, 0x00000000fc500000|100%| O|  |TAMS 0x00000000fc400000, 0x00000000fc400000| Untracked 
|   5|0x00000000fc500000, 0x00000000fc600000, 0x00000000fc600000|100%| O|  |TAMS 0x00000000fc500000, 0x00000000fc500000| Untracked 
|   6|0x00000000fc600000, 0x00000000fc700000, 0x00000000fc700000|100%| O|  |TAMS 0x00000000fc600000, 0x00000000fc600000| Untracked 
|   7|0x00000000fc700000, 0x00000000fc78b200, 0x00000000fc800000| 54%| O|  |TAMS 0x00000000fc700000, 0x00000000fc700000| Untracked 
|   8|0x00000000fc800000, 0x00000000fc800000, 0x00000000fc900000|  0%| F|  |TAMS 0x00000000fc800000, 0x00000000fc800000| Untracked 
|   9|0x00000000fc900000, 0x00000000fc900000, 0x00000000fca00000|  0%| F|  |TAMS 0x00000000fc900000, 0x00000000fc900000| Untracked 
|  10|0x00000000fca00000, 0x00000000fca00000, 0x00000000fcb00000|  0%| F|  |TAMS 0x00000000fca00000, 0x00000000fca00000| Untracked 
|  11|0x00000000fcb00000, 0x00000000fcb00000, 0x00000000fcc00000|  0%| F|  |TAMS 0x00000000fcb00000, 0x00000000fcb00000| Untracked 
|  12|0x00000000fcc00000, 0x00000000fcc00000, 0x00000000fcd00000|  0%| F|  |TAMS 0x00000000fcc00000, 0x00000000fcc00000| Untracked 
|  13|0x00000000fcd00000, 0x00000000fcd00000, 0x00000000fce00000|  0%| F|  |TAMS 0x00000000fcd00000, 0x00000000fcd00000| Untracked 
|  14|0x00000000fce00000, 0x00000000fce00000, 0x00000000fcf00000|  0%| F|  |TAMS 0x00000000fce00000, 0x00000000fce00000| Untracked 
|  15|0x00000000fcf00000, 0x00000000fcf00000, 0x00000000fd000000|  0%| F|  |TAMS 0x00000000fcf00000, 0x00000000fcf00000| Untracked 
|  16|0x00000000fd000000, 0x00000000fd000000, 0x00000000fd100000|  0%| F|  |TAMS 0x00000000fd000000, 0x00000000fd000000| Untracked 
|  17|0x00000000fd100000, 0x00000000fd100000, 0x00000000fd200000|  0%| F|  |TAMS 0x00000000fd100000, 0x00000000fd100000| Untracked 
|  18|0x00000000fd200000, 0x00000000fd200000, 0x00000000fd300000|  0%| F|  |TAMS 0x00000000fd200000, 0x00000000fd200000| Untracked 
|  19|0x00000000fd300000, 0x00000000fd300000, 0x00000000fd400000|  0%| F|  |TAMS 0x00000000fd300000, 0x00000000fd300000| Untracked 
|  20|0x00000000fd400000, 0x00000000fd400000, 0x00000000fd500000|  0%| F|  |TAMS 0x00000000fd400000, 0x00000000fd400000| Untracked 
|  21|0x00000000fd500000, 0x00000000fd500000, 0x00000000fd600000|  0%| F|  |TAMS 0x00000000fd500000, 0x00000000fd500000| Untracked 
|  22|0x00000000fd600000, 0x00000000fd600000, 0x00000000fd700000|  0%| F|  |TAMS 0x00000000fd600000, 0x00000000fd600000| Untracked 
|  23|0x00000000fd700000, 0x00000000fd700000, 0x00000000fd800000|  0%| F|  |TAMS 0x00000000fd700000, 0x00000000fd700000| Untracked 
|  24|0x00000000fd800000, 0x00000000fd800000, 0x00000000fd900000|  0%| F|  |TAMS 0x00000000fd800000, 0x00000000fd800000| Untracked 
|  25|0x00000000fd900000, 0x00000000fd900000, 0x00000000fda00000|  0%| F|  |TAMS 0x00000000fd900000, 0x00000000fd900000| Untracked 
|  26|0x00000000fda00000, 0x00000000fda00000, 0x00000000fdb00000|  0%| F|  |TAMS 0x00000000fda00000, 0x00000000fda00000| Untracked 
|  27|0x00000000fdb00000, 0x00000000fdb00000, 0x00000000fdc00000|  0%| F|  |TAMS 0x00000000fdb00000, 0x00000000fdb00000| Untracked 
|  28|0x00000000fdc00000, 0x00000000fdd00000, 0x00000000fdd00000|100%| S|CS|TAMS 0x00000000fdc00000, 0x00000000fdc00000| Complete 
|  29|0x00000000fdd00000, 0x00000000fde00000, 0x00000000fde00000|100%| S|CS|TAMS 0x00000000fdd00000, 0x00000000fdd00000| Complete 
|  30|0x00000000fde00000, 0x00000000fdf00000, 0x00000000fdf00000|100%| S|CS|TAMS 0x00000000fde00000, 0x00000000fde00000| Complete 
|  31|0x00000000fdf00000, 0x00000000fe000000, 0x00000000fe000000|100%| S|CS|TAMS 0x00000000fdf00000, 0x00000000fdf00000| Complete 
|  32|0x00000000fe000000, 0x00000000fe000000, 0x00000000fe100000|  0%| F|  |TAMS 0x00000000fe000000, 0x00000000fe000000| Untracked 
|  33|0x00000000fe100000, 0x00000000fe100000, 0x00000000fe200000|  0%| F|  |TAMS 0x00000000fe100000, 0x00000000fe100000| Untracked 
|  34|0x00000000fe200000, 0x00000000fe200000, 0x00000000fe300000|  0%| F|  |TAMS 0x00000000fe200000, 0x00000000fe200000| Untracked 
|  35|0x00000000fe300000, 0x00000000fe300000, 0x00000000fe400000|  0%| F|  |TAMS 0x00000000fe300000, 0x00000000fe300000| Untracked 
|  36|0x00000000fe400000, 0x00000000fe400000, 0x00000000fe500000|  0%| F|  |TAMS 0x00000000fe400000, 0x00000000fe400000| Untracked 
|  37|0x00000000fe500000, 0x00000000fe500000, 0x00000000fe600000|  0%| F|  |TAMS 0x00000000fe500000, 0x00000000fe500000| Untracked 
|  38|0x00000000fe600000, 0x00000000fe600000, 0x00000000fe700000|  0%| F|  |TAMS 0x00000000fe600000, 0x00000000fe600000| Untracked 
|  39|0x00000000fe700000, 0x00000000fe700000, 0x00000000fe800000|  0%| F|  |TAMS 0x00000000fe700000, 0x00000000fe700000| Untracked 
|  40|0x00000000fe800000, 0x00000000fe800000, 0x00000000fe900000|  0%| F|  |TAMS 0x00000000fe800000, 0x00000000fe800000| Untracked 
|  41|0x00000000fe900000, 0x00000000fe900000, 0x00000000fea00000|  0%| F|  |TAMS 0x00000000fe900000, 0x00000000fe900000| Untracked 
|  42|0x00000000fea00000, 0x00000000fea00000, 0x00000000feb00000|  0%| F|  |TAMS 0x00000000fea00000, 0x00000000fea00000| Untracked 
|  43|0x00000000feb00000, 0x00000000feb00000, 0x00000000fec00000|  0%| F|  |TAMS 0x00000000feb00000, 0x00000000feb00000| Untracked 
|  44|0x00000000fec00000, 0x00000000fec00000, 0x00000000fed00000|  0%| F|  |TAMS 0x00000000fec00000, 0x00000000fec00000| Untracked 
|  45|0x00000000fed00000, 0x00000000fed00000, 0x00000000fee00000|  0%| F|  |TAMS 0x00000000fed00000, 0x00000000fed00000| Untracked 
|  46|0x00000000fee00000, 0x00000000fee00000, 0x00000000fef00000|  0%| F|  |TAMS 0x00000000fee00000, 0x00000000fee00000| Untracked 
|  47|0x00000000fef00000, 0x00000000fef22bc8, 0x00000000ff000000| 13%| E|  |TAMS 0x00000000fef00000, 0x00000000fef00000| Complete 
|  48|0x00000000ff000000, 0x00000000ff100000, 0x00000000ff100000|100%| E|CS|TAMS 0x00000000ff000000, 0x00000000ff000000| Complete 
|  49|0x00000000ff100000, 0x00000000ff200000, 0x00000000ff200000|100%| E|CS|TAMS 0x00000000ff100000, 0x00000000ff100000| Complete 
|  50|0x00000000ff200000, 0x00000000ff300000, 0x00000000ff300000|100%| E|CS|TAMS 0x00000000ff200000, 0x00000000ff200000| Complete 
|  51|0x00000000ff300000, 0x00000000ff400000, 0x00000000ff400000|100%| E|CS|TAMS 0x00000000ff300000, 0x00000000ff300000| Complete 
|  52|0x00000000ff400000, 0x00000000ff500000, 0x00000000ff500000|100%| E|CS|TAMS 0x00000000ff400000, 0x00000000ff400000| Complete 
|  53|0x00000000ff500000, 0x00000000ff600000, 0x00000000ff600000|100%| E|CS|TAMS 0x00000000ff500000, 0x00000000ff500000| Complete 
|  54|0x00000000ff600000, 0x00000000ff700000, 0x00000000ff700000|100%| E|CS|TAMS 0x00000000ff600000, 0x00000000ff600000| Complete 
|  55|0x00000000ff700000, 0x00000000ff800000, 0x00000000ff800000|100%| E|CS|TAMS 0x00000000ff700000, 0x00000000ff700000| Complete 
|  56|0x00000000ff800000, 0x00000000ff900000, 0x00000000ff900000|100%| E|CS|TAMS 0x00000000ff800000, 0x00000000ff800000| Complete 
|  57|0x00000000ff900000, 0x00000000ffa00000, 0x00000000ffa00000|100%| E|CS|TAMS 0x00000000ff900000, 0x00000000ff900000| Complete 
|  58|0x00000000ffa00000, 0x00000000ffb00000, 0x00000000ffb00000|100%| E|CS|TAMS 0x00000000ffa00000, 0x00000000ffa00000| Complete 
|  59|0x00000000ffb00000, 0x00000000ffc00000, 0x00000000ffc00000|100%| E|CS|TAMS 0x00000000ffb00000, 0x00000000ffb00000| Complete 
|  60|0x00000000ffc00000, 0x00000000ffd00000, 0x00000000ffd00000|100%| E|CS|TAMS 0x00000000ffc00000, 0x00000000ffc00000| Complete 
|  61|0x00000000ffd00000, 0x00000000ffe00000, 0x00000000ffe00000|100%| E|CS|TAMS 0x00000000ffd00000, 0x00000000ffd00000| Complete 
|  62|0x00000000ffe00000, 0x00000000fff00000, 0x00000000fff00000|100%| E|CS|TAMS 0x00000000ffe00000, 0x00000000ffe00000| Complete 
|  63|0x00000000fff00000, 0x0000000100000000, 0x0000000100000000|100%| E|CS|TAMS 0x00000000fff00000, 0x00000000fff00000| Complete 

Card table byte_map: [0x00000251f2cd0000,0x00000251f2cf0000] _byte_map_base: 0x00000251f24f0000

Marking Bits (Prev, Next): (CMBitMap*) 0x00000251f4c9fa60, (CMBitMap*) 0x00000251f4c9faa0
 Prev Bits: [0x00000251fcd60000, 0x00000251fce60000)
 Next Bits: [0x00000251fce60000, 0x00000251fcf60000)

Polling page: 0x00000251f2c80000

Metaspace:

Usage:
  Non-class:      9.14 MB used.
      Class:      1.36 MB used.
       Both:     10.50 MB used.

Virtual space:
  Non-class space:       64.00 MB reserved,       9.25 MB ( 14%) committed,  1 nodes.
      Class space:        1.00 GB reserved,       1.50 MB ( <1%) committed,  1 nodes.
             Both:        1.06 GB reserved,      10.75 MB ( <1%) committed. 

Chunk freelists:
   Non-Class:  6.00 MB
       Class:  14.54 MB
        Both:  20.54 MB

MaxMetaspaceSize: unlimited
CompressedClassSpaceSize: 1.00 GB
Initial GC threshold: 21.00 MB
Current GC threshold: 21.00 MB
CDS: on
MetaspaceReclaimPolicy: balanced
 - commit_granule_bytes: 65536.
 - commit_granule_words: 8192.
 - virtual_space_node_default_size: 8388608.
 - enlarge_chunks_in_place: 1.
 - new_chunks_are_fully_committed: 0.
 - uncommit_free_chunks: 1.
 - use_allocation_guard: 0.
 - handle_deallocations: 1.


Internal statistics:

num_allocs_failed_limit: 0.
num_arena_births: 102.
num_arena_deaths: 0.
num_vsnodes_births: 2.
num_vsnodes_deaths: 0.
num_space_committed: 172.
num_space_uncommitted: 0.
num_chunks_returned_to_freelist: 0.
num_chunks_taken_from_freelist: 400.
num_chunk_merges: 0.
num_chunk_splits: 265.
num_chunks_enlarged: 211.
num_inconsistent_stats: 0.

CodeHeap 'non-profiled nmethods': size=120000Kb used=808Kb max_used=808Kb free=119191Kb
 bounds [0x0000025187ad0000, 0x0000025187d40000, 0x000002518f000000]
CodeHeap 'profiled nmethods': size=120000Kb used=3618Kb max_used=3618Kb free=116381Kb
 bounds [0x0000025180000000, 0x0000025180390000, 0x0000025187530000]
CodeHeap 'non-nmethods': size=5760Kb used=1182Kb max_used=1197Kb free=4577Kb
 bounds [0x0000025187530000, 0x00000251877a0000, 0x0000025187ad0000]
 total_blobs=2415 nmethods=1932 adapters=396
 compilation: enabled
              stopped_count=0, restarted_count=0
 full_count=0

Compilation events (20 events):
Event: 79.459 Thread 0x00000251ffb78e80 nmethod 1923 0x0000025180386110 code [0x00000251803862e0, 0x0000025180386808]
Event: 79.461 Thread 0x00000251ffb78e80 1924       1       java.lang.invoke.DirectMethodHandle::isCrackable (5 bytes)
Event: 79.462 Thread 0x00000251ffb78e80 nmethod 1924 0x0000025187b98d90 code [0x0000025187b98f20, 0x0000025187b98ff8]
Event: 79.462 Thread 0x00000251ffb78e80 1925       3       jdk.internal.misc.CDS::isDumpingArchive (4 bytes)
Event: 79.462 Thread 0x00000251ffb76560 1926       4       jdk.internal.org.objectweb.asm.ByteVector::putByte (39 bytes)
Event: 79.462 Thread 0x00000251ffb78e80 nmethod 1925 0x0000025180386990 code [0x0000025180386b20, 0x0000025180386c18]
Event: 79.464 Thread 0x00000251ffb76560 nmethod 1926 0x0000025187b99090 code [0x0000025187b99220, 0x0000025187b99368]
Event: 79.464 Thread 0x00000251ffb78e80 1927       3       java.lang.invoke.MethodHandleNatives::isCallerSensitive (29 bytes)
Event: 79.464 Thread 0x00000251ffb78e80 nmethod 1927 0x0000025180386c90 code [0x0000025180386e80, 0x00000251803873e8]
Event: 79.464 Thread 0x00000251ffb78e80 1928       3       java.lang.invoke.MethodHandleNatives::canBeCalledVirtual (50 bytes)
Event: 79.465 Thread 0x00000251ffb78e80 nmethod 1928 0x0000025180387590 code [0x0000025180387780, 0x0000025180387c28]
Event: 79.497 Thread 0x00000251ffb78e80 1930       3       java.nio.ByteBuffer::flip (7 bytes)
Event: 79.497 Thread 0x00000251ffb78e80 nmethod 1930 0x0000025180387d90 code [0x0000025180387f40, 0x00000251803880b8]
Event: 79.497 Thread 0x00000251ffb78e80 1931       3       java.nio.Buffer::flip (20 bytes)
Event: 79.497 Thread 0x00000251ffb78e80 nmethod 1931 0x0000025180388190 code [0x0000025180388320, 0x0000025180388438]
Event: 79.497 Thread 0x00000251ffb76560 1932       4       org.gradle.internal.logging.text.AbstractLineChoppingStyledTextOutput$StateContext::isCurrentCharEquals (70 bytes)
Event: 79.501 Thread 0x00000251ffb76560 nmethod 1932 0x0000025187b99890 code [0x0000025187b99a20, 0x0000025187b99b88]
Event: 79.501 Thread 0x00000251ffb76560 1933       4       org.gradle.internal.logging.text.AbstractLineChoppingStyledTextOutput$StateContext::hasChar (25 bytes)
Event: 79.502 Thread 0x00000251ffb76560 nmethod 1933 0x0000025187b99d90 code [0x0000025187b99f20, 0x0000025187b99fb8]
Event: 79.502 Thread 0x00000251ffb76560 1934       4       org.gradle.internal.logging.text.AbstractLineChoppingStyledTextOutput$1::execute (9 bytes)

GC Heap History (4 events):
Event: 3.491 GC heap before
{Heap before GC invocations=0 (full 0):
 garbage-first heap   total 65536K, used 23552K [0x00000000fc000000, 0x0000000100000000)
  region size 1024K, 23 young (23552K), 0 survivors (0K)
 Metaspace       used 1696K, committed 1792K, reserved 1114112K
  class space    used 158K, committed 192K, reserved 1048576K
}
Event: 3.504 GC heap after
{Heap after GC invocations=1 (full 0):
 garbage-first heap   total 65536K, used 1840K [0x00000000fc000000, 0x0000000100000000)
  region size 1024K, 2 young (2048K), 2 survivors (2048K)
 Metaspace       used 1696K, committed 1792K, reserved 1114112K
  class space    used 158K, committed 192K, reserved 1048576K
}
Event: 6.458 GC heap before
{Heap before GC invocations=1 (full 0):
 garbage-first heap   total 65536K, used 35632K [0x00000000fc000000, 0x0000000100000000)
  region size 1024K, 32 young (32768K), 2 survivors (2048K)
 Metaspace       used 7349K, committed 7552K, reserved 1114112K
  class space    used 969K, committed 1088K, reserved 1048576K
}
Event: 6.469 GC heap after
{Heap after GC invocations=2 (full 0):
 garbage-first heap   total 65536K, used 11820K [0x00000000fc000000, 0x0000000100000000)
  region size 1024K, 4 young (4096K), 4 survivors (4096K)
 Metaspace       used 7349K, committed 7552K, reserved 1114112K
  class space    used 969K, committed 1088K, reserved 1048576K
}

Dll operation events (13 events):
Event: 0.063 Loaded shared library C:\Program Files\Microsoft\jdk-17.0.19.10-hotspot\bin\java.dll
Event: 0.213 Loaded shared library C:\Program Files\Microsoft\jdk-17.0.19.10-hotspot\bin\jsvml.dll
Event: 0.377 Loaded shared library C:\Program Files\Microsoft\jdk-17.0.19.10-hotspot\bin\net.dll
Event: 0.390 Loaded shared library C:\Program Files\Microsoft\jdk-17.0.19.10-hotspot\bin\nio.dll
Event: 0.407 Loaded shared library C:\Program Files\Microsoft\jdk-17.0.19.10-hotspot\bin\zip.dll
Event: 3.542 Loaded shared library C:\Program Files\Microsoft\jdk-17.0.19.10-hotspot\bin\jimage.dll
Event: 5.119 Loaded shared library C:\Program Files\Microsoft\jdk-17.0.19.10-hotspot\bin\management.dll
Event: 5.133 Loaded shared library C:\Program Files\Microsoft\jdk-17.0.19.10-hotspot\bin\management_ext.dll
Event: 5.303 Loaded shared library C:\Users\prath\.gradle\native\660c5614fbf4a5f2a75b1949f50a0caf5cd603558e7d8a26e50b933a0cfb79d1\windows-amd64\native-platform.dll
Event: 5.433 Loaded shared library C:\Users\prath\.gradle\native\jansi\2.4.2\Windows\x86_64\jansi.dll
Event: 6.393 Loaded shared library C:\Program Files\Microsoft\jdk-17.0.19.10-hotspot\bin\extnet.dll
Event: 6.953 Loaded shared library C:\Program Files\Microsoft\jdk-17.0.19.10-hotspot\bin\verify.dll
Event: 13.546 Loaded shared library C:\Program Files\Microsoft\jdk-17.0.19.10-hotspot\bin\sunmscapi.dll

Deoptimization events (20 events):
Event: 7.213 Thread 0x00000251d4ebdbc0 Uncommon trap: trap_request=0xffffff45 fr.pc=0x0000025187b2557c relative=0x000000000000005c
Event: 7.213 Thread 0x00000251d4ebdbc0 Uncommon trap: reason=unstable_if action=reinterpret pc=0x0000025187b2557c method=java.lang.AbstractStringBuilder.isLatin1()Z @ 10 c2
Event: 7.213 Thread 0x00000251d4ebdbc0 DEOPT PACKING pc=0x0000025187b2557c sp=0x000000fa8fbfeba0
Event: 7.213 Thread 0x00000251d4ebdbc0 DEOPT UNPACKING pc=0x00000251875869a3 sp=0x000000fa8fbfeb30 mode 2
Event: 7.213 Thread 0x00000251d4ebdbc0 Uncommon trap: trap_request=0xffffff45 fr.pc=0x0000025187b61eec relative=0x00000000000003cc
Event: 7.213 Thread 0x00000251d4ebdbc0 Uncommon trap: reason=unstable_if action=reinterpret pc=0x0000025187b61eec method=java.lang.AbstractStringBuilder.isLatin1()Z @ 10 c2
Event: 7.213 Thread 0x00000251d4ebdbc0 DEOPT PACKING pc=0x0000025187b61eec sp=0x000000fa8fbfed90
Event: 7.213 Thread 0x00000251d4ebdbc0 DEOPT UNPACKING pc=0x00000251875869a3 sp=0x000000fa8fbfed10 mode 2
Event: 13.394 Thread 0x00000251d4ebdbc0 Uncommon trap: trap_request=0xffffff45 fr.pc=0x0000025187adfa20 relative=0x0000000000000080
Event: 13.394 Thread 0x00000251d4ebdbc0 Uncommon trap: reason=unstable_if action=reinterpret pc=0x0000025187adfa20 method=java.lang.String.codePointAt(I)I @ 4 c2
Event: 13.394 Thread 0x00000251d4ebdbc0 DEOPT PACKING pc=0x0000025187adfa20 sp=0x000000fa8fbfed20
Event: 13.394 Thread 0x00000251d4ebdbc0 DEOPT UNPACKING pc=0x00000251875869a3 sp=0x000000fa8fbfecb8 mode 2
Event: 13.399 Thread 0x00000251d4ebff30 Uncommon trap: trap_request=0xffffffde fr.pc=0x0000025187b4b294 relative=0x00000000000011d4
Event: 13.399 Thread 0x00000251d4ebff30 Uncommon trap: reason=class_check action=maybe_recompile pc=0x0000025187b4b294 method=java.util.concurrent.ConcurrentHashMap.putVal(Ljava/lang/Object;Ljava/lang/Object;Z)Ljava/lang/Object; @ 242 c2
Event: 13.399 Thread 0x00000251d4ebff30 DEOPT PACKING pc=0x0000025187b4b294 sp=0x000000fa8fdfe0a0
Event: 13.399 Thread 0x00000251d4ebff30 DEOPT UNPACKING pc=0x00000251875869a3 sp=0x000000fa8fdfe010 mode 2
Event: 13.504 Thread 0x00000251f4c7bac0 Uncommon trap: trap_request=0xffffff45 fr.pc=0x0000025187b18014 relative=0x00000000000009d4
Event: 13.504 Thread 0x00000251f4c7bac0 Uncommon trap: reason=unstable_if action=reinterpret pc=0x0000025187b18014 method=java.util.HashMap.putVal(ILjava/lang/Object;Ljava/lang/Object;ZZ)Ljava/lang/Object; @ 162 c2
Event: 13.504 Thread 0x00000251f4c7bac0 DEOPT PACKING pc=0x0000025187b18014 sp=0x000000fa8e0fb720
Event: 13.504 Thread 0x00000251f4c7bac0 DEOPT UNPACKING pc=0x00000251875869a3 sp=0x000000fa8e0fb658 mode 2

Classes loaded (20 events):
Event: 79.380 Loading class sun/nio/fs/WindowsChannelFactory
Event: 79.382 Loading class sun/nio/fs/WindowsChannelFactory done
Event: 79.383 Loading class sun/nio/fs/WindowsChannelFactory$1
Event: 79.384 Loading class sun/nio/fs/WindowsChannelFactory$1 done
Event: 79.384 Loading class sun/nio/fs/WindowsChannelFactory$Flags
Event: 79.384 Loading class sun/nio/fs/WindowsChannelFactory$Flags done
Event: 79.385 Loading class sun/nio/fs/WindowsChannelFactory$2
Event: 79.385 Loading class sun/nio/fs/WindowsChannelFactory$2 done
Event: 79.389 Loading class sun/nio/ch/FileChannelImpl$Closer
Event: 79.390 Loading class sun/nio/ch/FileChannelImpl$Closer done
Event: 79.418 Loading class java/util/stream/Streams$1
Event: 79.419 Loading class java/util/stream/Streams$1 done
Event: 79.446 Loading class java/nio/file/FileChannelLinesSpliterator$1
Event: 79.446 Loading class java/nio/file/FileChannelLinesSpliterator$1 done
Event: 79.447 Loading class java/nio/channels/Channels
Event: 79.448 Loading class java/nio/channels/Channels done
Event: 79.459 Loading class java/lang/invoke/MethodHandle$1
Event: 79.460 Loading class java/lang/invoke/MethodHandle$1 done
Event: 79.479 Loading class java/util/concurrent/ConcurrentLinkedQueue$Itr
Event: 79.480 Loading class java/util/concurrent/ConcurrentLinkedQueue$Itr done

Classes unloaded (0 events):
No events

Classes redefined (0 events):
No events

Internal exceptions (20 events):
Event: 5.456 Thread 0x00000251f4c7bac0 Exception <a 'java/lang/NullPointerException'{0x00000000feb89c20}> (0x00000000feb89c20) 
thrown [s\src\hotspot\share\interpreter\linkResolver.cpp, line 1350]
Event: 5.456 Thread 0x00000251f4c7bac0 Exception <a 'java/lang/NullPointerException'{0x00000000feb8a1a0}> (0x00000000feb8a1a0) 
thrown [s\src\hotspot\share\interpreter\linkResolver.cpp, line 1350]
Event: 5.666 Thread 0x00000251f4c7bac0 Exception <a 'java/lang/NoSuchMethodError'{0x00000000fe6e0a80}: 'java.lang.Object java.lang.invoke.DirectMethodHandle$Holder.newInvokeSpecial(java.lang.Object, java.lang.Object, java.lang.Object, java.lang.Object, java.lang.Object)'> (0x00000000fe6e0a80) 
thrown [s\src\hotspot\share\interpreter\linkResolver.cpp, line 759]
Event: 5.721 Thread 0x00000251f4c7bac0 Exception <a 'java/lang/NoSuchMethodError'{0x00000000fe47ea38}: 'void java.lang.invoke.DirectMethodHandle$Holder.invokeSpecial(java.lang.Object, java.lang.Object, java.lang.Object)'> (0x00000000fe47ea38) 
thrown [s\src\hotspot\share\interpreter\linkResolver.cpp, line 759]
Event: 5.728 Thread 0x00000251f4c7bac0 Implicit null exception at 0x0000025187b24a8f to 0x0000025187b24fd0
Event: 5.762 Thread 0x00000251f4c7bac0 Implicit null exception at 0x0000025187b042af to 0x0000025187b04329
Event: 5.792 Thread 0x00000251f4c7bac0 Exception <a 'java/lang/NoSuchMethodError'{0x00000000fe33a118}: 'java.lang.Object java.lang.invoke.DirectMethodHandle$Holder.invokeStaticInit(java.lang.Object, int, int, int, int)'> (0x00000000fe33a118) 
thrown [s\src\hotspot\share\interpreter\linkResolver.cpp, line 759]
Event: 5.994 Thread 0x00000251f4c7bac0 Exception <a 'java/lang/NoSuchMethodError'{0x00000000fe217b38}: 'java.lang.Object java.lang.invoke.DirectMethodHandle$Holder.invokeStaticInit(java.lang.Object, java.lang.Object, int, int, int, int)'> (0x00000000fe217b38) 
thrown [s\src\hotspot\share\interpreter\linkResolver.cpp, line 759]
Event: 6.014 Thread 0x00000251f4c7bac0 Exception <a 'java/lang/NoSuchMethodError'{0x00000000fe24a150}: 'int java.lang.invoke.DirectMethodHandle$Holder.invokeStatic(java.lang.Object)'> (0x00000000fe24a150) 
thrown [s\src\hotspot\share\interpreter\linkResolver.cpp, line 759]
Event: 6.015 Thread 0x00000251f4c7bac0 Exception <a 'java/lang/NoSuchMethodError'{0x00000000fe24d8a8}: 'int java.lang.invoke.DirectMethodHandle$Holder.invokeStaticInit(java.lang.Object)'> (0x00000000fe24d8a8) 
thrown [s\src\hotspot\share\interpreter\linkResolver.cpp, line 759]
Event: 6.398 Thread 0x00000251f4c7bac0 Exception <a 'java/lang/NoSuchMethodError'{0x00000000fe1e5430}: 'void java.lang.invoke.DirectMethodHandle$Holder.invokeStatic(java.lang.Object, java.lang.Object, java.lang.Object)'> (0x00000000fe1e5430) 
thrown [s\src\hotspot\share\interpreter\linkResolver.cpp, line 759]
Event: 7.100 Thread 0x00000251d4ebdbc0 Exception <a 'java/lang/NoSuchMethodError'{0x00000000ff410f48}: 'void java.lang.invoke.DirectMethodHandle$Holder.invokeStatic(java.lang.Object, long)'> (0x00000000ff410f48) 
thrown [s\src\hotspot\share\interpreter\linkResolver.cpp, line 759]
Event: 7.101 Thread 0x00000251d4ebdbc0 Exception <a 'java/lang/NoSuchMethodError'{0x00000000ff4165b8}: 'java.lang.Object java.lang.invoke.DirectMethodHandle$Holder.newInvokeSpecial(java.lang.Object, long)'> (0x00000000ff4165b8) 
thrown [s\src\hotspot\share\interpreter\linkResolver.cpp, line 759]
Event: 7.105 Thread 0x00000251d4ebdbc0 Exception <a 'java/lang/NoSuchMethodError'{0x00000000ff41d908}: 'java.lang.Object java.lang.invoke.DirectMethodHandle$Holder.invokeStatic(java.lang.Object, java.lang.Object, long, java.lang.Object)'> (0x00000000ff41d908) 
thrown [s\src\hotspot\share\interpreter\linkResolver.cpp, line 759]
Event: 7.108 Thread 0x00000251d4ebdbc0 Exception <a 'java/lang/NoSuchMethodError'{0x00000000ff4210e0}: 'java.lang.Object java.lang.invoke.DirectMethodHandle$Holder.invokeStaticInit(java.lang.Object, java.lang.Object, long, java.lang.Object)'> (0x00000000ff4210e0) 
thrown [s\src\hotspot\share\interpreter\linkResolver.cpp, line 759]
Event: 7.126 Thread 0x00000251d4ebdbc0 Exception <a 'java/lang/NoSuchMethodError'{0x00000000ff427768}: 'java.lang.Object java.lang.invoke.DirectMethodHandle$Holder.newInvokeSpecial(java.lang.Object, java.lang.Object, long)'> (0x00000000ff427768) 
thrown [s\src\hotspot\share\interpreter\linkResolver.cpp, line 759]
Event: 7.139 Thread 0x00000251d4ebdbc0 Exception <a 'java/lang/NoSuchMethodError'{0x00000000ff42ba58}: 'java.lang.Object java.lang.invoke.Invokers$Holder.linkToTargetMethod(java.lang.Object, long, java.lang.Object)'> (0x00000000ff42ba58) 
thrown [s\src\hotspot\share\interpreter\linkResolver.cpp, line 759]
Event: 79.298 Thread 0x00000251f4c7bac0 Exception <a 'sun/net/ConnectionResetException'{0x00000000ff144630}: Connection reset> (0x00000000ff144630) 
thrown [s\src\hotspot\share\prims\jni.cpp, line 535]
Event: 79.458 Thread 0x00000251f4c7bac0 Exception <a 'java/lang/NoSuchMethodError'{0x00000000ff186428}: 'int java.lang.invoke.DirectMethodHandle$Holder.invokeVirtual(java.lang.Object, java.lang.Object)'> (0x00000000ff186428) 
thrown [s\src\hotspot\share\interpreter\linkResolver.cpp, line 759]
Event: 79.475 Thread 0x00000251f4c7bac0 Exception <a 'java/io/IOException'{0x00000000ff1961c8}: Connection reset by peer> (0x00000000ff1961c8) 
thrown [s\src\hotspot\share\prims\jni.cpp, line 535]

VM Operations (20 events):
Event: 42.945 Executing VM operation: Cleanup
Event: 42.945 Executing VM operation: Cleanup done
Event: 43.955 Executing VM operation: Cleanup
Event: 43.955 Executing VM operation: Cleanup done
Event: 44.963 Executing VM operation: Cleanup
Event: 44.963 Executing VM operation: Cleanup done
Event: 45.971 Executing VM operation: Cleanup
Event: 45.971 Executing VM operation: Cleanup done
Event: 51.021 Executing VM operation: Cleanup
Event: 51.021 Executing VM operation: Cleanup done
Event: 55.058 Executing VM operation: Cleanup
Event: 55.058 Executing VM operation: Cleanup done
Event: 57.077 Executing VM operation: Cleanup
Event: 57.077 Executing VM operation: Cleanup done
Event: 60.301 Executing VM operation: HandshakeAllThreads
Event: 60.302 Executing VM operation: HandshakeAllThreads done
Event: 79.451 Executing VM operation: Cleanup
Event: 79.451 Executing VM operation: Cleanup done
Event: 80.452 Executing VM operation: Cleanup
Event: 80.452 Executing VM operation: Cleanup done

Memory protections (0 events):
No events

Nmethod flushes (0 events):
No events

Events (20 events):
Event: 0.241 Thread 0x00000251f4c7bac0 Thread added: 0x00000251ffb44ff0
Event: 0.242 Thread 0x00000251f4c7bac0 Thread added: 0x00000251ffb4a280
Event: 0.277 Thread 0x00000251f4c7bac0 Thread added: 0x00000251ffb65300
Event: 0.278 Thread 0x00000251f4c7bac0 Thread added: 0x00000251ffb65bd0
Event: 0.278 Thread 0x00000251f4c7bac0 Thread added: 0x00000251ffb664a0
Event: 0.278 Thread 0x00000251f4c7bac0 Thread added: 0x00000251ffb69520
Event: 0.279 Thread 0x00000251f4c7bac0 Thread added: 0x00000251ffb76560
Event: 0.279 Thread 0x00000251f4c7bac0 Thread added: 0x00000251ffb78e80
Event: 0.279 Thread 0x00000251f4c7bac0 Thread added: 0x00000251ffb79f30
Event: 0.328 Thread 0x00000251f4c7bac0 Thread added: 0x00000251d409afb0
Event: 0.334 Thread 0x00000251f4c7bac0 Thread added: 0x00000251d40a3760
Event: 5.424 Thread 0x00000251f4c7bac0 Thread added: 0x00000251d4b60b30
Event: 5.456 Thread 0x00000251d4b60b30 Thread exited: 0x00000251d4b60b30
Event: 5.529 Thread 0x00000251f4c7bac0 Thread added: 0x00000251d4ebd6b0
Event: 7.053 Thread 0x00000251f4c7bac0 Thread added: 0x00000251d4ebdbc0
Event: 7.156 Thread 0x00000251d4ebdbc0 Thread added: 0x00000251d4ebe5e0
Event: 7.158 Thread 0x00000251d4ebdbc0 Thread added: 0x00000251d4ebff30
Event: 7.173 Thread 0x00000251d4ebe5e0 Thread exited: 0x00000251d4ebe5e0
Event: 13.399 Thread 0x00000251d4ebff30 Thread exited: 0x00000251d4ebff30
Event: 13.399 Thread 0x00000251d4ebdbc0 Thread exited: 0x00000251d4ebdbc0


Dynamic libraries:
0x00007ff79efc0000 - 0x00007ff79efce000 	C:\Program Files\Microsoft\jdk-17.0.19.10-hotspot\bin\java.exe
0x00007ff841560000 - 0x00007ff8417c6000 	C:\WINDOWS\SYSTEM32\ntdll.dll
0x00007ff8413b0000 - 0x00007ff841479000 	C:\WINDOWS\System32\KERNEL32.DLL
0x00007ff83e970000 - 0x00007ff83ed70000 	C:\WINDOWS\System32\KERNELBASE.dll
0x00007ff83e780000 - 0x00007ff83e8cc000 	C:\WINDOWS\System32\ucrtbase.dll
0x00007ffffef90000 - 0x00007ffffefae000 	C:\Program Files\Microsoft\jdk-17.0.19.10-hotspot\bin\VCRUNTIME140.dll
0x00007fffd0a20000 - 0x00007fffd0a38000 	C:\Program Files\Microsoft\jdk-17.0.19.10-hotspot\bin\jli.dll
0x00007ff83f740000 - 0x00007ff83f907000 	C:\WINDOWS\System32\USER32.dll
0x00007ff83eeb0000 - 0x00007ff83eed7000 	C:\WINDOWS\System32\win32u.dll
0x00007ff82a440000 - 0x00007ff82a6d2000 	C:\WINDOWS\WinSxS\amd64_microsoft.windows.common-controls_6595b64144ccf1df_6.0.26100.8737_none_3e092eaee333b772\COMCTL32.dll
0x00007ff841110000 - 0x00007ff8411b9000 	C:\WINDOWS\System32\msvcrt.dll
0x00007ff8414f0000 - 0x00007ff84151b000 	C:\WINDOWS\System32\GDI32.dll
0x00007ff83ed80000 - 0x00007ff83eea9000 	C:\WINDOWS\System32\gdi32full.dll
0x00007ff83f060000 - 0x00007ff83f103000 	C:\WINDOWS\System32\msvcp_win.dll
0x00007ff841480000 - 0x00007ff8414b2000 	C:\WINDOWS\System32\IMM32.DLL
0x00007ff81b1e0000 - 0x00007ff81b1ec000 	C:\Program Files\Microsoft\jdk-17.0.19.10-hotspot\bin\vcruntime140_1.dll
0x00007fffb96b0000 - 0x00007fffb9739000 	C:\Program Files\Microsoft\jdk-17.0.19.10-hotspot\bin\msvcp140.dll
0x00007fff40b40000 - 0x00007fff417bb000 	C:\Program Files\Microsoft\jdk-17.0.19.10-hotspot\bin\server\jvm.dll
0x00007ff840b20000 - 0x00007ff840bd7000 	C:\WINDOWS\System32\ADVAPI32.dll
0x00007ff83f2f0000 - 0x00007ff83f39a000 	C:\WINDOWS\System32\sechost.dll
0x00007ff83f910000 - 0x00007ff83fa28000 	C:\WINDOWS\System32\RPCRT4.dll
0x00007ff840bf0000 - 0x00007ff840c70000 	C:\WINDOWS\System32\WS2_32.dll
0x00007ff83e5e0000 - 0x00007ff83e63e000 	C:\WINDOWS\SYSTEM32\POWRPROF.dll
0x00007ff837e50000 - 0x00007ff837e86000 	C:\WINDOWS\SYSTEM32\WINMM.dll
0x00007ff837e90000 - 0x00007ff837e9b000 	C:\WINDOWS\SYSTEM32\VERSION.dll
0x00007ff83e5c0000 - 0x00007ff83e5d4000 	C:\WINDOWS\SYSTEM32\UMPDC.dll
0x00007ff83d460000 - 0x00007ff83d47b000 	C:\WINDOWS\SYSTEM32\kernel.appcore.dll
0x00007ff8192f0000 - 0x00007ff8192fa000 	C:\Program Files\Microsoft\jdk-17.0.19.10-hotspot\bin\jimage.dll
0x00007ff83be10000 - 0x00007ff83c052000 	C:\WINDOWS\SYSTEM32\DBGHELP.DLL
0x00007ff840cd0000 - 0x00007ff841053000 	C:\WINDOWS\System32\combase.dll
0x00007ff840220000 - 0x00007ff8402f9000 	C:\WINDOWS\System32\OLEAUT32.dll
0x00007ff827000000 - 0x00007ff82703b000 	C:\WINDOWS\SYSTEM32\dbgcore.DLL
0x00007ff83f1d0000 - 0x00007ff83f27c000 	C:\WINDOWS\System32\bcryptPrimitives.dll
0x00007fffc81e0000 - 0x00007fffc8206000 	C:\Program Files\Microsoft\jdk-17.0.19.10-hotspot\bin\java.dll
0x00007fffb7410000 - 0x00007fffb74e6000 	C:\Program Files\Microsoft\jdk-17.0.19.10-hotspot\bin\jsvml.dll
0x00007ff840300000 - 0x00007ff840a92000 	C:\WINDOWS\System32\SHELL32.dll
0x00007ff83c210000 - 0x00007ff83caa2000 	C:\WINDOWS\SYSTEM32\windows.storage.dll
0x00007ff8400f0000 - 0x00007ff8401e7000 	C:\WINDOWS\System32\SHCORE.dll
0x00007ff841330000 - 0x00007ff841397000 	C:\WINDOWS\System32\shlwapi.dll
0x00007ff83e6a0000 - 0x00007ff83e6c9000 	C:\WINDOWS\SYSTEM32\profapi.dll
0x00007fffc0290000 - 0x00007fffc02ab000 	C:\Program Files\Microsoft\jdk-17.0.19.10-hotspot\bin\net.dll
0x00007ff834460000 - 0x00007ff834589000 	C:\WINDOWS\SYSTEM32\WINHTTP.dll
0x00007ff83da10000 - 0x00007ff83da7c000 	C:\WINDOWS\system32\mswsock.dll
0x00007fffbfb40000 - 0x00007fffbfb56000 	C:\Program Files\Microsoft\jdk-17.0.19.10-hotspot\bin\nio.dll
0x00007fffc1320000 - 0x00007fffc1338000 	C:\Program Files\Microsoft\jdk-17.0.19.10-hotspot\bin\zip.dll
0x00007fffffdf0000 - 0x00007fffffdfa000 	C:\Program Files\Microsoft\jdk-17.0.19.10-hotspot\bin\management.dll
0x00007ffffb5c0000 - 0x00007ffffb5cc000 	C:\Program Files\Microsoft\jdk-17.0.19.10-hotspot\bin\management_ext.dll
0x00007ff8401f0000 - 0x00007ff8401f8000 	C:\WINDOWS\System32\PSAPI.DLL
0x00007ff806000000 - 0x00007ff806027000 	C:\Users\prath\.gradle\native\660c5614fbf4a5f2a75b1949f50a0caf5cd603558e7d8a26e50b933a0cfb79d1\windows-amd64\native-platform.dll
0x00007ff826210000 - 0x00007ff826234000 	C:\Users\prath\.gradle\native\jansi\2.4.2\Windows\x86_64\jansi.dll
0x00007ff83dd10000 - 0x00007ff83dd2b000 	C:\WINDOWS\SYSTEM32\CRYPTSP.dll
0x00007ff83d3c0000 - 0x00007ff83d3f9000 	C:\WINDOWS\system32\rsaenh.dll
0x00007ff83dad0000 - 0x00007ff83db02000 	C:\WINDOWS\SYSTEM32\USERENV.dll
0x00007ff83e670000 - 0x00007ff83e69a000 	C:\WINDOWS\SYSTEM32\bcrypt.dll
0x00007ff83dd30000 - 0x00007ff83dd3c000 	C:\WINDOWS\SYSTEM32\CRYPTBASE.dll
0x00007ff83cdf0000 - 0x00007ff83ce23000 	C:\WINDOWS\SYSTEM32\IPHLPAPI.DLL
0x00007ff8413a0000 - 0x00007ff8413aa000 	C:\WINDOWS\System32\NSI.dll
0x00007ff8351a0000 - 0x00007ff8351bd000 	C:\WINDOWS\SYSTEM32\dhcpcsvc6.DLL
0x00007ff834430000 - 0x00007ff834455000 	C:\WINDOWS\SYSTEM32\dhcpcsvc.DLL
0x00007ff83ce80000 - 0x00007ff83cfd5000 	C:\WINDOWS\SYSTEM32\DNSAPI.dll
0x00007ff83d7f0000 - 0x00007ff83d7fd000 	C:\WINDOWS\SYSTEM32\DSPARSE.dll
0x00007fffd5b60000 - 0x00007fffd5b69000 	C:\Program Files\Microsoft\jdk-17.0.19.10-hotspot\bin\extnet.dll
0x00007ff811490000 - 0x00007ff8114a0000 	C:\Program Files\Microsoft\jdk-17.0.19.10-hotspot\bin\verify.dll
0x00007fffd0e10000 - 0x00007fffd0e1e000 	C:\Program Files\Microsoft\jdk-17.0.19.10-hotspot\bin\sunmscapi.dll
0x00007ff83eee0000 - 0x00007ff83f058000 	C:\WINDOWS\System32\CRYPT32.dll
0x00007ff83df50000 - 0x00007ff83df80000 	C:\WINDOWS\SYSTEM32\ncrypt.dll
0x00007ff83df00000 - 0x00007ff83df3f000 	C:\WINDOWS\SYSTEM32\NTASN1.dll
0x00007ff8010e0000 - 0x00007ff8010e8000 	C:\WINDOWS\system32\wshunix.dll

dbghelp: loaded successfully - version: 4.0.5 - missing functions: none
symbol engine: initialized successfully - sym options: 0x614 - pdb path: .;C:\Program Files\Microsoft\jdk-17.0.19.10-hotspot\bin;C:\WINDOWS\SYSTEM32;C:\WINDOWS\WinSxS\amd64_microsoft.windows.common-controls_6595b64144ccf1df_6.0.26100.8737_none_3e092eaee333b772;C:\Program Files\Microsoft\jdk-17.0.19.10-hotspot\bin\server;C:\Users\prath\.gradle\native\660c5614fbf4a5f2a75b1949f50a0caf5cd603558e7d8a26e50b933a0cfb79d1\windows-amd64;C:\Users\prath\.gradle\native\jansi\2.4.2\Windows\x86_64

VM Arguments:
jvm_args: -Xmx64m -Xms64m -Dorg.gradle.appname=gradlew 
java_command: D:\Training\project-a\projectvideo-frontend\android\\gradle\wrapper\gradle-wrapper.jar app:installDebug -PreactNativeDevServerPort=8081
java_class_path (initial): D:\Training\project-a\projectvideo-frontend\android\\gradle\wrapper\gradle-wrapper.jar
Launcher Type: SUN_STANDARD

[Global flags]
     intx CICompilerCount                          = 4                                         {product} {ergonomic}
     uint ConcGCThreads                            = 3                                         {product} {ergonomic}
     uint G1ConcRefinementThreads                  = 10                                        {product} {ergonomic}
   size_t G1HeapRegionSize                         = 1048576                                   {product} {ergonomic}
    uintx GCDrainStackTargetSize                   = 64                                        {product} {ergonomic}
   size_t InitialHeapSize                          = 67108864                                  {product} {command line}
   size_t MarkStackSize                            = 4194304                                   {product} {ergonomic}
   size_t MaxHeapSize                              = 67108864                                  {product} {command line}
   size_t MaxNewSize                               = 39845888                                  {product} {ergonomic}
   size_t MinHeapDeltaBytes                        = 1048576                                   {product} {ergonomic}
   size_t MinHeapSize                              = 67108864                                  {product} {command line}
    uintx NonNMethodCodeHeapSize                   = 5839372                                {pd product} {ergonomic}
    uintx NonProfiledCodeHeapSize                  = 122909434                              {pd product} {ergonomic}
    uintx ProfiledCodeHeapSize                     = 122909434                              {pd product} {ergonomic}
    uintx ReservedCodeCacheSize                    = 251658240                              {pd product} {ergonomic}
     bool SegmentedCodeCache                       = true                                      {product} {ergonomic}
   size_t SoftMaxHeapSize                          = 67108864                               {manageable} {ergonomic}
     bool UseCompressedClassPointers               = true                           {product lp64_product} {ergonomic}
     bool UseCompressedOops                        = true                           {product lp64_product} {ergonomic}
     bool UseG1GC                                  = true                                      {product} {ergonomic}
     bool UseLargePagesIndividualAllocation        = false                                  {pd product} {ergonomic}

Logging:
Log output configuration:
 #0: stdout all=warning uptime,level,tags
 #1: stderr all=off uptime,level,tags

Environment Variables:
JAVA_HOME=C:\Program Files\Microsoft\jdk-17.0.19.10-hotspot
CLASSPATH=.;D:\Training\java\mysql-connector-j-9.5.0.jar
PATH=D:\Training\project-a\projectvideo-frontend\node_modules\.bin;D:\Training\project-a\projectvideo-frontend\node_modules\.bin;D:\Training\project-a\node_modules\.bin;D:\Training\node_modules\.bin;D:\node_modules\.bin;C:\Users\prath\AppData\Local\nvm\v20.20.2\node_modules\npm\node_modules\@npmcli\run-script\lib\node-gyp-bin;C:\Users\prath\AppData\Local\Android\Sdk;C:\Users\prath\AppData\Local\Android\Sdk\platform-tools;C:\Users\prath\AppData\Local\Android\Sdk\emulator;C:\Program Files\Microsoft\jdk-17.0.19.10-hotspot\bin;C:\Windows\Microsoft.NET\Framework64\v4.0.30319;C:\Program Files (x86)\SQlite;C:\Program Files\MySQL\MySQL Server 8.0\bin;C:\Program Files\VideoLAN\VLC\;D:\Users\prath\AppData\Roaming\Python\Python311\Scripts;C:\Program Files\Python311\Scripts\;C:\Program Files\Python311\;C:\Program Files\Common Files\Oracle\Java\javapath;C:\WINDOWS\system32;C:\WINDOWS;C:\WINDOWS\System32\Wbem;C:\WINDOWS\System32\WindowsPowerShell\v1.0\;C:\WINDOWS\System32\OpenSSH\;C:\Program Files\Java\jdk-18.0.2.1\bin;C:\Program Files\Microsoft SQL Server\140\Tools\Binn\;C:\Program Files\Git\cmd;C:\Program Files\Microsoft SQL Server\150\Tools\Binn\;C:\Program Files\Microsoft SQL Server\Client SDK\ODBC\170\Tools\Binn\;C:\Program Files\dotnet\;C:\Users\prath\AppData\Roaming\Python\Python311\Scripts;C:\Program Files\WireGuard\;C:\Program Files\CodeBlocks\MinGW\bin;C:\Program Files\mysql-connector\mysql-connector-j-9.5.0\mysql-connector-j-9.5.0.jar;C:\Program Files\PostgreSQL\13\bin;C:\Program Files\PostgreSQL\18\bin;C:\Users\prath\AppData\Local\nvm;C:\nvm4w\nodejs;C:\ProgramData\chocolatey\bin;C:\Program Files\nodejs\;C:\Users\prath\AppData\Local\Android\Sdk\platform-tools;C:\Users\prath\AppData\Local\Android\Sdk\emulator;C:\Program Files\Microsoft\jdk-17.0.19.10-hotspot\bin;C:\Users\prath\AppData\Local\Android\Sdk\platform-tools;C:\Users\prath\AppData\Local\Android\Sdk\emulator;C:\Users\prath\AppData\Local\Android\Sdk;C:\Users\prath\AppData\Local\Microsoft\WindowsApps;C:\Users\prath\.dotnet\tools;C:\Users\prath\AppData\Local\Programs\Microsoft VS Code\bin;C:\Users\prath\AppData\Local\Microsoft\GitHubDesktop\bin;C:\Users\prath\AppData\Local\GitHubDesktop\bin;C:\Users\prath\AppData\Local\Programs\Hyper\resources\bin;C:\Program Files\sf\bin;C:\Program Files\Common Files\Oracle\Java\javapath\sf\bin;C:\Users\prath\Downloads\flutter\bin;C:\Users\prath\AppData\Local\nvm;C:\nvm4w\nodejs;C:\Users\prath\AppData\Roaming\npm;
USERNAME=prath
LANG=en_US.UTF-8
OS=Windows_NT
PROCESSOR_IDENTIFIER=AMD64 Family 23 Model 104 Stepping 1, AuthenticAMD
TMP=C:\Users\prath\AppData\Local\Temp
TEMP=C:\Users\prath\AppData\Local\Temp



Periodic native trim disabled


---------------  S Y S T E M  ---------------

OS:
 Windows 11 , 64 bit Build 26100 (10.0.26100.8737)
OS uptime: 0 days 1:23 hours
Hyper-V role detected

CPU: total 12 (initial active 12) (12 cores per cpu, 2 threads per core) family 23 model 104 stepping 1 microcode 0x8608103, cx8, cmov, fxsr, ht, mmx, 3dnowpref, sse, sse2, sse3, ssse3, sse4a, sse4.1, sse4.2, popcnt, lzcnt, tsc, tscinvbit, avx, avx2, aes, clmul, bmi1, bmi2, adx, sha, fma, vzeroupper, clflush, clflushopt, hv
Processor Information for the first 12 processors :
  Max Mhz: 2100, Current Mhz: 1988, Mhz Limit: 2100

Memory: 4k page, system-wide physical 5989M (184M free)
TotalPageFile size 24421M (AvailPageFile size 52M)
current process WorkingSet (physical memory assigned to process): 35M, peak: 108M
current process commit charge ("private bytes"): 172M, peak: 173M

vm_info: OpenJDK 64-Bit Server VM (17.0.19+10-LTS) for windows-amd64 JRE (17.0.19+10-LTS), built on Apr 18 2026 18:24:40 by "MicrosoftCorporation" with MS VC++ 17.14 (VS2022)

END.
