#
# There is insufficient memory for the Java Runtime Environment to continue.
# Native memory allocation (malloc) failed to allocate 1086896 bytes. Error detail: Chunk::new
# Possible reasons:
#   The system is out of physical RAM or swap space
#   This process is running with CompressedOops enabled, and the Java Heap may be blocking the growth of the native heap
# Possible solutions:
#   Reduce memory load on the system
#   Increase physical memory or swap space
#   Check if swap backing store is full
#   Decrease Java heap size (-Xmx/-Xms)
#   Decrease number of Java threads
#   Decrease Java thread stack sizes (-Xss)
#   Set larger code cache with -XX:ReservedCodeCacheSize=
#   JVM is running with Unscaled Compressed Oops mode in which the Java heap is
#     placed in the first 4GB address space. The Java Heap base address is the
#     maximum limit for the native heap growth. Please use -XX:HeapBaseMinAddress
#     to set the Java Heap base and to place the Java Heap above 4GB virtual address.
# This output file may be truncated or incomplete.
#
#  Out of Memory Error (arena.cpp:191), pid=28216, tid=21120
#
# JRE version: OpenJDK Runtime Environment Microsoft-13877129 (17.0.19+10) (build 17.0.19+10-LTS)
# Java VM: OpenJDK 64-Bit Server VM Microsoft-13877129 (17.0.19+10-LTS, mixed mode, sharing, tiered, compressed oops, compressed class ptrs, g1 gc, windows-amd64)
# No core dump will be written. Minidumps are not enabled by default on client versions of Windows
#

---------------  S U M M A R Y ------------

Command Line: --add-opens=java.base/java.lang=ALL-UNNAMED --add-opens=java.base/java.lang.invoke=ALL-UNNAMED --add-opens=java.base/java.util=ALL-UNNAMED --add-opens=java.prefs/java.util.prefs=ALL-UNNAMED --add-exports=jdk.compiler/com.sun.tools.javac.api=ALL-UNNAMED --add-exports=jdk.compiler/com.sun.tools.javac.util=ALL-UNNAMED --add-opens=java.base/java.util=ALL-UNNAMED --add-opens=java.prefs/java.util.prefs=ALL-UNNAMED --add-opens=java.base/java.nio.charset=ALL-UNNAMED --add-opens=java.base/java.net=ALL-UNNAMED --add-opens=java.base/java.util.concurrent=ALL-UNNAMED --add-opens=java.base/java.util.concurrent.atomic=ALL-UNNAMED --add-opens=java.xml/javax.xml.namespace=ALL-UNNAMED --add-opens=java.base/java.time=ALL-UNNAMED -XX:MaxMetaspaceSize=512m -Xmx2048m -Dfile.encoding=windows-1252 -Duser.country=US -Duser.language=en -Duser.variant -javaagent:C:\Users\prath\.gradle\wrapper\dists\gradle-9.3.1-bin\23ovyewtku6u96viwx3xl3oks\gradle-9.3.1\lib\agents\gradle-instrumentation-agent-9.3.1.jar org.gradle.launcher.daemon.bootstrap.GradleDaemon 9.3.1

Host: AMD Ryzen 5 5500U with Radeon Graphics         , 12 cores, 5G,  Windows 11 , 64 bit Build 26100 (10.0.26100.8737)
Time: Sat Jul  4 22:28:27 2026 India Standard Time elapsed time: 67.217019 seconds (0d 0h 1m 7s)

---------------  T H R E A D  ---------------

Current thread (0x0000024830115da0):  JavaThread "C2 CompilerThread0" daemon [_thread_in_native, id=21120, stack(0x00000070dec00000,0x00000070ded00000)]


Current CompileTask:
C2:67217 8719       4       org.codehaus.groovy.reflection.CachedMethod::compareToCachedMethod (158 bytes)

Stack: [0x00000070dec00000,0x00000070ded00000]
Native frames: (J=compiled Java code, j=interpreted, Vv=VM code, C=native code)
V  [jvm.dll+0x68cc89]  (no source info available)
V  [jvm.dll+0x845d89]  (no source info available)
V  [jvm.dll+0x847af8]  (no source info available)
V  [jvm.dll+0x848183]  (no source info available)
V  [jvm.dll+0x24d0bf]  (no source info available)
V  [jvm.dll+0xaed56]  (no source info available)
V  [jvm.dll+0xaf3fc]  (no source info available)
V  [jvm.dll+0x37186f]  (no source info available)
V  [jvm.dll+0x33baf5]  (no source info available)
V  [jvm.dll+0x33af5a]  (no source info available)
V  [jvm.dll+0x21dfc9]  (no source info available)
V  [jvm.dll+0x21d412]  (no source info available)
V  [jvm.dll+0x1a8db6]  (no source info available)
V  [jvm.dll+0x22dc6b]  (no source info available)
V  [jvm.dll+0x22bdf6]  (no source info available)
V  [jvm.dll+0x7fbecb]  (no source info available)
V  [jvm.dll+0x7f62cc]  (no source info available)
V  [jvm.dll+0x68e227]  (no source info available)
C  [ucrtbase.dll+0x2cd30]  (no source info available)
C  [KERNEL32.DLL+0x2e957]  (no source info available)
C  [ntdll.dll+0xaad6c]  (no source info available)


---------------  P R O C E S S  ---------------

Threads class SMR info:
_java_thread_list=0x0000024852de5580, length=74, elements={
0x00000248117d4750, 0x00000248300f96d0, 0x00000248300fc0b0, 0x0000024830112f90,
0x0000024830113860, 0x0000024830114130, 0x00000248301151a0, 0x0000024830115da0,
0x00000248301247a0, 0x0000024830128000, 0x00000248300dcaf0, 0x000002483028f5b0,
0x0000024850d18010, 0x0000024850bf5000, 0x0000024850e66220, 0x00000248504448c0,
0x0000024830cc51f0, 0x0000024850e61040, 0x0000024850c8d430, 0x0000024850c8ed80,
0x0000024850c8e360, 0x0000024850c8e870, 0x0000024850c8d940, 0x0000024850c8de50,
0x00000248521d79e0, 0x00000248521d8400, 0x00000248521d8910, 0x00000248521d6fc0,
0x00000248521d65a0, 0x00000248521d7ef0, 0x00000248521d9840, 0x00000248521d8e20,
0x00000248521d9330, 0x00000248521d9d50, 0x00000248521da260, 0x00000248521d6ab0,
0x00000248521dac80, 0x00000248521da770, 0x00000248521d74d0, 0x00000248521dc5d0,
0x00000248521dcff0, 0x00000248521db190, 0x00000248521dc0c0, 0x00000248521dd500,
0x00000248521dcae0, 0x00000248521dda10, 0x00000248521db6a0, 0x00000248521dbbb0,
0x0000024851e8ab70, 0x0000024851e8a150, 0x0000024851e882f0, 0x0000024851e89220,
0x0000024851e89730, 0x0000024851e8b080, 0x0000024851e89c40, 0x0000024851e8b590,
0x0000024851e88d10, 0x0000024851e8a660, 0x0000024851e8baa0, 0x0000024851e8bfb0,
0x0000024851e88800, 0x0000024851e8e830, 0x0000024851e8d3f0, 0x0000024851e8c9d0,
0x0000024851e8d900, 0x0000024851e8de10, 0x0000024851e8e320, 0x0000024851e8ed40,
0x0000024851e8f250, 0x0000024851e8cee0, 0x0000024851e8f760, 0x0000024851e8fc70,
0x0000024851e3b4b0, 0x0000024851e3b9c0
}

Java Threads: ( => current thread )
  0x00000248117d4750 JavaThread "main" [_thread_blocked, id=31184, stack(0x00000070ddf00000,0x00000070de000000)]
  0x00000248300f96d0 JavaThread "Reference Handler" daemon [_thread_blocked, id=19620, stack(0x00000070de600000,0x00000070de700000)]
  0x00000248300fc0b0 JavaThread "Finalizer" daemon [_thread_blocked, id=2084, stack(0x00000070de700000,0x00000070de800000)]
  0x0000024830112f90 JavaThread "Signal Dispatcher" daemon [_thread_blocked, id=31444, stack(0x00000070de800000,0x00000070de900000)]
  0x0000024830113860 JavaThread "Attach Listener" daemon [_thread_blocked, id=30540, stack(0x00000070de900000,0x00000070dea00000)]
  0x0000024830114130 JavaThread "Service Thread" daemon [_thread_blocked, id=17180, stack(0x00000070dea00000,0x00000070deb00000)]
  0x00000248301151a0 JavaThread "Monitor Deflation Thread" daemon [_thread_blocked, id=25464, stack(0x00000070deb00000,0x00000070dec00000)]
=>0x0000024830115da0 JavaThread "C2 CompilerThread0" daemon [_thread_in_native, id=21120, stack(0x00000070dec00000,0x00000070ded00000)]
  0x00000248301247a0 JavaThread "C1 CompilerThread0" daemon [_thread_blocked, id=12896, stack(0x00000070ded00000,0x00000070dee00000)]
  0x0000024830128000 JavaThread "Sweeper thread" daemon [_thread_blocked, id=31536, stack(0x00000070dee00000,0x00000070def00000)]
  0x00000248300dcaf0 JavaThread "Common-Cleaner" daemon [_thread_blocked, id=20232, stack(0x00000070def00000,0x00000070df000000)]
  0x000002483028f5b0 JavaThread "Notification Thread" daemon [_thread_blocked, id=24632, stack(0x00000070df000000,0x00000070df100000)]
  0x0000024850d18010 JavaThread "Daemon health stats" [_thread_blocked, id=816, stack(0x00000070df600000,0x00000070df700000)]
  0x0000024850bf5000 JavaThread "Incoming local TCP Connector on port 49519" [_thread_in_native, id=13984, stack(0x00000070df700000,0x00000070df800000)]
  0x0000024850e66220 JavaThread "Daemon periodic checks" [_thread_blocked, id=11536, stack(0x00000070df800000,0x00000070df900000)]
  0x00000248504448c0 JavaThread "Daemon" [_thread_blocked, id=3784, stack(0x00000070df900000,0x00000070dfa00000)]
  0x0000024830cc51f0 JavaThread "Handler for socket connection from /127.0.0.1:49519 to /127.0.0.1:49522" [_thread_in_native, id=20808, stack(0x00000070dfa00000,0x00000070dfb00000)]
  0x0000024850e61040 JavaThread "Cancel handler" [_thread_blocked, id=25420, stack(0x00000070dfb00000,0x00000070dfc00000)]
  0x0000024850c8d430 JavaThread "Daemon worker" [_thread_in_Java, id=4492, stack(0x00000070dfc00000,0x00000070dfd00000)]
  0x0000024850c8ed80 JavaThread "Asynchronous log dispatcher for DefaultDaemonConnection: socket connection from /127.0.0.1:49519 to /127.0.0.1:49522" [_thread_blocked, id=21380, stack(0x00000070dfd00000,0x00000070dfe00000)]
  0x0000024850c8e360 JavaThread "Stdin handler" [_thread_blocked, id=8544, stack(0x00000070dfe00000,0x00000070dff00000)]
  0x0000024850c8e870 JavaThread "Daemon client event forwarder" [_thread_blocked, id=24260, stack(0x00000070dff00000,0x00000070e0000000)]
  0x0000024850c8d940 JavaThread "Cache worker for journal cache (C:\Users\prath\.gradle\caches\journal-1)" [_thread_blocked, id=16480, stack(0x00000070e0500000,0x00000070e0600000)]
  0x0000024850c8de50 JavaThread "File lock request listener" [_thread_in_native, id=20248, stack(0x00000070e0600000,0x00000070e0700000)]
  0x00000248521d79e0 JavaThread "Cache worker for file hash cache (C:\Users\prath\.gradle\caches\9.3.1\fileHashes)" [_thread_blocked, id=11576, stack(0x00000070e0700000,0x00000070e0800000)]
  0x00000248521d8400 JavaThread "Cache worker for file hash cache (D:\Training\project-a\ottapp\android\.gradle\9.3.1\fileHashes)" [_thread_blocked, id=15732, stack(0x00000070e0a00000,0x00000070e0b00000)]
  0x00000248521d8910 JavaThread "Cache worker for Build Output Cleanup Cache (D:\Training\project-a\ottapp\android\.gradle\buildOutputCleanup)" [_thread_blocked, id=26788, stack(0x00000070e0b00000,0x00000070e0c00000)]
  0x00000248521d6fc0 JavaThread "File watcher server" daemon [_thread_in_native, id=20700, stack(0x00000070e0c00000,0x00000070e0d00000)]
  0x00000248521d65a0 JavaThread "File watcher consumer" daemon [_thread_blocked, id=15968, stack(0x00000070e0d00000,0x00000070e0e00000)]
  0x00000248521d7ef0 JavaThread "Cache worker for checksums cache (D:\Training\project-a\ottapp\android\.gradle\9.3.1\checksums)" [_thread_blocked, id=23312, stack(0x00000070e0e00000,0x00000070e0f00000)]
  0x00000248521d9840 JavaThread "Cache worker for file content cache (C:\Users\prath\.gradle\caches\9.3.1\fileContent)" [_thread_blocked, id=12488, stack(0x00000070e0f00000,0x00000070e1000000)]
  0x00000248521d8e20 JavaThread "Cache worker for cache directory md-supplier (C:\Users\prath\.gradle\caches\9.3.1\md-supplier)" [_thread_blocked, id=18448, stack(0x00000070e1000000,0x00000070e1100000)]
  0x00000248521d9330 JavaThread "Cache worker for cache directory md-rule (C:\Users\prath\.gradle\caches\9.3.1\md-rule)" [_thread_blocked, id=996, stack(0x00000070e1100000,0x00000070e1200000)]
  0x00000248521d9d50 JavaThread "jar transforms" [_thread_blocked, id=6072, stack(0x00000070e1300000,0x00000070e1400000)]
  0x00000248521da260 JavaThread "Cache worker for Build Output Cleanup Cache (D:\Training\project-a\ottapp\node_modules\@react-native\gradle-plugin\.gradle\buildOutputCleanup)" [_thread_blocked, id=22368, stack(0x00000070e1400000,0x00000070e1500000)]
  0x00000248521d6ab0 JavaThread "Unconstrained build operations" [_thread_blocked, id=14416, stack(0x00000070e1500000,0x00000070e1600000)]
  0x00000248521dac80 JavaThread "Unconstrained build operations Thread 2" [_thread_blocked, id=18976, stack(0x00000070e1600000,0x00000070e1700000)]
  0x00000248521da770 JavaThread "Unconstrained build operations Thread 3" [_thread_blocked, id=31492, stack(0x00000070e1700000,0x00000070e1800000)]
  0x00000248521d74d0 JavaThread "Unconstrained build operations Thread 4" [_thread_blocked, id=11108, stack(0x00000070e1a00000,0x00000070e1b00000)]
  0x00000248521dc5d0 JavaThread "Unconstrained build operations Thread 5" [_thread_blocked, id=31252, stack(0x00000070e1b00000,0x00000070e1c00000)]
  0x00000248521dcff0 JavaThread "Unconstrained build operations Thread 6" [_thread_blocked, id=5352, stack(0x00000070e1c00000,0x00000070e1d00000)]
  0x00000248521db190 JavaThread "Unconstrained build operations Thread 7" [_thread_blocked, id=21960, stack(0x00000070e1d00000,0x00000070e1e00000)]
  0x00000248521dc0c0 JavaThread "Unconstrained build operations Thread 8" [_thread_blocked, id=29160, stack(0x00000070e1e00000,0x00000070e1f00000)]
  0x00000248521dd500 JavaThread "Unconstrained build operations Thread 9" [_thread_blocked, id=13452, stack(0x00000070e1f00000,0x00000070e2000000)]
  0x00000248521dcae0 JavaThread "Unconstrained build operations Thread 10" [_thread_blocked, id=14344, stack(0x00000070e2000000,0x00000070e2100000)]
  0x00000248521dda10 JavaThread "Unconstrained build operations Thread 11" [_thread_blocked, id=18828, stack(0x00000070e2100000,0x00000070e2200000)]
  0x00000248521db6a0 JavaThread "Unconstrained build operations Thread 12" [_thread_blocked, id=9836, stack(0x00000070e2200000,0x00000070e2300000)]
  0x00000248521dbbb0 JavaThread "Unconstrained build operations Thread 13" [_thread_blocked, id=9500, stack(0x00000070e2300000,0x00000070e2400000)]
  0x0000024851e8ab70 JavaThread "Unconstrained build operations Thread 14" [_thread_blocked, id=30576, stack(0x00000070e2400000,0x00000070e2500000)]
  0x0000024851e8a150 JavaThread "Unconstrained build operations Thread 15" [_thread_blocked, id=1760, stack(0x00000070e2500000,0x00000070e2600000)]
  0x0000024851e882f0 JavaThread "Unconstrained build operations Thread 16" [_thread_blocked, id=29132, stack(0x00000070e2600000,0x00000070e2700000)]
  0x0000024851e89220 JavaThread "Unconstrained build operations Thread 17" [_thread_blocked, id=21244, stack(0x00000070e2700000,0x00000070e2800000)]
  0x0000024851e89730 JavaThread "Unconstrained build operations Thread 18" [_thread_blocked, id=3372, stack(0x00000070e2800000,0x00000070e2900000)]
  0x0000024851e8b080 JavaThread "Unconstrained build operations Thread 19" [_thread_blocked, id=31336, stack(0x00000070e2900000,0x00000070e2a00000)]
  0x0000024851e89c40 JavaThread "Unconstrained build operations Thread 20" [_thread_blocked, id=27536, stack(0x00000070e2a00000,0x00000070e2b00000)]
  0x0000024851e8b590 JavaThread "Unconstrained build operations Thread 21" [_thread_blocked, id=27024, stack(0x00000070e2b00000,0x00000070e2c00000)]
  0x0000024851e88d10 JavaThread "Unconstrained build operations Thread 22" [_thread_blocked, id=27288, stack(0x00000070e2c00000,0x00000070e2d00000)]
  0x0000024851e8a660 JavaThread "Unconstrained build operations Thread 23" [_thread_blocked, id=19684, stack(0x00000070e2d00000,0x00000070e2e00000)]
  0x0000024851e8baa0 JavaThread "Unconstrained build operations Thread 24" [_thread_blocked, id=9136, stack(0x00000070e2e00000,0x00000070e2f00000)]
  0x0000024851e8bfb0 JavaThread "Unconstrained build operations Thread 25" [_thread_blocked, id=25012, stack(0x00000070e2f00000,0x00000070e3000000)]
  0x0000024851e88800 JavaThread "Unconstrained build operations Thread 26" [_thread_blocked, id=27224, stack(0x00000070e3000000,0x00000070e3100000)]
  0x0000024851e8e830 JavaThread "Unconstrained build operations Thread 27" [_thread_blocked, id=22236, stack(0x00000070e3100000,0x00000070e3200000)]
  0x0000024851e8d3f0 JavaThread "Unconstrained build operations Thread 28" [_thread_blocked, id=28028, stack(0x00000070e3200000,0x00000070e3300000)]
  0x0000024851e8c9d0 JavaThread "Unconstrained build operations Thread 29" [_thread_blocked, id=13840, stack(0x00000070e3300000,0x00000070e3400000)]
  0x0000024851e8d900 JavaThread "Unconstrained build operations Thread 30" [_thread_blocked, id=11720, stack(0x00000070e3400000,0x00000070e3500000)]
  0x0000024851e8de10 JavaThread "Unconstrained build operations Thread 31" [_thread_blocked, id=15368, stack(0x00000070e3500000,0x00000070e3600000)]
  0x0000024851e8e320 JavaThread "Unconstrained build operations Thread 32" [_thread_blocked, id=19844, stack(0x00000070e3600000,0x00000070e3700000)]
  0x0000024851e8ed40 JavaThread "Unconstrained build operations Thread 33" [_thread_blocked, id=16828, stack(0x00000070e3700000,0x00000070e3800000)]
  0x0000024851e8f250 JavaThread "Unconstrained build operations Thread 34" [_thread_blocked, id=3860, stack(0x00000070e3800000,0x00000070e3900000)]
  0x0000024851e8cee0 JavaThread "Unconstrained build operations Thread 35" [_thread_blocked, id=18896, stack(0x00000070e3900000,0x00000070e3a00000)]
  0x0000024851e8f760 JavaThread "Unconstrained build operations Thread 36" [_thread_blocked, id=26896, stack(0x00000070e3a00000,0x00000070e3b00000)]
  0x0000024851e8fc70 JavaThread "build event listener" [_thread_blocked, id=20260, stack(0x00000070e3b00000,0x00000070e3c00000)]
  0x0000024851e3b4b0 JavaThread "Memory manager" [_thread_blocked, id=22140, stack(0x00000070e3c00000,0x00000070e3d00000)]
  0x0000024851e3b9c0 JavaThread "Problems report writer" [_thread_blocked, id=25336, stack(0x00000070ddc00000,0x00000070ddd00000)]

Other Threads:
  0x00000248300e9f10 VMThread "VM Thread" [stack: 0x00000070de500000,0x00000070de600000] [id=23292]
  0x000002483028fa90 WatcherThread [stack: 0x00000070df100000,0x00000070df200000] [id=22108]
  0x00000248118330b0 GCTaskThread "GC Thread#0" [stack: 0x00000070de000000,0x00000070de100000] [id=31412]
  0x00000248303c9a50 GCTaskThread "GC Thread#1" [stack: 0x00000070df200000,0x00000070df300000] [id=22092]
  0x00000248305588b0 GCTaskThread "GC Thread#2" [stack: 0x00000070df300000,0x00000070df400000] [id=10428]
  0x00000248501b9810 GCTaskThread "GC Thread#3" [stack: 0x00000070df400000,0x00000070df500000] [id=13556]
  0x00000248501ba080 GCTaskThread "GC Thread#4" [stack: 0x00000070df500000,0x00000070df600000] [id=13156]
  0x00000248501b8fa0 GCTaskThread "GC Thread#5" [stack: 0x00000070e0000000,0x00000070e0100000] [id=5648]
  0x00000248501b9540 GCTaskThread "GC Thread#6" [stack: 0x00000070e0100000,0x00000070e0200000] [id=6128]
  0x00000248501b9ae0 GCTaskThread "GC Thread#7" [stack: 0x00000070e0200000,0x00000070e0300000] [id=28520]
  0x00000248501ba350 GCTaskThread "GC Thread#8" [stack: 0x00000070e0300000,0x00000070e0400000] [id=3540]
  0x00000248501ba620 GCTaskThread "GC Thread#9" [stack: 0x00000070e0400000,0x00000070e0500000] [id=14100]
  0x0000024811843dc0 ConcurrentGCThread "G1 Main Marker" [stack: 0x00000070de100000,0x00000070de200000] [id=21460]
  0x00000248118468b0 ConcurrentGCThread "G1 Conc#0" [stack: 0x00000070de200000,0x00000070de300000] [id=31712]
  0x0000024851432300 ConcurrentGCThread "G1 Conc#1" [stack: 0x00000070e0800000,0x00000070e0900000] [id=25156]
  0x0000024851432e40 ConcurrentGCThread "G1 Conc#2" [stack: 0x00000070e0900000,0x00000070e0a00000] [id=11956]
  0x000002481187ea40 ConcurrentGCThread "G1 Refine#0" [stack: 0x00000070de300000,0x00000070de400000] [id=11336]
  0x0000024852e28610 ConcurrentGCThread "G1 Refine#1" [stack: 0x00000070e1200000,0x00000070e1300000] [id=26256]
  0x000002482ffa4cb0 ConcurrentGCThread "G1 Service" [stack: 0x00000070de400000,0x00000070de500000] [id=30184]

Threads with active compile tasks:
C2 CompilerThread0  67350 8719       4       org.codehaus.groovy.reflection.CachedMethod::compareToCachedMethod (158 bytes)

VM state: not at safepoint (normal execution)

VM Mutex/Monitor currently owned by a thread: None

Heap address: 0x0000000080000000, size: 2048 MB, Compressed Oops mode: 32-bit

CDS archive(s) mapped at: [0x0000024831000000-0x0000024831bb0000-0x0000024831bb0000), size 12255232, SharedBaseAddress: 0x0000024831000000, ArchiveRelocationMode: 1.
Compressed class space mapped at: 0x0000024832000000-0x000002484c000000, reserved size: 436207616
Narrow klass base: 0x0000024831000000, Narrow klass shift: 0, Narrow klass range: 0x100000000

GC Precious Log:
 CPUs: 12 total, 12 available
 Memory: 5989M
 Large Page Support: Disabled
 NUMA Support: Disabled
 Compressed Oops: Enabled (32-bit)
 Heap Region Size: 1M
 Heap Min Capacity: 8M
 Heap Initial Capacity: 94M
 Heap Max Capacity: 2G
 Pre-touch: Disabled
 Parallel Workers: 10
 Concurrent Workers: 3
 Concurrent Refinement Workers: 10
 Periodic GC: Disabled

Heap:
 garbage-first heap   total 106496K, used 72473K [0x0000000080000000, 0x0000000100000000)
  region size 1024K, 10 young (10240K), 4 survivors (4096K)
 Metaspace       used 72876K, committed 73664K, reserved 491520K
  class space    used 10396K, committed 10752K, reserved 425984K

Heap Regions: E=young(eden), S=young(survivor), O=old, HS=humongous(starts), HC=humongous(continues), CS=collection set, F=free, OA=open archive, CA=closed archive, TAMS=top-at-mark-start (previous, next)
|   0|0x0000000080000000, 0x0000000080100000, 0x0000000080100000|100%|HS|  |TAMS 0x0000000080100000, 0x0000000080000000| Complete 
|   1|0x0000000080100000, 0x0000000080200000, 0x0000000080200000|100%|HC|  |TAMS 0x0000000080200000, 0x0000000080100000| Complete 
|   2|0x0000000080200000, 0x0000000080300000, 0x0000000080300000|100%|HC|  |TAMS 0x0000000080300000, 0x0000000080200000| Complete 
|   3|0x0000000080300000, 0x0000000080400000, 0x0000000080400000|100%|HC|  |TAMS 0x0000000080400000, 0x0000000080300000| Complete 
|   4|0x0000000080400000, 0x0000000080500000, 0x0000000080500000|100%| O|  |TAMS 0x0000000080500000, 0x0000000080400000| Untracked 
|   5|0x0000000080500000, 0x0000000080600000, 0x0000000080600000|100%| O|  |TAMS 0x0000000080600000, 0x0000000080500000| Untracked 
|   6|0x0000000080600000, 0x0000000080700000, 0x0000000080700000|100%| O|  |TAMS 0x0000000080700000, 0x0000000080600000| Untracked 
|   7|0x0000000080700000, 0x0000000080800000, 0x0000000080800000|100%|HS|  |TAMS 0x0000000080800000, 0x0000000080700000| Complete 
|   8|0x0000000080800000, 0x0000000080900000, 0x0000000080900000|100%| O|  |TAMS 0x0000000080900000, 0x0000000080800000| Untracked 
|   9|0x0000000080900000, 0x0000000080a00000, 0x0000000080a00000|100%| O|  |TAMS 0x0000000080a00000, 0x0000000080900000| Untracked 
|  10|0x0000000080a00000, 0x0000000080b00000, 0x0000000080b00000|100%| O|  |TAMS 0x0000000080b00000, 0x0000000080a00000| Untracked 
|  11|0x0000000080b00000, 0x0000000080c00000, 0x0000000080c00000|100%| O|  |TAMS 0x0000000080c00000, 0x0000000080b00000| Untracked 
|  12|0x0000000080c00000, 0x0000000080d00000, 0x0000000080d00000|100%| O|  |TAMS 0x0000000080d00000, 0x0000000080c00000| Untracked 
|  13|0x0000000080d00000, 0x0000000080e00000, 0x0000000080e00000|100%| O|  |TAMS 0x0000000080e00000, 0x0000000080d00000| Untracked 
|  14|0x0000000080e00000, 0x0000000080f00000, 0x0000000080f00000|100%| O|  |TAMS 0x0000000080f00000, 0x0000000080e00000| Untracked 
|  15|0x0000000080f00000, 0x0000000081000000, 0x0000000081000000|100%| O|  |TAMS 0x0000000081000000, 0x0000000080f00000| Untracked 
|  16|0x0000000081000000, 0x0000000081100000, 0x0000000081100000|100%| O|  |TAMS 0x0000000081100000, 0x0000000081000000| Untracked 
|  17|0x0000000081100000, 0x0000000081200000, 0x0000000081200000|100%| O|  |TAMS 0x0000000081200000, 0x0000000081100000| Untracked 
|  18|0x0000000081200000, 0x0000000081300000, 0x0000000081300000|100%| O|  |TAMS 0x0000000081300000, 0x0000000081200000| Untracked 
|  19|0x0000000081300000, 0x0000000081400000, 0x0000000081400000|100%| O|  |TAMS 0x0000000081400000, 0x0000000081300000| Untracked 
|  20|0x0000000081400000, 0x0000000081500000, 0x0000000081500000|100%| O|  |TAMS 0x0000000081500000, 0x0000000081400000| Untracked 
|  21|0x0000000081500000, 0x0000000081600000, 0x0000000081600000|100%| O|  |TAMS 0x0000000081600000, 0x0000000081500000| Untracked 
|  22|0x0000000081600000, 0x0000000081700000, 0x0000000081700000|100%| O|  |TAMS 0x0000000081700000, 0x0000000081600000| Untracked 
|  23|0x0000000081700000, 0x0000000081800000, 0x0000000081800000|100%| O|  |TAMS 0x0000000081800000, 0x0000000081700000| Untracked 
|  24|0x0000000081800000, 0x0000000081900000, 0x0000000081900000|100%| O|  |TAMS 0x0000000081900000, 0x0000000081800000| Untracked 
|  25|0x0000000081900000, 0x0000000081a00000, 0x0000000081a00000|100%| O|  |TAMS 0x0000000081a00000, 0x0000000081900000| Untracked 
|  26|0x0000000081a00000, 0x0000000081b00000, 0x0000000081b00000|100%| O|  |TAMS 0x0000000081b00000, 0x0000000081a00000| Untracked 
|  27|0x0000000081b00000, 0x0000000081c00000, 0x0000000081c00000|100%| O|  |TAMS 0x0000000081c00000, 0x0000000081b00000| Untracked 
|  28|0x0000000081c00000, 0x0000000081d00000, 0x0000000081d00000|100%| O|  |TAMS 0x0000000081d00000, 0x0000000081c00000| Untracked 
|  29|0x0000000081d00000, 0x0000000081e00000, 0x0000000081e00000|100%| O|  |TAMS 0x0000000081e00000, 0x0000000081d00000| Untracked 
|  30|0x0000000081e00000, 0x0000000081f00000, 0x0000000081f00000|100%| O|  |TAMS 0x0000000081f00000, 0x0000000081e00000| Untracked 
|  31|0x0000000081f00000, 0x0000000082000000, 0x0000000082000000|100%| O|  |TAMS 0x0000000082000000, 0x0000000081f00000| Untracked 
|  32|0x0000000082000000, 0x0000000082100000, 0x0000000082100000|100%| O|  |TAMS 0x0000000082100000, 0x0000000082000000| Untracked 
|  33|0x0000000082100000, 0x0000000082200000, 0x0000000082200000|100%| O|  |TAMS 0x0000000082200000, 0x0000000082100000| Untracked 
|  34|0x0000000082200000, 0x0000000082300000, 0x0000000082300000|100%| O|  |TAMS 0x0000000082300000, 0x0000000082200000| Untracked 
|  35|0x0000000082300000, 0x0000000082400000, 0x0000000082400000|100%| O|  |TAMS 0x0000000082400000, 0x0000000082300000| Untracked 
|  36|0x0000000082400000, 0x0000000082500000, 0x0000000082500000|100%| O|  |TAMS 0x0000000082500000, 0x0000000082400000| Untracked 
|  37|0x0000000082500000, 0x0000000082600000, 0x0000000082600000|100%| O|  |TAMS 0x0000000082600000, 0x0000000082500000| Untracked 
|  38|0x0000000082600000, 0x0000000082700000, 0x0000000082700000|100%| O|  |TAMS 0x0000000082700000, 0x0000000082600000| Untracked 
|  39|0x0000000082700000, 0x0000000082800000, 0x0000000082800000|100%| O|  |TAMS 0x0000000082800000, 0x0000000082700000| Untracked 
|  40|0x0000000082800000, 0x0000000082900000, 0x0000000082900000|100%| O|  |TAMS 0x0000000082900000, 0x0000000082800000| Untracked 
|  41|0x0000000082900000, 0x0000000082a00000, 0x0000000082a00000|100%| O|  |TAMS 0x0000000082900000, 0x0000000082900000| Untracked 
|  42|0x0000000082a00000, 0x0000000082b00000, 0x0000000082b00000|100%| O|  |TAMS 0x0000000082b00000, 0x0000000082a00000| Untracked 
|  43|0x0000000082b00000, 0x0000000082c00000, 0x0000000082c00000|100%|HS|  |TAMS 0x0000000082c00000, 0x0000000082b00000| Complete 
|  44|0x0000000082c00000, 0x0000000082d00000, 0x0000000082d00000|100%|HC|  |TAMS 0x0000000082d00000, 0x0000000082c00000| Complete 
|  45|0x0000000082d00000, 0x0000000082e00000, 0x0000000082e00000|100%|HC|  |TAMS 0x0000000082e00000, 0x0000000082d00000| Complete 
|  46|0x0000000082e00000, 0x0000000082f00000, 0x0000000082f00000|100%|HS|  |TAMS 0x0000000082f00000, 0x0000000082e00000| Complete 
|  47|0x0000000082f00000, 0x0000000083000000, 0x0000000083000000|100%|HC|  |TAMS 0x0000000083000000, 0x0000000082f00000| Complete 
|  48|0x0000000083000000, 0x0000000083100000, 0x0000000083100000|100%|HC|  |TAMS 0x0000000083100000, 0x0000000083000000| Complete 
|  49|0x0000000083100000, 0x0000000083200000, 0x0000000083200000|100%| O|  |TAMS 0x0000000083200000, 0x0000000083100000| Untracked 
|  50|0x0000000083200000, 0x0000000083300000, 0x0000000083300000|100%| O|  |TAMS 0x0000000083300000, 0x0000000083200000| Untracked 
|  51|0x0000000083300000, 0x0000000083400000, 0x0000000083400000|100%| O|  |TAMS 0x0000000083400000, 0x0000000083300000| Untracked 
|  52|0x0000000083400000, 0x0000000083500000, 0x0000000083500000|100%| O|  |TAMS 0x0000000083500000, 0x0000000083400000| Untracked 
|  53|0x0000000083500000, 0x0000000083600000, 0x0000000083600000|100%| O|  |TAMS 0x0000000083600000, 0x0000000083500000| Untracked 
|  54|0x0000000083600000, 0x0000000083700000, 0x0000000083700000|100%| O|  |TAMS 0x0000000083700000, 0x0000000083600000| Untracked 
|  55|0x0000000083700000, 0x0000000083800000, 0x0000000083800000|100%| O|  |TAMS 0x0000000083800000, 0x0000000083700000| Untracked 
|  56|0x0000000083800000, 0x0000000083800000, 0x0000000083900000|  0%| F|  |TAMS 0x0000000083800000, 0x0000000083800000| Untracked 
|  57|0x0000000083900000, 0x0000000083a00000, 0x0000000083a00000|100%| O|  |TAMS 0x0000000083a00000, 0x0000000083900000| Untracked 
|  58|0x0000000083a00000, 0x0000000083b00000, 0x0000000083b00000|100%| O|  |TAMS 0x0000000083b00000, 0x0000000083a00000| Untracked 
|  59|0x0000000083b00000, 0x0000000083c00000, 0x0000000083c00000|100%| O|  |TAMS 0x0000000083c00000, 0x0000000083b00000| Untracked 
|  60|0x0000000083c00000, 0x0000000083d00000, 0x0000000083d00000|100%| O|  |TAMS 0x0000000083ca5600, 0x0000000083c00000| Untracked 
|  61|0x0000000083d00000, 0x0000000083e00000, 0x0000000083e00000|100%| O|  |TAMS 0x0000000083d00000, 0x0000000083d00000| Untracked 
|  62|0x0000000083e00000, 0x0000000083ec6400, 0x0000000083f00000| 77%| O|  |TAMS 0x0000000083e00000, 0x0000000083e00000| Untracked 
|  63|0x0000000083f00000, 0x0000000083f00000, 0x0000000084000000|  0%| F|  |TAMS 0x0000000083f00000, 0x0000000083f00000| Untracked 
|  64|0x0000000084000000, 0x0000000084000000, 0x0000000084100000|  0%| F|  |TAMS 0x0000000084000000, 0x0000000084000000| Untracked 
|  65|0x0000000084100000, 0x0000000084100000, 0x0000000084200000|  0%| F|  |TAMS 0x0000000084100000, 0x0000000084100000| Untracked 
|  66|0x0000000084200000, 0x0000000084200000, 0x0000000084300000|  0%| F|  |TAMS 0x0000000084200000, 0x0000000084200000| Untracked 
|  67|0x0000000084300000, 0x0000000084300000, 0x0000000084400000|  0%| F|  |TAMS 0x0000000084300000, 0x0000000084300000| Untracked 
|  68|0x0000000084400000, 0x0000000084400000, 0x0000000084500000|  0%| F|  |TAMS 0x0000000084400000, 0x0000000084400000| Untracked 
|  69|0x0000000084500000, 0x0000000084500000, 0x0000000084600000|  0%| F|  |TAMS 0x0000000084500000, 0x0000000084500000| Untracked 
|  70|0x0000000084600000, 0x0000000084600000, 0x0000000084700000|  0%| F|  |TAMS 0x0000000084600000, 0x0000000084600000| Untracked 
|  71|0x0000000084700000, 0x0000000084700000, 0x0000000084800000|  0%| F|  |TAMS 0x0000000084700000, 0x0000000084700000| Untracked 
|  72|0x0000000084800000, 0x0000000084800000, 0x0000000084900000|  0%| F|  |TAMS 0x0000000084800000, 0x0000000084800000| Untracked 
|  73|0x0000000084900000, 0x0000000084900000, 0x0000000084a00000|  0%| F|  |TAMS 0x0000000084900000, 0x0000000084900000| Untracked 
|  74|0x0000000084a00000, 0x0000000084b00000, 0x0000000084b00000|100%| S|CS|TAMS 0x0000000084a00000, 0x0000000084a00000| Complete 
|  75|0x0000000084b00000, 0x0000000084c00000, 0x0000000084c00000|100%| S|CS|TAMS 0x0000000084b00000, 0x0000000084b00000| Complete 
|  76|0x0000000084c00000, 0x0000000084c00000, 0x0000000084d00000|  0%| F|  |TAMS 0x0000000084c00000, 0x0000000084c00000| Untracked 
|  77|0x0000000084d00000, 0x0000000084d00000, 0x0000000084e00000|  0%| F|  |TAMS 0x0000000084d00000, 0x0000000084d00000| Untracked 
|  78|0x0000000084e00000, 0x0000000084f00000, 0x0000000084f00000|100%| S|CS|TAMS 0x0000000084e00000, 0x0000000084e00000| Complete 
|  79|0x0000000084f00000, 0x0000000085000000, 0x0000000085000000|100%| S|CS|TAMS 0x0000000084f00000, 0x0000000084f00000| Complete 
|  80|0x0000000085000000, 0x0000000085000000, 0x0000000085100000|  0%| F|  |TAMS 0x0000000085000000, 0x0000000085000000| Untracked 
|  81|0x0000000085100000, 0x0000000085100000, 0x0000000085200000|  0%| F|  |TAMS 0x0000000085100000, 0x0000000085100000| Untracked 
|  82|0x0000000085200000, 0x0000000085200000, 0x0000000085300000|  0%| F|  |TAMS 0x0000000085200000, 0x0000000085200000| Untracked 
|  83|0x0000000085300000, 0x0000000085300000, 0x0000000085400000|  0%| F|  |TAMS 0x0000000085300000, 0x0000000085300000| Untracked 
|  84|0x0000000085400000, 0x0000000085400000, 0x0000000085500000|  0%| F|  |TAMS 0x0000000085400000, 0x0000000085400000| Untracked 
|  85|0x0000000085500000, 0x0000000085500000, 0x0000000085600000|  0%| F|  |TAMS 0x0000000085500000, 0x0000000085500000| Untracked 
|  86|0x0000000085600000, 0x0000000085600000, 0x0000000085700000|  0%| F|  |TAMS 0x0000000085600000, 0x0000000085600000| Untracked 
|  87|0x0000000085700000, 0x0000000085700000, 0x0000000085800000|  0%| F|  |TAMS 0x0000000085700000, 0x0000000085700000| Untracked 
|  88|0x0000000085800000, 0x0000000085800000, 0x0000000085900000|  0%| F|  |TAMS 0x0000000085800000, 0x0000000085800000| Untracked 
|  89|0x0000000085900000, 0x0000000085900000, 0x0000000085a00000|  0%| F|  |TAMS 0x0000000085900000, 0x0000000085900000| Untracked 
|  90|0x0000000085a00000, 0x0000000085a00000, 0x0000000085b00000|  0%| F|  |TAMS 0x0000000085a00000, 0x0000000085a00000| Untracked 
|  91|0x0000000085b00000, 0x0000000085b00000, 0x0000000085c00000|  0%| F|  |TAMS 0x0000000085b00000, 0x0000000085b00000| Untracked 
|  92|0x0000000085c00000, 0x0000000085c00000, 0x0000000085d00000|  0%| F|  |TAMS 0x0000000085c00000, 0x0000000085c00000| Untracked 
|  93|0x0000000085d00000, 0x0000000085d00000, 0x0000000085e00000|  0%| F|  |TAMS 0x0000000085d00000, 0x0000000085d00000| Untracked 
|  94|0x0000000085e00000, 0x0000000085e00000, 0x0000000085f00000|  0%| F|  |TAMS 0x0000000085e00000, 0x0000000085e00000| Untracked 
|  95|0x0000000085f00000, 0x0000000085f00000, 0x0000000086000000|  0%| F|  |TAMS 0x0000000085f00000, 0x0000000085f00000| Untracked 
|  96|0x0000000086000000, 0x0000000086000000, 0x0000000086100000|  0%| F|  |TAMS 0x0000000086000000, 0x0000000086000000| Untracked 
|  97|0x0000000086100000, 0x000000008615f868, 0x0000000086200000| 37%| E|  |TAMS 0x0000000086100000, 0x0000000086100000| Complete 
|  98|0x0000000086200000, 0x0000000086300000, 0x0000000086300000|100%| E|CS|TAMS 0x0000000086200000, 0x0000000086200000| Complete 
|  99|0x0000000086300000, 0x0000000086400000, 0x0000000086400000|100%| E|CS|TAMS 0x0000000086300000, 0x0000000086300000| Complete 
| 100|0x0000000086400000, 0x0000000086500000, 0x0000000086500000|100%| E|CS|TAMS 0x0000000086400000, 0x0000000086400000| Complete 
| 101|0x0000000086500000, 0x0000000086600000, 0x0000000086600000|100%| E|CS|TAMS 0x0000000086500000, 0x0000000086500000| Complete 
| 102|0x0000000086600000, 0x0000000086700000, 0x0000000086700000|100%| E|CS|TAMS 0x0000000086600000, 0x0000000086600000| Complete 
| 103|0x0000000086700000, 0x0000000086800000, 0x0000000086800000|100%| E|CS|TAMS 0x0000000086700000, 0x0000000086700000| Complete 

Card table byte_map: [0x0000024828cc0000,0x00000248290c0000] _byte_map_base: 0x00000248288c0000

Marking Bits (Prev, Next): (CMBitMap*) 0x0000024811833490, (CMBitMap*) 0x00000248118334d0
 Prev Bits: [0x00000248294c0000, 0x000002482b4c0000)
 Next Bits: [0x000002482b4c0000, 0x000002482d4c0000)

Polling page: 0x000002480f5e0000

Metaspace:

Usage:
  Non-class:     61.03 MB used.
      Class:     10.16 MB used.
       Both:     71.19 MB used.

Virtual space:
  Non-class space:       64.00 MB reserved,      61.44 MB ( 96%) committed,  1 nodes.
      Class space:      416.00 MB reserved,      10.50 MB (  3%) committed,  1 nodes.
             Both:      480.00 MB reserved,      71.94 MB ( 15%) committed. 

Chunk freelists:
   Non-Class:  2.12 MB
       Class:  5.53 MB
        Both:  7.66 MB

MaxMetaspaceSize: 512.00 MB
CompressedClassSpaceSize: 416.00 MB
Initial GC threshold: 21.00 MB
Current GC threshold: 111.25 MB
CDS: on
MetaspaceReclaimPolicy: balanced
 - commit_granule_bytes: 65536.
 - commit_granule_words: 8192.
 - virtual_space_node_default_size: 8388608.
 - enlarge_chunks_in_place: 1.
 - new_chunks_are_fully_committed: 0.
 - uncommit_free_chunks: 1.
 - use_allocation_guard: 0.
 - handle_deallocations: 1.


Internal statistics:

num_allocs_failed_limit: 6.
num_arena_births: 1110.
num_arena_deaths: 2.
num_vsnodes_births: 2.
num_vsnodes_deaths: 0.
num_space_committed: 1151.
num_space_uncommitted: 0.
num_chunks_returned_to_freelist: 11.
num_chunks_taken_from_freelist: 4247.
num_chunk_merges: 6.
num_chunk_splits: 2791.
num_chunks_enlarged: 1841.
num_inconsistent_stats: 0.

CodeHeap 'non-profiled nmethods': size=120000Kb used=4577Kb max_used=4577Kb free=115422Kb
 bounds [0x0000024820e30000, 0x00000248212b0000, 0x0000024828360000]
CodeHeap 'profiled nmethods': size=120000Kb used=14996Kb max_used=14996Kb free=105003Kb
 bounds [0x0000024819360000, 0x000002481a210000, 0x0000024820890000]
CodeHeap 'non-nmethods': size=5760Kb used=1708Kb max_used=1756Kb free=4051Kb
 bounds [0x0000024820890000, 0x0000024820b00000, 0x0000024820e30000]
 total_blobs=8726 nmethods=7926 adapters=712
 compilation: enabled
              stopped_count=0, restarted_count=0
 full_count=0

Compilation events (20 events):
Event: 65.991 Thread 0x00000248301247a0 8731       3       com.sun.beans.introspect.PropertyInfo::getInfo (61 bytes)
Event: 65.992 Thread 0x00000248301247a0 nmethod 8731 0x000002481a1ee010 code [0x000002481a1ee200, 0x000002481a1ee918]
Event: 65.992 Thread 0x00000248301247a0 8732       3       com.sun.beans.introspect.MethodInfo::resolve (12 bytes)
Event: 65.992 Thread 0x00000248301247a0 nmethod 8732 0x000002481a1eeb10 code [0x000002481a1eed20, 0x000002481a1ef258]
Event: 65.992 Thread 0x00000248301247a0 8733       3       com.sun.beans.introspect.PropertyInfo::add (30 bytes)
Event: 65.993 Thread 0x00000248301247a0 nmethod 8733 0x000002481a1ef490 code [0x000002481a1ef700, 0x000002481a1f01e8]
Event: 65.993 Thread 0x00000248301247a0 8736       3       java.beans.FeatureDescriptor::getReturnType (21 bytes)
Event: 65.995 Thread 0x00000248301247a0 nmethod 8736 0x000002481a1f0610 code [0x000002481a1f0940, 0x000002481a1f1ea8]
Event: 65.995 Thread 0x00000248301247a0 8738       3       org.codehaus.groovy.util.ReferenceManager$CallBackedManager::removeStallEntries0 (51 bytes)
Event: 65.996 Thread 0x00000248301247a0 nmethod 8738 0x000002481a1f2610 code [0x000002481a1f2820, 0x000002481a1f3118]
Event: 65.996 Thread 0x00000248301247a0 8737       3       java.beans.PropertyDescriptor::setReadMethod0 (49 bytes)
Event: 65.998 Thread 0x00000248301247a0 nmethod 8737 0x000002481a1f3390 code [0x000002481a1f3740, 0x000002481a1f53c8]
Event: 66.110 Thread 0x00000248301247a0 8739       3       org.codehaus.groovy.runtime.metaclass.MetaMethodIndex::getMethods (82 bytes)
Event: 66.110 Thread 0x00000248301247a0 nmethod 8739 0x000002481a1f5b10 code [0x000002481a1f5d20, 0x000002481a1f6308]
Event: 66.110 Thread 0x00000248301247a0 8740       3       groovy.lang.MetaClassImpl::getMethods (173 bytes)
Event: 66.112 Thread 0x00000248301247a0 nmethod 8740 0x000002481a1f6590 code [0x000002481a1f68a0, 0x000002481a1f7c58]
Event: 66.112 Thread 0x00000248301247a0 8741       3       org.codehaus.groovy.runtime.GroovyCategorySupport::getCategoryMethods (21 bytes)
Event: 66.113 Thread 0x00000248301247a0 nmethod 8741 0x000002481a1f8210 code [0x000002481a1f8400, 0x000002481a1f89e8]
Event: 66.113 Thread 0x00000248301247a0 8742       3       org.apache.groovy.util.BeanUtils::decapitalize (68 bytes)
Event: 66.115 Thread 0x00000248301247a0 nmethod 8742 0x000002481a1f8b90 code [0x000002481a1f8f00, 0x000002481a1fa368]

GC Heap History (20 events):
Event: 52.148 GC heap before
{Heap before GC invocations=24 (full 0):
 garbage-first heap   total 102400K, used 71376K [0x0000000080000000, 0x0000000100000000)
  region size 1024K, 15 young (15360K), 2 survivors (2048K)
 Metaspace       used 61940K, committed 62720K, reserved 491520K
  class space    used 8806K, committed 9152K, reserved 425984K
}
Event: 52.153 GC heap after
{Heap after GC invocations=25 (full 0):
 garbage-first heap   total 102400K, used 59890K [0x0000000080000000, 0x0000000100000000)
  region size 1024K, 1 young (1024K), 1 survivors (1024K)
 Metaspace       used 61940K, committed 62720K, reserved 491520K
  class space    used 8806K, committed 9152K, reserved 425984K
}
Event: 52.551 GC heap before
{Heap before GC invocations=25 (full 0):
 garbage-first heap   total 102400K, used 63986K [0x0000000080000000, 0x0000000100000000)
  region size 1024K, 5 young (5120K), 1 survivors (1024K)
 Metaspace       used 62193K, committed 62976K, reserved 491520K
  class space    used 8847K, committed 9216K, reserved 425984K
}
Event: 52.555 GC heap after
{Heap after GC invocations=26 (full 0):
 garbage-first heap   total 102400K, used 59732K [0x0000000080000000, 0x0000000100000000)
  region size 1024K, 1 young (1024K), 1 survivors (1024K)
 Metaspace       used 62193K, committed 62976K, reserved 491520K
  class space    used 8847K, committed 9216K, reserved 425984K
}
Event: 53.987 GC heap before
{Heap before GC invocations=26 (full 0):
 garbage-first heap   total 102400K, used 83284K [0x0000000080000000, 0x0000000100000000)
  region size 1024K, 25 young (25600K), 1 survivors (1024K)
 Metaspace       used 63796K, committed 64576K, reserved 491520K
  class space    used 9080K, committed 9408K, reserved 425984K
}
Event: 53.992 GC heap after
{Heap after GC invocations=27 (full 0):
 garbage-first heap   total 102400K, used 60961K [0x0000000080000000, 0x0000000100000000)
  region size 1024K, 2 young (2048K), 2 survivors (2048K)
 Metaspace       used 63796K, committed 64576K, reserved 491520K
  class space    used 9080K, committed 9408K, reserved 425984K
}
Event: 55.512 GC heap before
{Heap before GC invocations=28 (full 0):
 garbage-first heap   total 106496K, used 82465K [0x0000000080000000, 0x0000000100000000)
  region size 1024K, 24 young (24576K), 2 survivors (2048K)
 Metaspace       used 65154K, committed 65920K, reserved 491520K
  class space    used 9258K, committed 9600K, reserved 425984K
}
Event: 55.516 GC heap after
{Heap after GC invocations=29 (full 0):
 garbage-first heap   total 106496K, used 61649K [0x0000000080000000, 0x0000000100000000)
  region size 1024K, 3 young (3072K), 3 survivors (3072K)
 Metaspace       used 65154K, committed 65920K, reserved 491520K
  class space    used 9258K, committed 9600K, reserved 425984K
}
Event: 55.625 GC heap before
{Heap before GC invocations=29 (full 0):
 garbage-first heap   total 106496K, used 63697K [0x0000000080000000, 0x0000000100000000)
  region size 1024K, 5 young (5120K), 3 survivors (3072K)
 Metaspace       used 65434K, committed 66240K, reserved 491520K
  class space    used 9310K, committed 9664K, reserved 425984K
}
Event: 55.629 GC heap after
{Heap after GC invocations=30 (full 0):
 garbage-first heap   total 106496K, used 61396K [0x0000000080000000, 0x0000000100000000)
  region size 1024K, 1 young (1024K), 1 survivors (1024K)
 Metaspace       used 65434K, committed 66240K, reserved 491520K
  class space    used 9310K, committed 9664K, reserved 425984K
}
Event: 57.945 GC heap before
{Heap before GC invocations=30 (full 0):
 garbage-first heap   total 106496K, used 88020K [0x0000000080000000, 0x0000000100000000)
  region size 1024K, 27 young (27648K), 1 survivors (1024K)
 Metaspace       used 67572K, committed 68352K, reserved 491520K
  class space    used 9685K, committed 10048K, reserved 425984K
}
Event: 57.949 GC heap after
{Heap after GC invocations=31 (full 0):
 garbage-first heap   total 106496K, used 62091K [0x0000000080000000, 0x0000000100000000)
  region size 1024K, 1 young (1024K), 1 survivors (1024K)
 Metaspace       used 67572K, committed 68352K, reserved 491520K
  class space    used 9685K, committed 10048K, reserved 425984K
}
Event: 62.077 GC heap before
{Heap before GC invocations=32 (full 0):
 garbage-first heap   total 106496K, used 89739K [0x0000000080000000, 0x0000000100000000)
  region size 1024K, 27 young (27648K), 1 survivors (1024K)
 Metaspace       used 69556K, committed 70400K, reserved 491520K
  class space    used 9929K, committed 10304K, reserved 425984K
}
Event: 62.081 GC heap after
{Heap after GC invocations=33 (full 0):
 garbage-first heap   total 106496K, used 62957K [0x0000000080000000, 0x0000000100000000)
  region size 1024K, 2 young (2048K), 2 survivors (2048K)
 Metaspace       used 69556K, committed 70400K, reserved 491520K
  class space    used 9929K, committed 10304K, reserved 425984K
}
Event: 62.288 GC heap before
{Heap before GC invocations=33 (full 0):
 garbage-first heap   total 106496K, used 66029K [0x0000000080000000, 0x0000000100000000)
  region size 1024K, 5 young (5120K), 2 survivors (2048K)
 Metaspace       used 69830K, committed 70656K, reserved 491520K
  class space    used 9971K, committed 10368K, reserved 425984K
}
Event: 62.293 GC heap after
{Heap after GC invocations=34 (full 0):
 garbage-first heap   total 106496K, used 62847K [0x0000000080000000, 0x0000000100000000)
  region size 1024K, 1 young (1024K), 1 survivors (1024K)
 Metaspace       used 69830K, committed 70656K, reserved 491520K
  class space    used 9971K, committed 10368K, reserved 425984K
}
Event: 64.830 GC heap before
{Heap before GC invocations=34 (full 0):
 garbage-first heap   total 106496K, used 87423K [0x0000000080000000, 0x0000000100000000)
  region size 1024K, 26 young (26624K), 1 survivors (1024K)
 Metaspace       used 71296K, committed 72128K, reserved 491520K
  class space    used 10186K, committed 10560K, reserved 425984K
}
Event: 64.834 GC heap after
{Heap after GC invocations=35 (full 0):
 garbage-first heap   total 106496K, used 64021K [0x0000000080000000, 0x0000000100000000)
  region size 1024K, 2 young (2048K), 2 survivors (2048K)
 Metaspace       used 71296K, committed 72128K, reserved 491520K
  class space    used 10186K, committed 10560K, reserved 425984K
}
Event: 65.971 GC heap before
{Heap before GC invocations=35 (full 0):
 garbage-first heap   total 106496K, used 88597K [0x0000000080000000, 0x0000000100000000)
  region size 1024K, 26 young (26624K), 2 survivors (2048K)
 Metaspace       used 72317K, committed 73088K, reserved 491520K
  class space    used 10337K, committed 10688K, reserved 425984K
}
Event: 65.976 GC heap after
{Heap after GC invocations=36 (full 0):
 garbage-first heap   total 106496K, used 67353K [0x0000000080000000, 0x0000000100000000)
  region size 1024K, 4 young (4096K), 4 survivors (4096K)
 Metaspace       used 72317K, committed 73088K, reserved 491520K
  class space    used 10337K, committed 10688K, reserved 425984K
}

Dll operation events (15 events):
Event: 0.087 Loaded shared library C:\Program Files\Microsoft\jdk-17.0.19.10-hotspot\bin\java.dll
Event: 0.162 Loaded shared library C:\Program Files\Microsoft\jdk-17.0.19.10-hotspot\bin\jsvml.dll
Event: 0.413 Loaded shared library C:\Program Files\Microsoft\jdk-17.0.19.10-hotspot\bin\zip.dll
Event: 0.469 Loaded shared library C:\Program Files\Microsoft\jdk-17.0.19.10-hotspot\bin\instrument.dll
Event: 0.556 Loaded shared library C:\Program Files\Microsoft\jdk-17.0.19.10-hotspot\bin\net.dll
Event: 0.588 Loaded shared library C:\Program Files\Microsoft\jdk-17.0.19.10-hotspot\bin\nio.dll
Event: 0.606 Loaded shared library C:\Program Files\Microsoft\jdk-17.0.19.10-hotspot\bin\zip.dll
Event: 1.940 Loaded shared library C:\Program Files\Microsoft\jdk-17.0.19.10-hotspot\bin\jimage.dll
Event: 4.383 Loaded shared library C:\Program Files\Microsoft\jdk-17.0.19.10-hotspot\bin\verify.dll
Event: 4.474 Loaded shared library C:\Users\prath\.gradle\native\660c5614fbf4a5f2a75b1949f50a0caf5cd603558e7d8a26e50b933a0cfb79d1\windows-amd64\native-platform.dll
Event: 4.511 Loaded shared library C:\Users\prath\.gradle\native\0.2.8\x86_64-windows-gnu\gradle-fileevents.dll
Event: 8.829 Loaded shared library C:\Program Files\Microsoft\jdk-17.0.19.10-hotspot\bin\management.dll
Event: 8.840 Loaded shared library C:\Program Files\Microsoft\jdk-17.0.19.10-hotspot\bin\management_ext.dll
Event: 9.679 Loaded shared library C:\Program Files\Microsoft\jdk-17.0.19.10-hotspot\bin\extnet.dll
Event: 10.845 Loaded shared library C:\Program Files\Microsoft\jdk-17.0.19.10-hotspot\bin\sunmscapi.dll

Deoptimization events (20 events):
Event: 64.737 Thread 0x0000024850c8d430 Uncommon trap: trap_request=0xffffffde fr.pc=0x000002482123cb2c relative=0x000000000000520c
Event: 64.737 Thread 0x0000024850c8d430 Uncommon trap: reason=class_check action=maybe_recompile pc=0x000002482123cb2c method=java.lang.reflect.Field.getAnnotation(Ljava/lang/Class;)Ljava/lang/annotation/Annotation; @ 11 c2
Event: 64.737 Thread 0x0000024850c8d430 DEOPT PACKING pc=0x000002482123cb2c sp=0x00000070dfcf2bc0
Event: 64.737 Thread 0x0000024850c8d430 DEOPT UNPACKING pc=0x00000248208e69a3 sp=0x00000070dfcf2b20 mode 2
Event: 64.742 Thread 0x0000024850c8d430 Uncommon trap: trap_request=0xffffff45 fr.pc=0x0000024821140070 relative=0x0000000000002350
Event: 64.742 Thread 0x0000024850c8d430 Uncommon trap: reason=unstable_if action=reinterpret pc=0x0000024821140070 method=org.objectweb.asm.Frame.execute(IILorg/objectweb/asm/Symbol;Lorg/objectweb/asm/SymbolTable;)V @ 1 c2
Event: 64.742 Thread 0x0000024850c8d430 DEOPT PACKING pc=0x0000024821140070 sp=0x00000070dfcf2a50
Event: 64.745 Thread 0x0000024850c8d430 DEOPT UNPACKING pc=0x00000248208e69a3 sp=0x00000070dfcf29f8 mode 2
Event: 64.802 Thread 0x0000024850c8d430 DEOPT PACKING pc=0x0000024819ec5229 sp=0x00000070dfcede60
Event: 64.802 Thread 0x0000024850c8d430 DEOPT UNPACKING pc=0x00000248208e7143 sp=0x00000070dfced370 mode 0
Event: 64.885 Thread 0x0000024850c8d430 DEOPT PACKING pc=0x0000024819ec524a sp=0x00000070dfcee970
Event: 64.885 Thread 0x0000024850c8d430 DEOPT UNPACKING pc=0x00000248208e7143 sp=0x00000070dfcede80 mode 0
Event: 65.064 Thread 0x0000024850c8d430 Uncommon trap: trap_request=0xffffff45 fr.pc=0x000002482127d8e8 relative=0x0000000000000928
Event: 65.064 Thread 0x0000024850c8d430 Uncommon trap: reason=unstable_if action=reinterpret pc=0x000002482127d8e8 method=sun.reflect.annotation.AnnotationInvocationHandler.invoke(Ljava/lang/Object;Ljava/lang/reflect/Method;[Ljava/lang/Object;)Ljava/lang/Object; @ 15 c2
Event: 65.064 Thread 0x0000024850c8d430 DEOPT PACKING pc=0x000002482127d8e8 sp=0x00000070dfcf2b00
Event: 65.064 Thread 0x0000024850c8d430 DEOPT UNPACKING pc=0x00000248208e69a3 sp=0x00000070dfcf2ad0 mode 2
Event: 65.104 Thread 0x0000024850c8d430 DEOPT PACKING pc=0x0000024819ec5229 sp=0x00000070dfcf2890
Event: 65.104 Thread 0x0000024850c8d430 DEOPT UNPACKING pc=0x00000248208e7143 sp=0x00000070dfcf1da0 mode 0
Event: 65.158 Thread 0x0000024850c8d430 DEOPT PACKING pc=0x0000024819ec5229 sp=0x00000070dfcf2a00
Event: 65.158 Thread 0x0000024850c8d430 DEOPT UNPACKING pc=0x00000248208e7143 sp=0x00000070dfcf1f10 mode 0

Classes loaded (20 events):
Event: 65.863 Loading class sun/reflect/annotation/TypeAnnotation$LocationInfo$Location
Event: 65.863 Loading class sun/reflect/annotation/TypeAnnotation$LocationInfo$Location done
Event: 65.863 Loading class sun/reflect/annotation/TypeAnnotation$TypeAnnotationTargetInfo
Event: 65.863 Loading class sun/reflect/annotation/TypeAnnotation$TypeAnnotationTargetInfo done
Event: 66.099 Loading class org/xml/sax/Locator
Event: 66.100 Loading class org/xml/sax/Locator done
Event: 66.101 Loading class org/xml/sax/SAXParseException
Event: 66.102 Loading class org/xml/sax/SAXParseException done
Event: 66.103 Loading class org/xml/sax/Attributes
Event: 66.104 Loading class org/xml/sax/Attributes done
Event: 66.140 Loading class java/util/Stack
Event: 66.141 Loading class java/util/Stack done
Event: 66.144 Loading class java/lang/StringIndexOutOfBoundsException
Event: 66.145 Loading class java/lang/StringIndexOutOfBoundsException done
Event: 66.169 Loading class org/xml/sax/ContentHandler
Event: 66.170 Loading class org/xml/sax/ContentHandler done
Event: 66.170 Loading class org/xml/sax/EntityResolver
Event: 66.171 Loading class org/xml/sax/EntityResolver done
Event: 66.171 Loading class org/xml/sax/DTDHandler
Event: 66.171 Loading class org/xml/sax/DTDHandler done

Classes unloaded (3 events):
Event: 47.110 Thread 0x00000248300e9f10 Unloading class 0x00000248325c8000 '_BuildScript_$_run_closure2'
Event: 47.110 Thread 0x00000248300e9f10 Unloading class 0x00000248325c4c00 '_BuildScript_$_run_closure1'
Event: 47.110 Thread 0x00000248300e9f10 Unloading class 0x00000248325c4000 '_BuildScript_'

Classes redefined (0 events):
No events

Internal exceptions (20 events):
Event: 57.375 Thread 0x0000024850c8d430 Exception <a 'java/lang/IncompatibleClassChangeError'{0x00000000855e9b00}: Found class java.lang.Object, but interface was expected> (0x00000000855e9b00) 
thrown [s\src\hotspot\share\interpreter\linkResolver.cpp, line 826]
Event: 57.381 Thread 0x0000024850c8d430 Exception <a 'java/lang/IncompatibleClassChangeError'{0x00000000855f2ac8}: Found class java.lang.Object, but interface was expected> (0x00000000855f2ac8) 
thrown [s\src\hotspot\share\interpreter\linkResolver.cpp, line 826]
Event: 57.383 Thread 0x0000024850c8d430 Exception <a 'java/lang/IncompatibleClassChangeError'{0x00000000855f7908}: Found class java.lang.Object, but interface was expected> (0x00000000855f7908) 
thrown [s\src\hotspot\share\interpreter\linkResolver.cpp, line 826]
Event: 62.737 Thread 0x0000024850c8d430 Exception <a 'java/lang/ClassNotFoundException'{0x000000008650b1d8}: org/jetbrains/kotlin/gradle/targets/js/npm/DefaultNpmDependencyExtensionBeanInfo> (0x000000008650b1d8) 
thrown [s\src\hotspot\share\classfile\systemDictionary.cpp, line 256]
Event: 62.747 Thread 0x0000024850c8d430 Exception <a 'java/lang/ClassNotFoundException'{0x000000008651fe38}: org/jetbrains/kotlin/gradle/targets/js/npm/DefaultNpmDependencyExtensionCustomizer> (0x000000008651fe38) 
thrown [s\src\hotspot\share\classfile\systemDictionary.cpp, line 256]
Event: 62.788 Thread 0x0000024850c8d430 Exception <a 'java/lang/ClassNotFoundException'{0x00000000865b8e90}: org/jetbrains/kotlin/gradle/targets/js/npm/NpmDependencyExtensionKt$defaultNpmDependencyDelegate$1BeanInfo> (0x00000000865b8e90) 
thrown [s\src\hotspot\share\classfile\systemDictionary.cpp, line 256]
Event: 62.791 Thread 0x0000024850c8d430 Exception <a 'java/lang/ClassNotFoundException'{0x00000000865cdb30}: org/jetbrains/kotlin/gradle/targets/js/npm/NpmDependencyExtensionDelegateBeanInfo> (0x00000000865cdb30) 
thrown [s\src\hotspot\share\classfile\systemDictionary.cpp, line 256]
Event: 62.792 Thread 0x0000024850c8d430 Exception <a 'java/lang/ClassNotFoundException'{0x00000000865e27d0}: org/jetbrains/kotlin/gradle/targets/js/npm/NpmDependencyExtensionDelegateCustomizer> (0x00000000865e27d0) 
thrown [s\src\hotspot\share\classfile\systemDictionary.cpp, line 256]
Event: 62.796 Thread 0x0000024850c8d430 Exception <a 'java/lang/ClassNotFoundException'{0x0000000086320798}: org/jetbrains/kotlin/gradle/targets/js/npm/NpmDependencyExtensionKt$defaultNpmDependencyDelegate$1Customizer> (0x0000000086320798) 
thrown [s\src\hotspot\share\classfile\systemDictionary.cpp, line 256]
Event: 62.804 Thread 0x0000024850c8d430 Exception <a 'java/lang/ClassNotFoundException'{0x0000000086366af0}: org/jetbrains/kotlin/gradle/targets/js/npm/DefaultDevNpmDependencyExtensionBeanInfo> (0x0000000086366af0) 
thrown [s\src\hotspot\share\classfile\systemDictionary.cpp, line 256]
Event: 62.805 Thread 0x0000024850c8d430 Exception <a 'java/lang/ClassNotFoundException'{0x000000008637ba20}: org/jetbrains/kotlin/gradle/targets/js/npm/DefaultDevNpmDependencyExtensionCustomizer> (0x000000008637ba20) 
thrown [s\src\hotspot\share\classfile\systemDictionary.cpp, line 256]
Event: 62.850 Thread 0x0000024850c8d430 Exception <a 'java/lang/ClassNotFoundException'{0x00000000863cb6e8}: org/jetbrains/kotlin/gradle/targets/js/npm/DefaultPeerNpmDependencyExtensionBeanInfo> (0x00000000863cb6e8) 
thrown [s\src\hotspot\share\classfile\systemDictionary.cpp, line 256]
Event: 62.852 Thread 0x0000024850c8d430 Exception <a 'java/lang/ClassNotFoundException'{0x00000000863e03d0}: org/jetbrains/kotlin/gradle/targets/js/npm/DefaultPeerNpmDependencyExtensionCustomizer> (0x00000000863e03d0) 
thrown [s\src\hotspot\share\classfile\systemDictionary.cpp, line 256]
Event: 62.869 Thread 0x0000024850c8d430 Exception <a 'java/lang/ClassNotFoundException'{0x0000000086233f48}: org/jetbrains/kotlin/gradle/targets/js/npm/DefaultPeerNpmDependencyExtension$delegate$1BeanInfo> (0x0000000086233f48) 
thrown [s\src\hotspot\share\classfile\systemDictionary.cpp, line 256]
Event: 62.877 Thread 0x0000024850c8d430 Exception <a 'java/lang/ClassNotFoundException'{0x0000000086248e38}: org/jetbrains/kotlin/gradle/targets/js/npm/DefaultPeerNpmDependencyExtension$delegate$1Customizer> (0x0000000086248e38) 
thrown [s\src\hotspot\share\classfile\systemDictionary.cpp, line 256]
Event: 65.967 Thread 0x0000024850c8d430 Exception <a 'java/lang/ClassNotFoundException'{0x00000000850c89a0}: org/gradle/api/internal/project/DefaultProject_DecoratedBeanInfo> (0x00000000850c89a0) 
thrown [s\src\hotspot\share\classfile\systemDictionary.cpp, line 256]
Event: 65.970 Thread 0x0000024850c8d430 Exception <a 'java/lang/ClassNotFoundException'{0x00000000850e7cc0}: org/gradle/api/internal/project/DefaultProjectBeanInfo> (0x00000000850e7cc0) 
thrown [s\src\hotspot\share\classfile\systemDictionary.cpp, line 256]
Event: 65.979 Thread 0x0000024850c8d430 Exception <a 'java/lang/ClassNotFoundException'{0x0000000086711888}: org/gradle/api/internal/project/DefaultProjectCustomizer> (0x0000000086711888) 
thrown [s\src\hotspot\share\classfile\systemDictionary.cpp, line 256]
Event: 65.989 Thread 0x0000024850c8d430 Exception <a 'java/lang/ClassNotFoundException'{0x00000000867d8848}: org/gradle/api/internal/project/DefaultProject_DecoratedCustomizer> (0x00000000867d8848) 
thrown [s\src\hotspot\share\classfile\systemDictionary.cpp, line 256]
Event: 66.172 Thread 0x0000024850c8d430 Exception <a 'java/lang/IncompatibleClassChangeError'{0x0000000086549e28}: Found class java.lang.Object, but interface was expected> (0x0000000086549e28) 
thrown [s\src\hotspot\share\interpreter\linkResolver.cpp, line 826]

VM Operations (20 events):
Event: 60.106 Executing VM operation: Cleanup
Event: 60.106 Executing VM operation: Cleanup done
Event: 61.118 Executing VM operation: Cleanup
Event: 61.118 Executing VM operation: Cleanup done
Event: 62.077 Executing VM operation: G1CollectForAllocation
Event: 62.081 Executing VM operation: G1CollectForAllocation done
Event: 62.287 Executing VM operation: G1CollectForAllocation
Event: 62.293 Executing VM operation: G1CollectForAllocation done
Event: 63.293 Executing VM operation: Cleanup
Event: 63.293 Executing VM operation: Cleanup done
Event: 64.308 Executing VM operation: Cleanup
Event: 64.308 Executing VM operation: Cleanup done
Event: 64.830 Executing VM operation: G1CollectForAllocation
Event: 64.834 Executing VM operation: G1CollectForAllocation done
Event: 65.602 Executing VM operation: HandshakeAllThreads
Event: 65.603 Executing VM operation: HandshakeAllThreads done
Event: 65.971 Executing VM operation: G1CollectForAllocation
Event: 65.976 Executing VM operation: G1CollectForAllocation done
Event: 66.977 Executing VM operation: Cleanup
Event: 66.977 Executing VM operation: Cleanup done

Memory protections (0 events):
No events

Nmethod flushes (20 events):
Event: 33.861 Thread 0x0000024830128000 flushing  nmethod 0x0000024819c17f90
Event: 33.861 Thread 0x0000024830128000 flushing  nmethod 0x0000024819c1b910
Event: 33.861 Thread 0x0000024830128000 flushing  nmethod 0x0000024819c26290
Event: 33.861 Thread 0x0000024830128000 flushing  nmethod 0x0000024819c26b10
Event: 33.861 Thread 0x0000024830128000 flushing  nmethod 0x0000024819c2b910
Event: 33.861 Thread 0x0000024830128000 flushing  nmethod 0x0000024819c2d710
Event: 33.861 Thread 0x0000024830128000 flushing  nmethod 0x0000024819c43f90
Event: 33.861 Thread 0x0000024830128000 flushing  nmethod 0x0000024819c48d90
Event: 33.861 Thread 0x0000024830128000 flushing  nmethod 0x0000024819c49110
Event: 33.861 Thread 0x0000024830128000 flushing  nmethod 0x0000024819c58810
Event: 33.862 Thread 0x0000024830128000 flushing  nmethod 0x0000024819c88010
Event: 33.862 Thread 0x0000024830128000 flushing  nmethod 0x0000024819c9c990
Event: 33.862 Thread 0x0000024830128000 flushing  nmethod 0x0000024819cb7090
Event: 33.862 Thread 0x0000024830128000 flushing  nmethod 0x0000024819cba110
Event: 33.862 Thread 0x0000024830128000 flushing  nmethod 0x0000024819cc0090
Event: 33.862 Thread 0x0000024830128000 flushing  nmethod 0x0000024819ce3210
Event: 33.862 Thread 0x0000024830128000 flushing  nmethod 0x0000024819cf1c10
Event: 33.863 Thread 0x0000024830128000 flushing  nmethod 0x0000024819d3e290
Event: 33.863 Thread 0x0000024830128000 flushing  nmethod 0x0000024819d67d90
Event: 65.609 Thread 0x0000024830128000 flushing  nmethod 0x0000024819595010

Events (20 events):
Event: 46.217 Thread 0x0000024850c8d430 Thread added: 0x0000024851e89c40
Event: 46.222 Thread 0x0000024850c8d430 Thread added: 0x0000024851e8b590
Event: 46.225 Thread 0x0000024850c8d430 Thread added: 0x0000024851e88d10
Event: 46.229 Thread 0x0000024850c8d430 Thread added: 0x0000024851e8a660
Event: 46.233 Thread 0x0000024850c8d430 Thread added: 0x0000024851e8baa0
Event: 46.241 Thread 0x0000024850c8d430 Thread added: 0x0000024851e8bfb0
Event: 46.746 Thread 0x0000024850c8d430 Thread added: 0x0000024851e88800
Event: 46.747 Thread 0x0000024850c8d430 Thread added: 0x0000024851e8e830
Event: 46.779 Thread 0x0000024850c8d430 Thread added: 0x0000024851e8d3f0
Event: 46.780 Thread 0x0000024850c8d430 Thread added: 0x0000024851e8c9d0
Event: 46.782 Thread 0x0000024850c8d430 Thread added: 0x0000024851e8d900
Event: 46.783 Thread 0x0000024850c8d430 Thread added: 0x0000024851e8de10
Event: 46.784 Thread 0x0000024850c8d430 Thread added: 0x0000024851e8e320
Event: 46.786 Thread 0x0000024850c8d430 Thread added: 0x0000024851e8ed40
Event: 46.787 Thread 0x0000024850c8d430 Thread added: 0x0000024851e8f250
Event: 46.788 Thread 0x0000024850c8d430 Thread added: 0x0000024851e8cee0
Event: 46.789 Thread 0x0000024850c8d430 Thread added: 0x0000024851e8f760
Event: 52.746 Thread 0x0000024850c8d430 Thread added: 0x0000024851e8fc70
Event: 55.960 Thread 0x0000024850c8d430 Thread added: 0x0000024851e3b4b0
Event: 62.109 Thread 0x0000024850c8d430 Thread added: 0x0000024851e3b9c0


Dynamic libraries:
0x00007ff726210000 - 0x00007ff72621e000 	C:\Program Files\Microsoft\jdk-17.0.19.10-hotspot\bin\java.exe
0x00007ffd678a0000 - 0x00007ffd67b06000 	C:\WINDOWS\SYSTEM32\ntdll.dll
0x00007ffd66b10000 - 0x00007ffd66bd9000 	C:\WINDOWS\System32\KERNEL32.DLL
0x00007ffd64d90000 - 0x00007ffd65190000 	C:\WINDOWS\System32\KERNELBASE.dll
0x00007ffd651a0000 - 0x00007ffd652ec000 	C:\WINDOWS\System32\ucrtbase.dll
0x00007ffd51f60000 - 0x00007ffd51f78000 	C:\Program Files\Microsoft\jdk-17.0.19.10-hotspot\bin\jli.dll
0x00007ffd546d0000 - 0x00007ffd546ee000 	C:\Program Files\Microsoft\jdk-17.0.19.10-hotspot\bin\VCRUNTIME140.dll
0x00007ffd675d0000 - 0x00007ffd67797000 	C:\WINDOWS\System32\USER32.dll
0x00007ffd50e80000 - 0x00007ffd51112000 	C:\WINDOWS\WinSxS\amd64_microsoft.windows.common-controls_6595b64144ccf1df_6.0.26100.8737_none_3e092eaee333b772\COMCTL32.dll
0x00007ffd64ac0000 - 0x00007ffd64ae7000 	C:\WINDOWS\System32\win32u.dll
0x00007ffd65a60000 - 0x00007ffd65b09000 	C:\WINDOWS\System32\msvcrt.dll
0x00007ffd66300000 - 0x00007ffd6632b000 	C:\WINDOWS\System32\GDI32.dll
0x00007ffd64bb0000 - 0x00007ffd64cd9000 	C:\WINDOWS\System32\gdi32full.dll
0x00007ffd64ce0000 - 0x00007ffd64d83000 	C:\WINDOWS\System32\msvcp_win.dll
0x00007ffd662b0000 - 0x00007ffd662e2000 	C:\WINDOWS\System32\IMM32.DLL
0x00007ffd52040000 - 0x00007ffd5204c000 	C:\Program Files\Microsoft\jdk-17.0.19.10-hotspot\bin\vcruntime140_1.dll
0x00007ffd3d0a0000 - 0x00007ffd3d129000 	C:\Program Files\Microsoft\jdk-17.0.19.10-hotspot\bin\msvcp140.dll
0x00007ffcd4d90000 - 0x00007ffcd5a0b000 	C:\Program Files\Microsoft\jdk-17.0.19.10-hotspot\bin\server\jvm.dll
0x00007ffd677a0000 - 0x00007ffd67857000 	C:\WINDOWS\System32\ADVAPI32.dll
0x00007ffd67140000 - 0x00007ffd671ea000 	C:\WINDOWS\System32\sechost.dll
0x00007ffd66be0000 - 0x00007ffd66cf8000 	C:\WINDOWS\System32\RPCRT4.dll
0x00007ffd672d0000 - 0x00007ffd67350000 	C:\WINDOWS\System32\WS2_32.dll
0x00007ffd64940000 - 0x00007ffd6499e000 	C:\WINDOWS\SYSTEM32\POWRPROF.dll
0x00007ffd5d7d0000 - 0x00007ffd5d7db000 	C:\WINDOWS\SYSTEM32\VERSION.dll
0x00007ffd5d790000 - 0x00007ffd5d7c6000 	C:\WINDOWS\SYSTEM32\WINMM.dll
0x00007ffd64900000 - 0x00007ffd64914000 	C:\WINDOWS\SYSTEM32\UMPDC.dll
0x00007ffd637a0000 - 0x00007ffd637bb000 	C:\WINDOWS\SYSTEM32\kernel.appcore.dll
0x00007ffd51e40000 - 0x00007ffd51e4a000 	C:\Program Files\Microsoft\jdk-17.0.19.10-hotspot\bin\jimage.dll
0x00007ffd622d0000 - 0x00007ffd62512000 	C:\WINDOWS\SYSTEM32\DBGHELP.DLL
0x00007ffd66db0000 - 0x00007ffd67133000 	C:\WINDOWS\System32\combase.dll
0x00007ffd66a30000 - 0x00007ffd66b09000 	C:\WINDOWS\System32\OLEAUT32.dll
0x00007ffd4fbb0000 - 0x00007ffd4fbeb000 	C:\WINDOWS\SYSTEM32\dbgcore.DLL
0x00007ffd64af0000 - 0x00007ffd64b9c000 	C:\WINDOWS\System32\bcryptPrimitives.dll
0x00007ffd3cc70000 - 0x00007ffd3cc7f000 	C:\Program Files\Microsoft\jdk-17.0.19.10-hotspot\bin\instrument.dll
0x00007ffd38ff0000 - 0x00007ffd39016000 	C:\Program Files\Microsoft\jdk-17.0.19.10-hotspot\bin\java.dll
0x00007ffd00ae0000 - 0x00007ffd00bb6000 	C:\Program Files\Microsoft\jdk-17.0.19.10-hotspot\bin\jsvml.dll
0x00007ffd65b10000 - 0x00007ffd662a2000 	C:\WINDOWS\System32\SHELL32.dll
0x00007ffd62550000 - 0x00007ffd62de2000 	C:\WINDOWS\SYSTEM32\windows.storage.dll
0x00007ffd67460000 - 0x00007ffd67557000 	C:\WINDOWS\System32\SHCORE.dll
0x00007ffd67560000 - 0x00007ffd675c7000 	C:\WINDOWS\System32\shlwapi.dll
0x00007ffd649e0000 - 0x00007ffd64a09000 	C:\WINDOWS\SYSTEM32\profapi.dll
0x00007ffd3c090000 - 0x00007ffd3c0a8000 	C:\Program Files\Microsoft\jdk-17.0.19.10-hotspot\bin\zip.dll
0x00007ffd43660000 - 0x00007ffd4367b000 	C:\Program Files\Microsoft\jdk-17.0.19.10-hotspot\bin\net.dll
0x00007ffd5a710000 - 0x00007ffd5a839000 	C:\WINDOWS\SYSTEM32\WINHTTP.dll
0x00007ffd63d50000 - 0x00007ffd63dbc000 	C:\WINDOWS\system32\mswsock.dll
0x00007ffd3d080000 - 0x00007ffd3d096000 	C:\Program Files\Microsoft\jdk-17.0.19.10-hotspot\bin\nio.dll
0x00007ffd3ffa0000 - 0x00007ffd3ffb0000 	C:\Program Files\Microsoft\jdk-17.0.19.10-hotspot\bin\verify.dll
0x00007ffd31a50000 - 0x00007ffd31a77000 	C:\Users\prath\.gradle\native\660c5614fbf4a5f2a75b1949f50a0caf5cd603558e7d8a26e50b933a0cfb79d1\windows-amd64\native-platform.dll
0x00007ffd00a60000 - 0x00007ffd00ad7000 	C:\Users\prath\.gradle\native\0.2.8\x86_64-windows-gnu\gradle-fileevents.dll
0x00007ffd4cc10000 - 0x00007ffd4cc1a000 	C:\Program Files\Microsoft\jdk-17.0.19.10-hotspot\bin\management.dll
0x00007ffd4bd90000 - 0x00007ffd4bd9c000 	C:\Program Files\Microsoft\jdk-17.0.19.10-hotspot\bin\management_ext.dll
0x00007ffd662f0000 - 0x00007ffd662f8000 	C:\WINDOWS\System32\PSAPI.DLL
0x00007ffd63120000 - 0x00007ffd63153000 	C:\WINDOWS\SYSTEM32\IPHLPAPI.DLL
0x00007ffd672c0000 - 0x00007ffd672ca000 	C:\WINDOWS\System32\NSI.dll
0x00007ffd5ae00000 - 0x00007ffd5ae1d000 	C:\WINDOWS\SYSTEM32\dhcpcsvc6.DLL
0x00007ffd5a680000 - 0x00007ffd5a6a5000 	C:\WINDOWS\SYSTEM32\dhcpcsvc.DLL
0x00007ffd631b0000 - 0x00007ffd63305000 	C:\WINDOWS\SYSTEM32\DNSAPI.dll
0x00007ffd63b30000 - 0x00007ffd63b3d000 	C:\WINDOWS\SYSTEM32\DSPARSE.dll
0x00007ffd40000000 - 0x00007ffd40009000 	C:\Program Files\Microsoft\jdk-17.0.19.10-hotspot\bin\extnet.dll
0x00007ffd64050000 - 0x00007ffd6406b000 	C:\WINDOWS\SYSTEM32\CRYPTSP.dll
0x00007ffd63700000 - 0x00007ffd63739000 	C:\WINDOWS\system32\rsaenh.dll
0x00007ffd63e10000 - 0x00007ffd63e42000 	C:\WINDOWS\SYSTEM32\USERENV.dll
0x00007ffd649b0000 - 0x00007ffd649da000 	C:\WINDOWS\SYSTEM32\bcrypt.dll
0x00007ffd64070000 - 0x00007ffd6407c000 	C:\WINDOWS\SYSTEM32\CRYPTBASE.dll
0x00007ffd3bbf0000 - 0x00007ffd3bbfe000 	C:\Program Files\Microsoft\jdk-17.0.19.10-hotspot\bin\sunmscapi.dll
0x00007ffd653c0000 - 0x00007ffd65538000 	C:\WINDOWS\System32\CRYPT32.dll
0x00007ffd64290000 - 0x00007ffd642c0000 	C:\WINDOWS\SYSTEM32\ncrypt.dll
0x00007ffd64240000 - 0x00007ffd6427f000 	C:\WINDOWS\SYSTEM32\NTASN1.dll
0x00007ffd274f0000 - 0x00007ffd274f8000 	C:\WINDOWS\system32\wshunix.dll

dbghelp: loaded successfully - version: 4.0.5 - missing functions: none
symbol engine: initialized successfully - sym options: 0x614 - pdb path: .;C:\Program Files\Microsoft\jdk-17.0.19.10-hotspot\bin;C:\WINDOWS\SYSTEM32;C:\WINDOWS\WinSxS\amd64_microsoft.windows.common-controls_6595b64144ccf1df_6.0.26100.8737_none_3e092eaee333b772;C:\Program Files\Microsoft\jdk-17.0.19.10-hotspot\bin\server;C:\Users\prath\.gradle\native\660c5614fbf4a5f2a75b1949f50a0caf5cd603558e7d8a26e50b933a0cfb79d1\windows-amd64;C:\Users\prath\.gradle\native\0.2.8\x86_64-windows-gnu

VM Arguments:
jvm_args: --add-opens=java.base/java.lang=ALL-UNNAMED --add-opens=java.base/java.lang.invoke=ALL-UNNAMED --add-opens=java.base/java.util=ALL-UNNAMED --add-opens=java.prefs/java.util.prefs=ALL-UNNAMED --add-exports=jdk.compiler/com.sun.tools.javac.api=ALL-UNNAMED --add-exports=jdk.compiler/com.sun.tools.javac.util=ALL-UNNAMED --add-opens=java.base/java.util=ALL-UNNAMED --add-opens=java.prefs/java.util.prefs=ALL-UNNAMED --add-opens=java.base/java.nio.charset=ALL-UNNAMED --add-opens=java.base/java.net=ALL-UNNAMED --add-opens=java.base/java.util.concurrent=ALL-UNNAMED --add-opens=java.base/java.util.concurrent.atomic=ALL-UNNAMED --add-opens=java.xml/javax.xml.namespace=ALL-UNNAMED --add-opens=java.base/java.time=ALL-UNNAMED -XX:MaxMetaspaceSize=512m -Xmx2048m -Dfile.encoding=windows-1252 -Duser.country=US -Duser.language=en -Duser.variant -javaagent:C:\Users\prath\.gradle\wrapper\dists\gradle-9.3.1-bin\23ovyewtku6u96viwx3xl3oks\gradle-9.3.1\lib\agents\gradle-instrumentation-agent-9.3.1.jar 
java_command: org.gradle.launcher.daemon.bootstrap.GradleDaemon 9.3.1
java_class_path (initial): C:\Users\prath\.gradle\wrapper\dists\gradle-9.3.1-bin\23ovyewtku6u96viwx3xl3oks\gradle-9.3.1\lib\gradle-daemon-main-9.3.1.jar
Launcher Type: SUN_STANDARD

[Global flags]
     intx CICompilerCount                          = 4                                         {product} {ergonomic}
   size_t CompressedClassSpaceSize                 = 436207616                                 {product} {ergonomic}
     uint ConcGCThreads                            = 3                                         {product} {ergonomic}
     uint G1ConcRefinementThreads                  = 10                                        {product} {ergonomic}
   size_t G1HeapRegionSize                         = 1048576                                   {product} {ergonomic}
    uintx GCDrainStackTargetSize                   = 64                                        {product} {ergonomic}
   size_t InitialHeapSize                          = 98566144                                  {product} {ergonomic}
   size_t MarkStackSize                            = 4194304                                   {product} {ergonomic}
   size_t MaxHeapSize                              = 2147483648                                {product} {command line}
   size_t MaxMetaspaceSize                         = 536870912                                 {product} {command line}
   size_t MaxNewSize                               = 1287651328                                {product} {ergonomic}
   size_t MinHeapDeltaBytes                        = 1048576                                   {product} {ergonomic}
   size_t MinHeapSize                              = 8388608                                   {product} {ergonomic}
    uintx NonNMethodCodeHeapSize                   = 5839372                                {pd product} {ergonomic}
    uintx NonProfiledCodeHeapSize                  = 122909434                              {pd product} {ergonomic}
    uintx ProfiledCodeHeapSize                     = 122909434                              {pd product} {ergonomic}
    uintx ReservedCodeCacheSize                    = 251658240                              {pd product} {ergonomic}
     bool SegmentedCodeCache                       = true                                      {product} {ergonomic}
   size_t SoftMaxHeapSize                          = 2147483648                             {manageable} {ergonomic}
     bool UseCompressedClassPointers               = true                           {product lp64_product} {ergonomic}
     bool UseCompressedOops                        = true                           {product lp64_product} {ergonomic}
     bool UseG1GC                                  = true                                      {product} {ergonomic}
     bool UseLargePagesIndividualAllocation        = false                                  {pd product} {ergonomic}

Logging:
Log output configuration:
 #0: stdout all=warning uptime,level,tags
 #1: stderr all=off uptime,level,tags

Environment Variables:
JAVA_HOME=C:\Program Files\Microsoft\jdk-17.0.19.10-hotspot
CLASSPATH=.;D:\Training\java\mysql-connector-j-9.5.0.jar
PATH=D:\Training\project-a\ottapp\node_modules\.bin;D:\Training\project-a\ottapp\node_modules\.bin;D:\Training\project-a\node_modules\.bin;D:\Training\node_modules\.bin;D:\node_modules\.bin;C:\Users\prath\AppData\Local\nvm\v20.20.2\node_modules\npm\node_modules\@npmcli\run-script\lib\node-gyp-bin;C:\Users\prath\AppData\Local\Android\Sdk;C:\Users\prath\AppData\Local\Android\Sdk\platform-tools;C:\Users\prath\AppData\Local\Android\Sdk\emulator;C:\Program Files\Microsoft\jdk-17.0.19.10-hotspot\bin;C:\Windows\Microsoft.NET\Framework64\v4.0.30319;C:\Program Files (x86)\SQlite;C:\Program Files\MySQL\MySQL Server 8.0\bin;C:\Program Files\VideoLAN\VLC\;D:\Users\prath\AppData\Roaming\Python\Python311\Scripts;C:\Program Files\Python311\Scripts\;C:\Program Files\Python311\;C:\Program Files\Common Files\Oracle\Java\javapath;C:\WINDOWS\system32;C:\WINDOWS;C:\WINDOWS\System32\Wbem;C:\WINDOWS\System32\WindowsPowerShell\v1.0\;C:\WINDOWS\System32\OpenSSH\;C:\Program Files\Java\jdk-18.0.2.1\bin;C:\Program Files\Microsoft SQL Server\140\Tools\Binn\;C:\Program Files\Git\cmd;C:\Program Files\Microsoft SQL Server\150\Tools\Binn\;C:\Program Files\Microsoft SQL Server\Client SDK\ODBC\170\Tools\Binn\;C:\Program Files\dotnet\;C:\Users\prath\AppData\Roaming\Python\Python311\Scripts;C:\Program Files\WireGuard\;C:\Program Files\CodeBlocks\MinGW\bin;C:\Program Files\mysql-connector\mysql-connector-j-9.5.0\mysql-connector-j-9.5.0.jar;C:\Program Files\PostgreSQL\13\bin;C:\Program Files\PostgreSQL\18\bin;C:\Users\prath\AppData\Local\nvm;C:\nvm4w\nodejs;C:\ProgramData\chocolatey\bin;C:\Program Files\nodejs\;C:\Users\prath\AppData\Local\Android\Sdk\platform-tools;C:\Users\prath\AppData\Local\Android\Sdk\emulator;C:\Program Files\Microsoft\jdk-17.0.19.10-hotspot\bin;C:\Users\prath\AppData\Local\Android\Sdk\platform-tools;C:\Users\prath\AppData\Local\Android\Sdk\emulator;C:\Users\prath\AppData\Local\Android\Sdk;C:\Users\prath\AppData\Local\Microsoft\WindowsApps;C:\Users\prath\.dotnet\tools;C:\Users\prath\AppData\Local\Programs\Microsoft VS Code\bin;C:\Users\prath\AppData\Local\Microsoft\GitHubDesktop\bin;C:\Users\prath\AppData\Local\GitHubDesktop\bin;C:\Users\prath\AppData\Local\Programs\Hyper\resources\bin;C:\Program Files\sf\bin;C:\Program Files\Common Files\Oracle\Java\javapath\sf\bin;C:\Users\prath\Downloads\flutter\bin;C:\Users\prath\AppData\Local\nvm;C:\nvm4w\nodejs;C:\Users\prath\AppData\Roaming\npm;
USERNAME=prath
OS=Windows_NT
PROCESSOR_IDENTIFIER=AMD64 Family 23 Model 104 Stepping 1, AuthenticAMD
TMP=C:\Users\prath\AppData\Local\Temp
TEMP=C:\Users\prath\AppData\Local\Temp



Periodic native trim disabled


---------------  S Y S T E M  ---------------

OS:
 Windows 11 , 64 bit Build 26100 (10.0.26100.8737)
OS uptime: 0 days 9:15 hours
Hyper-V role detected

CPU: total 12 (initial active 12) (12 cores per cpu, 2 threads per core) family 23 model 104 stepping 1 microcode 0x8608103, cx8, cmov, fxsr, ht, mmx, 3dnowpref, sse, sse2, sse3, ssse3, sse4a, sse4.1, sse4.2, popcnt, lzcnt, tsc, tscinvbit, avx, avx2, aes, clmul, bmi1, bmi2, adx, sha, fma, vzeroupper, clflush, clflushopt, hv
Processor Information for the first 12 processors :
  Max Mhz: 2100, Current Mhz: 1988, Mhz Limit: 2100

Memory: 4k page, system-wide physical 5989M (115M free)
TotalPageFile size 24421M (AvailPageFile size 13M)
current process WorkingSet (physical memory assigned to process): 244M, peak: 259M
current process commit charge ("private bytes"): 346M, peak: 363M

vm_info: OpenJDK 64-Bit Server VM (17.0.19+10-LTS) for windows-amd64 JRE (17.0.19+10-LTS), built on Apr 18 2026 18:24:40 by "MicrosoftCorporation" with MS VC++ 17.14 (VS2022)

END.
